#
# A fatal error has been detected by the Java Runtime Environment:
#
#  SIGSEGV (0xb) at pc=0x00007f1e420bcac1, pid=21365, tid=0x00007f1df98e9700
#
# JRE version: Java(TM) SE Runtime Environment (8.0_171-b11) (build 1.8.0_171-b11)
# Java VM: Java HotSpot(TM) 64-Bit Server VM (25.171-b11 mixed mode linux-amd64 compressed oops)
# Problematic frame:
# J 9804 C1 org.codehaus.groovy.runtime.callsite.AbstractCallSite.call(Ljava/lang/Object;Ljava/lang/Object;Ljava/lang/Object;Ljava/lang/Object;Ljava/lang/Object;)Ljava/lang/Object; (50 bytes) @ 0x00007f1e420bcac1 [0x00007f1e420bc920+0x1a1]
#
# Failed to write core dump. Core dumps have been disabled. To enable core dumping, try "ulimit -c unlimited" before starting Java again
#
# If you would like to submit a bug report, please visit:
#   http://bugreport.java.com/bugreport/crash.jsp
#

---------------  T H R E A D  ---------------

Current thread (0x00007f1e517e2800):  JavaThread "http-nio-8080-exec-2" daemon [_thread_in_Java, id=21407, stack(0x00007f1df97e9000,0x00007f1df98ea000)]

siginfo: si_signo: 11 (SIGSEGV), si_code: 1 (SEGV_MAPERR), si_addr: 0x0000000000000028

Registers:
RAX=0x00000000f8405bb8, RBX=0x0000000000000028, RCX=0x00007f1e40223000, RDX=0x00000000f8405bcc
RSP=0x00007f1df98de000, RBP=0x00007f1df98de100, RSI=0x0000000100000f28, RDI=0x0000000000000000
R8 =0x00007f1e517e2800, R9 =0x0000000000000000, R10=0x00000000d1c9e990, R11=0x0000000000001fa0
R12=0x0000000000000000, R13=0x00000000d413d500, R14=0x00000000d1c9e990, R15=0x00007f1e517e2800
RIP=0x00007f1e420bcac1, EFLAGS=0x0000000000010297, CSGSFS=0x002b000000000033, ERR=0x0000000000000004
  TRAPNO=0x000000000000000e

Top of Stack: (sp=0x00007f1df98de000)
0x00007f1df98de000:   00007f1df98de0b0 00007f1dbfdeb028
0x00007f1df98de010:   00007f1dbfdeb028 00007f1dbfdef020
0x00007f1df98de020:   00007f1e517e2800 00007f1df98de0b0
0x00007f1df98de030:   00007f1e517e2800 00007f1e517e2800
0x00007f1df98de040:   00007f1dbfdeb028 00000000000000b9
0x00007f1df98de050:   0000000000000000 00007f1dbfdeefe0
0x00007f1df98de060:   00000000f7447038 00007f1e517e2800
0x00007f1df98de070:   00007f1df98de100 00007f1e40dec114
0x00007f1df98de080:   00007f1dbfdeefdb 00007f1e40dec114
0x00007f1df98de090:   0000000000001fa0 0000000000000000
0x00007f1df98de0a0:   00007f1e517e2800 00000000d1c9e990
0x00007f1df98de0b0:   00000000d413d500 00000000f7447038
0x00007f1df98de0c0:   00007f1df98de0c0 00007f1dbfdeefe0
0x00007f1df98de0d0:   00007f1df98de128 00007f1dbfa02028
0x00007f1df98de0e0:   0000000000000000 00007f1dbfdef020
0x00007f1df98de0f0:   00007f1df98de090 00007f1df98de118
0x00007f1df98de100:   00007f1df98de170 00007f1e40dec040
0x00007f1df98de110:   00000000f7446a98 0000000000001fa0
0x00007f1df98de120:   0000000000000000 00007f1e517e2800
0x00007f1df98de130:   00007f1df98de130 00007f1dbfde25b4
0x00007f1df98de140:   00007f1df98de1a0 00007f1dbfa00028
0x00007f1df98de150:   0000000000000000 00007f1dbfde25b8
0x00007f1df98de160:   00007f1df98de118 00007f1df98de180
0x00007f1df98de170:   00007f1df98de1e8 00007f1e40dec114
0x00007f1df98de180:   0000000000001fa0 0000000000000000
0x00007f1df98de190:   00007f1e517e2800 0000000000000000
0x00007f1df98de1a0:   00000000f7407e40 00007f1df98de1a8
0x00007f1df98de1b0:   00007f1dfb861a61 00007f1df98de210
0x00007f1df98de1c0:   00007f1dfae6a160 0000000000000000
0x00007f1df98de1d0:   00007f1dfb861ac0 00007f1df98de180
0x00007f1df98de1e0:   00007f1df98de200 00007f1df98de260
0x00007f1df98de1f0:   00007f1e40de47a7 0000000000000000 

Instructions: (pc=0x00007f1e420bcac1)
0x00007f1e420bcaa1:   08 48 c1 e6 03 41 8b 78 08 48 c1 e7 03 48 8b b6
0x00007f1e420bcab1:   e8 00 00 00 48 3b fe 0f 84 28 00 00 00 8b 5e 0c
0x00007f1e420bcac1:   48 3b 34 1f 0f 84 1b 00 00 00 83 fb 18 0f 85 41
0x00007f1e420bcad1:   01 00 00 57 56 e8 85 6e e2 fe 5f 5e 83 fe 00 0f 

Register to memory mapping:

RAX=0x00000000f8405bb8 is an oop
[Ljava.lang.Object; 
 - klass: 'java/lang/Object'[]
 - length: 4
RBX=0x0000000000000028 is an unknown value
RCX=0x00007f1e40223000 is an unknown value
RDX=0x00000000f8405bcc is an unknown value
RSP=0x00007f1df98de000 is pointing into the stack for thread: 0x00007f1e517e2800
RBP=0x00007f1df98de100 is pointing into the stack for thread: 0x00007f1e517e2800
RSI=0x0000000100000f28 is pointing into metadata
RDI=0x0000000000000000 is an unknown value
R8 =0x00007f1e517e2800 is a thread
R9 =0x0000000000000000 is an unknown value
R10=0x00000000d1c9e990 is an oop
java.lang.Class 
 - klass: 'java/lang/Class'
R11=0x0000000000001fa0 is an unknown value
R12=0x0000000000000000 is an unknown value
R13=0x00000000d413d500 is an oop
java.lang.Class 
 - klass: 'java/lang/Class'
R14=0x00000000d1c9e990 is an oop
java.lang.Class 
 - klass: 'java/lang/Class'
R15=0x00007f1e517e2800 is a thread


Stack: [0x00007f1df97e9000,0x00007f1df98ea000],  sp=0x00007f1df98de000,  free space=980k
Native frames: (J=compiled Java code, j=interpreted, Vv=VM code, C=native code)
J 9804 C1 org.codehaus.groovy.runtime.callsite.AbstractCallSite.call(Ljava/lang/Object;Ljava/lang/Object;Ljava/lang/Object;Ljava/lang/Object;Ljava/lang/Object;)Ljava/lang/Object; (50 bytes) @ 0x00007f1e420bcac1 [0x00007f1e420bc920+0x1a1]
j  test.project.BaseRate$$ERbA97Zw.executeQuery(Ljava/lang/CharSequence;Ljava/util/Collection;Ljava/util/Map;)Ljava/util/List;+16
j  test.project.BaseRate$$DRbA97Zw.executeQuery(Ltest/project/BaseRate;Ljava/lang/CharSequence;Ljava/util/Collection;Ljava/util/Map;)Ljava/util/List;+4
j  test.project.BaseRate.executeQuery(Ljava/lang/CharSequence;Ljava/util/Collection;Ljava/util/Map;)Ljava/util/List;+25
v  ~StubRoutines::call_stub
V  [libjvm.so+0x695b96]  JavaCalls::call_helper(JavaValue*, methodHandle*, JavaCallArguments*, Thread*)+0x1056
V  [libjvm.so+0x9a4677]  Reflection::invoke(instanceKlassHandle, methodHandle, Handle, bool, objArrayHandle, BasicType, objArrayHandle, bool, Thread*)+0x5d7
V  [libjvm.so+0x9a7d87]  Reflection::invoke_method(oopDesc*, Handle, objArrayHandle, Thread*)+0x147
V  [libjvm.so+0x727d4b]  JVM_InvokeMethod+0x26b
J 2025  sun.reflect.NativeMethodAccessorImpl.invoke0(Ljava/lang/reflect/Method;Ljava/lang/Object;[Ljava/lang/Object;)Ljava/lang/Object; (0 bytes) @ 0x00007f1e413728ed [0x00007f1e41372800+0xed]
J 2024 C1 sun.reflect.NativeMethodAccessorImpl.invoke(Ljava/lang/Object;[Ljava/lang/Object;)Ljava/lang/Object; (104 bytes) @ 0x00007f1e41372f94 [0x00007f1e41372c20+0x374]
J 791 C1 sun.reflect.DelegatingMethodAccessorImpl.invoke(Ljava/lang/Object;[Ljava/lang/Object;)Ljava/lang/Object; (10 bytes) @ 0x00007f1e41173484 [0x00007f1e41173440+0x44]
J 790 C1 java.lang.reflect.Method.invoke(Ljava/lang/Object;[Ljava/lang/Object;)Ljava/lang/Object; (62 bytes) @ 0x00007f1e41173094 [0x00007f1e41172fa0+0xf4]
J 1888 C1 org.springsource.loaded.ri.ReflectiveInterceptor.jlrMethodInvoke(Ljava/lang/reflect/Method;Ljava/lang/Object;[Ljava/lang/Object;)Ljava/lang/Object; (2214 bytes) @ 0x00007f1e41335314 [0x00007f1e41333ce0+0x1634]
J 3537 C1 org.codehaus.groovy.reflection.CachedMethod.invoke(Ljava/lang/Object;[Ljava/lang/Object;)Ljava/lang/Object; (70 bytes) @ 0x00007f1e416bd634 [0x00007f1e416bd600+0x34]
J 1903 C1 groovy.lang.MetaMethod.doMethodInvoke(Ljava/lang/Object;[Ljava/lang/Object;)Ljava/lang/Object; (22 bytes) @ 0x00007f1e41347954 [0x00007f1e413478e0+0x74]
J 4039 C1 org.codehaus.groovy.runtime.metaclass.MethodMetaProperty$GetBeanMethodMetaProperty.getProperty(Ljava/lang/Object;)Ljava/lang/Object; (12 bytes) @ 0x00007f1e417b030c [0x00007f1e417b02c0+0x4c]
j  org.codehaus.groovy.runtime.callsite.GetEffectivePogoPropertySite.getProperty(Ljava/lang/Object;)Ljava/lang/Object;+5
J 3557 C1 org.codehaus.groovy.runtime.callsite.AbstractCallSite.callGetProperty(Ljava/lang/Object;)Ljava/lang/Object; (12 bytes) @ 0x00007f1e416c6ba4 [0x00007f1e416c6b40+0x64]
j  grails.plugin.formfields.FormFieldsTagLib.displayAssociation(Ljava/lang/Object;Lorg/grails/datastore/mapping/model/PersistentEntity;)Ljava/lang/CharSequence;+93
j  sun.reflect.GeneratedMethodAccessor497.invoke(Ljava/lang/Object;[Ljava/lang/Object;)Ljava/lang/Object;+48
J 791 C1 sun.reflect.DelegatingMethodAccessorImpl.invoke(Ljava/lang/Object;[Ljava/lang/Object;)Ljava/lang/Object; (10 bytes) @ 0x00007f1e41173484 [0x00007f1e41173440+0x44]
J 790 C1 java.lang.reflect.Method.invoke(Ljava/lang/Object;[Ljava/lang/Object;)Ljava/lang/Object; (62 bytes) @ 0x00007f1e41173094 [0x00007f1e41172fa0+0xf4]
J 1888 C1 org.springsource.loaded.ri.ReflectiveInterceptor.jlrMethodInvoke(Ljava/lang/reflect/Method;Ljava/lang/Object;[Ljava/lang/Object;)Ljava/lang/Object; (2214 bytes) @ 0x00007f1e41335464 [0x00007f1e41333ce0+0x1784]
J 6364 C1 org.codehaus.groovy.runtime.callsite.PogoMetaMethodSite$PogoCachedMethodSiteNoUnwrapNoCoerce.invoke(Ljava/lang/Object;[Ljava/lang/Object;)Ljava/lang/Object; (37 bytes) @ 0x00007f1e41bd3b54 [0x00007f1e41bd3b20+0x34]
J 6461 C1 org.codehaus.groovy.runtime.callsite.PogoMetaMethodSite.callCurrent(Lgroovy/lang/GroovyObject;[Ljava/lang/Object;)Ljava/lang/Object; (29 bytes) @ 0x00007f1e41bf2bbc [0x00007f1e41bf2b00+0xbc]
J 6900 C1 org.codehaus.groovy.runtime.callsite.AbstractCallSite.callCurrent(Lgroovy/lang/GroovyObject;Ljava/lang/Object;Ljava/lang/Object;)Ljava/lang/Object; (42 bytes) @ 0x00007f1e41d1fe44 [0x00007f1e41d1fc60+0x1e4]
j  grails.plugin.formfields.FormFieldsTagLib.renderDefaultDisplay(Ljava/util/Map;Ljava/util/Map;Ljava/lang/String;Ljava/lang/String;)Ljava/lang/CharSequence;+288
j  sun.reflect.GeneratedMethodAccessor476.invoke(Ljava/lang/Object;[Ljava/lang/Object;)Ljava/lang/Object;+64
J 791 C1 sun.reflect.DelegatingMethodAccessorImpl.invoke(Ljava/lang/Object;[Ljava/lang/Object;)Ljava/lang/Object; (10 bytes) @ 0x00007f1e41173484 [0x00007f1e41173440+0x44]
J 790 C1 java.lang.reflect.Method.invoke(Ljava/lang/Object;[Ljava/lang/Object;)Ljava/lang/Object; (62 bytes) @ 0x00007f1e41173094 [0x00007f1e41172fa0+0xf4]
J 1888 C1 org.springsource.loaded.ri.ReflectiveInterceptor.jlrMethodInvoke(Ljava/lang/reflect/Method;Ljava/lang/Object;[Ljava/lang/Object;)Ljava/lang/Object; (2214 bytes) @ 0x00007f1e41335464 [0x00007f1e41333ce0+0x1784]
J 6364 C1 org.codehaus.groovy.runtime.callsite.PogoMetaMethodSite$PogoCachedMethodSiteNoUnwrapNoCoerce.invoke(Ljava/lang/Object;[Ljava/lang/Object;)Ljava/lang/Object; (37 bytes) @ 0x00007f1e41bd3b54 [0x00007f1e41bd3b20+0x34]
J 6461 C1 org.codehaus.groovy.runtime.callsite.PogoMetaMethodSite.callCurrent(Lgroovy/lang/GroovyObject;[Ljava/lang/Object;)Ljava/lang/Object; (29 bytes) @ 0x00007f1e41bf2bbc [0x00007f1e41bf2b00+0xbc]
J 7518 C1 org.codehaus.groovy.runtime.callsite.AbstractCallSite.callCurrent(Lgroovy/lang/GroovyObject;Ljava/lang/Object;Ljava/lang/Object;Ljava/lang/Object;Ljava/lang/Object;)Ljava/lang/Object; (50 bytes) @ 0x00007f1e41e5e794 [0x00007f1e41e5e4e0+0x2b4]
j  grails.plugin.formfields.FormFieldsTagLib.renderDisplayWidget(Lgrails/plugin/formfields/BeanPropertyAccessor;Ljava/util/Map;Ljava/util/Map;Ljava/lang/String;Ljava/lang/String;)Ljava/lang/CharSequence;+394
j  sun.reflect.GeneratedMethodAccessor436.invoke(Ljava/lang/Object;[Ljava/lang/Object;)Ljava/lang/Object;+72
J 791 C1 sun.reflect.DelegatingMethodAccessorImpl.invoke(Ljava/lang/Object;[Ljava/lang/Object;)Ljava/lang/Object; (10 bytes) @ 0x00007f1e41173484 [0x00007f1e41173440+0x44]
J 790 C1 java.lang.reflect.Method.invoke(Ljava/lang/Object;[Ljava/lang/Object;)Ljava/lang/Object; (62 bytes) @ 0x00007f1e41173094 [0x00007f1e41172fa0+0xf4]
J 1888 C1 org.springsource.loaded.ri.ReflectiveInterceptor.jlrMethodInvoke(Ljava/lang/reflect/Method;Ljava/lang/Object;[Ljava/lang/Object;)Ljava/lang/Object; (2214 bytes) @ 0x00007f1e41335464 [0x00007f1e41333ce0+0x1784]
J 3537 C1 org.codehaus.groovy.reflection.CachedMethod.invoke(Ljava/lang/Object;[Ljava/lang/Object;)Ljava/lang/Object; (70 bytes) @ 0x00007f1e416bd634 [0x00007f1e416bd600+0x34]
J 1903 C1 groovy.lang.MetaMethod.doMethodInvoke(Ljava/lang/Object;[Ljava/lang/Object;)Ljava/lang/Object; (22 bytes) @ 0x00007f1e41347954 [0x00007f1e413478e0+0x74]
J 3452 C1 org.codehaus.groovy.runtime.metaclass.ClosureMetaClass.invokeMethod(Ljava/lang/Class;Ljava/lang/Object;Ljava/lang/String;[Ljava/lang/Object;ZZ)Ljava/lang/Object; (872 bytes) @ 0x00007f1e4167bac4 [0x00007f1e4167a920+0x11a4]
J 1887 C1 groovy.lang.MetaClassImpl.invokeMethod(Ljava/lang/Object;Ljava/lang/String;[Ljava/lang/Object;)Ljava/lang/Object; (14 bytes) @ 0x00007f1e41332c5c [0x00007f1e41332c00+0x5c]
J 6638 C1 org.codehaus.groovy.runtime.callsite.PogoMetaClassSite.callCurrent(Lgroovy/lang/GroovyObject;[Ljava/lang/Object;)Ljava/lang/Object; (92 bytes) @ 0x00007f1e41c70c0c [0x00007f1e41c70b00+0x10c]
j  grails.plugin.formfields.FormFieldsTagLib$_closure8.doCall(Ljava/lang/Object;Ljava/lang/Object;)Ljava/lang/Object;+999
j  sun.reflect.GeneratedMethodAccessor473.invoke(Ljava/lang/Object;[Ljava/lang/Object;)Ljava/lang/Object;+48
J 791 C1 sun.reflect.DelegatingMethodAccessorImpl.invoke(Ljava/lang/Object;[Ljava/lang/Object;)Ljava/lang/Object; (10 bytes) @ 0x00007f1e41173484 [0x00007f1e41173440+0x44]
J 790 C1 java.lang.reflect.Method.invoke(Ljava/lang/Object;[Ljava/lang/Object;)Ljava/lang/Object; (62 bytes) @ 0x00007f1e41173094 [0x00007f1e41172fa0+0xf4]
J 1888 C1 org.springsource.loaded.ri.ReflectiveInterceptor.jlrMethodInvoke(Ljava/lang/reflect/Method;Ljava/lang/Object;[Ljava/lang/Object;)Ljava/lang/Object; (2214 bytes) @ 0x00007f1e41335464 [0x00007f1e41333ce0+0x1784]
J 3537 C1 org.codehaus.groovy.reflection.CachedMethod.invoke(Ljava/lang/Object;[Ljava/lang/Object;)Ljava/lang/Object; (70 bytes) @ 0x00007f1e416bd634 [0x00007f1e416bd600+0x34]
J 1903 C1 groovy.lang.MetaMethod.doMethodInvoke(Ljava/lang/Object;[Ljava/lang/Object;)Ljava/lang/Object; (22 bytes) @ 0x00007f1e41347954 [0x00007f1e413478e0+0x74]
J 3452 C1 org.codehaus.groovy.runtime.metaclass.ClosureMetaClass.invokeMethod(Ljava/lang/Class;Ljava/lang/Object;Ljava/lang/String;[Ljava/lang/Object;ZZ)Ljava/lang/Object; (872 bytes) @ 0x00007f1e4167bafc [0x00007f1e4167a920+0x11dc]
J 1887 C1 groovy.lang.MetaClassImpl.invokeMethod(Ljava/lang/Object;Ljava/lang/String;[Ljava/lang/Object;)Ljava/lang/Object; (14 bytes) @ 0x00007f1e41332c5c [0x00007f1e41332c00+0x5c]
J 4075 C1 groovy.lang.Closure.call([Ljava/lang/Object;)Ljava/lang/Object; (30 bytes) @ 0x00007f1e417bd5bc [0x00007f1e417bd540+0x7c]
J 7956 C1 org.grails.gsp.GroovyPage.invokeTagLibClosure(Ljava/lang/String;Ljava/lang/String;Lgroovy/lang/Closure;Ljava/util/Map;Lgroovy/lang/Closure;ZLjava/util/Map;)V (239 bytes) @ 0x00007f1e41f6876c [0x00007f1e41f68120+0x64c]
J 7529 C1 org.grails.gsp.GroovyPage.invokeTag(Ljava/lang/String;Ljava/lang/String;ILjava/util/Map;I)V (791 bytes) @ 0x00007f1e41e66094 [0x00007f1e41e65680+0xa14]
J 9844 C1 org.grails.gsp.GroovyPage$invokeTag$4.callCurrent(Lgroovy/lang/GroovyObject;[Ljava/lang/Object;)Ljava/lang/Object; (59 bytes) @ 0x00007f1e4234c934 [0x00007f1e4234c6c0+0x274]
j  gsp_fields_templates__fields_table_gsp.run()Ljava/lang/Object;+965
j  org.grails.gsp.GroovyPageWritable.doWriteTo(Lorg/grails/taglib/encoder/OutputContext;Ljava/io/Writer;)Ljava/io/Writer;+373
j  org.grails.gsp.GroovyPageWritable.writeTo(Ljava/io/Writer;)Ljava/io/Writer;+13
j  org.grails.web.gsp.GroovyPagesTemplateRenderer.makeTemplate(Lorg/grails/web/servlet/mvc/GrailsWebRequest;Lgroovy/text/Template;Ljava/util/Map;Ljava/lang/Object;Ljava/io/Writer;)V+326
j  org.grails.web.gsp.GroovyPagesTemplateRenderer.render(Lorg/grails/web/servlet/mvc/GrailsWebRequest;Lorg/grails/taglib/TemplateVariableBinding;Ljava/util/Map;Ljava/lang/Object;Ljava/io/Writer;)V+162
j  org.grails.plugins.web.taglib.RenderTagLib$_closure7.doCall(Ljava/util/Map;Ljava/lang/Object;)Ljava/lang/Object;+74
j  sun.reflect.GeneratedMethodAccessor333.invoke(Ljava/lang/Object;[Ljava/lang/Object;)Ljava/lang/Object;+48
J 791 C1 sun.reflect.DelegatingMethodAccessorImpl.invoke(Ljava/lang/Object;[Ljava/lang/Object;)Ljava/lang/Object; (10 bytes) @ 0x00007f1e41173484 [0x00007f1e41173440+0x44]
J 790 C1 java.lang.reflect.Method.invoke(Ljava/lang/Object;[Ljava/lang/Object;)Ljava/lang/Object; (62 bytes) @ 0x00007f1e41173094 [0x00007f1e41172fa0+0xf4]
J 1888 C1 org.springsource.loaded.ri.ReflectiveInterceptor.jlrMethodInvoke(Ljava/lang/reflect/Method;Ljava/lang/Object;[Ljava/lang/Object;)Ljava/lang/Object; (2214 bytes) @ 0x00007f1e41335464 [0x00007f1e41333ce0+0x1784]
J 3537 C1 org.codehaus.groovy.reflection.CachedMethod.invoke(Ljava/lang/Object;[Ljava/lang/Object;)Ljava/lang/Object; (70 bytes) @ 0x00007f1e416bd634 [0x00007f1e416bd600+0x34]
J 1903 C1 groovy.lang.MetaMethod.doMethodInvoke(Ljava/lang/Object;[Ljava/lang/Object;)Ljava/lang/Object; (22 bytes) @ 0x00007f1e41347954 [0x00007f1e413478e0+0x74]
J 3452 C1 org.codehaus.groovy.runtime.metaclass.ClosureMetaClass.invokeMethod(Ljava/lang/Class;Ljava/lang/Object;Ljava/lang/String;[Ljava/lang/Object;ZZ)Ljava/lang/Object; (872 bytes) @ 0x00007f1e4167bafc [0x00007f1e4167a920+0x11dc]
J 1887 C1 groovy.lang.MetaClassImpl.invokeMethod(Ljava/lang/Object;Ljava/lang/String;[Ljava/lang/Object;)Ljava/lang/Object; (14 bytes) @ 0x00007f1e41332c5c [0x00007f1e41332c00+0x5c]
J 4075 C1 groovy.lang.Closure.call([Ljava/lang/Object;)Ljava/lang/Object; (30 bytes) @ 0x00007f1e417bd5bc [0x00007f1e417bd540+0x7c]
J 7915 C1 org.grails.taglib.TagOutput.captureTagOutput(Lorg/grails/taglib/TagLibraryLookup;Ljava/lang/String;Ljava/lang/String;Ljava/util/Map;Ljava/lang/Object;Lorg/grails/taglib/encoder/OutputContext;)Ljava/lang/Object; (558 bytes) @ 0x00007f1e41f46414 [0x00007f1e41f455e0+0xe34]
J 9356 C1 org.grails.taglib.TagLibraryMetaUtils$_registerMethodMissingForTags_closure3.doCall(Ljava/util/Map;)Ljava/lang/Object; (52 bytes) @ 0x00007f1e422c56d4 [0x00007f1e422c5540+0x194]
J 8445 C1 sun.reflect.GeneratedMethodAccessor143.invoke(Ljava/lang/Object;[Ljava/lang/Object;)Ljava/lang/Object; (65 bytes) @ 0x00007f1e4209a774 [0x00007f1e4209a6a0+0xd4]
J 791 C1 sun.reflect.DelegatingMethodAccessorImpl.invoke(Ljava/lang/Object;[Ljava/lang/Object;)Ljava/lang/Object; (10 bytes) @ 0x00007f1e41173484 [0x00007f1e41173440+0x44]
J 790 C1 java.lang.reflect.Method.invoke(Ljava/lang/Object;[Ljava/lang/Object;)Ljava/lang/Object; (62 bytes) @ 0x00007f1e41173094 [0x00007f1e41172fa0+0xf4]
J 1888 C1 org.springsource.loaded.ri.ReflectiveInterceptor.jlrMethodInvoke(Ljava/lang/reflect/Method;Ljava/lang/Object;[Ljava/lang/Object;)Ljava/lang/Object; (2214 bytes) @ 0x00007f1e41335464 [0x00007f1e41333ce0+0x1784]
J 3537 C1 org.codehaus.groovy.reflection.CachedMethod.invoke(Ljava/lang/Object;[Ljava/lang/Object;)Ljava/lang/Object; (70 bytes) @ 0x00007f1e416bd634 [0x00007f1e416bd600+0x34]
J 8224 C1 org.codehaus.groovy.runtime.metaclass.ClosureMetaMethod.invoke(Ljava/lang/Object;[Ljava/lang/Object;)Ljava/lang/Object; (32 bytes) @ 0x00007f1e41ff356c [0x00007f1e41ff34a0+0xcc]
J 1903 C1 groovy.lang.MetaMethod.doMethodInvoke(Ljava/lang/Object;[Ljava/lang/Object;)Ljava/lang/Object; (22 bytes) @ 0x00007f1e41347954 [0x00007f1e413478e0+0x74]
J 3452 C1 org.codehaus.groovy.runtime.metaclass.ClosureMetaClass.invokeMethod(Ljava/lang/Class;Ljava/lang/Object;Ljava/lang/String;[Ljava/lang/Object;ZZ)Ljava/lang/Object; (872 bytes) @ 0x00007f1e4167bac4 [0x00007f1e4167a920+0x11a4]
J 1887 C1 groovy.lang.MetaClassImpl.invokeMethod(Ljava/lang/Object;Ljava/lang/String;[Ljava/lang/Object;)Ljava/lang/Object; (14 bytes) @ 0x00007f1e41332c5c [0x00007f1e41332c00+0x5c]
J 6638 C1 org.codehaus.groovy.runtime.callsite.PogoMetaClassSite.callCurrent(Lgroovy/lang/GroovyObject;[Ljava/lang/Object;)Ljava/lang/Object; (92 bytes) @ 0x00007f1e41c70c0c [0x00007f1e41c70b00+0x10c]
J 6380 C1 org.codehaus.groovy.runtime.callsite.AbstractCallSite.callCurrent(Lgroovy/lang/GroovyObject;Ljava/lang/Object;)Ljava/lang/Object; (37 bytes) @ 0x00007f1e41bda9a4 [0x00007f1e41bda820+0x184]
j  grails.plugin.formfields.FormFieldsTagLib$_closure4.doCall(Ljava/lang/Object;Ljava/lang/Object;)Ljava/lang/Object;+645
v  ~StubRoutines::call_stub
V  [libjvm.so+0x695b96]  JavaCalls::call_helper(JavaValue*, methodHandle*, JavaCallArguments*, Thread*)+0x1056
V  [libjvm.so+0x9a4677]  Reflection::invoke(instanceKlassHandle, methodHandle, Handle, bool, objArrayHandle, BasicType, objArrayHandle, bool, Thread*)+0x5d7
V  [libjvm.so+0x9a7d87]  Reflection::invoke_method(oopDesc*, Handle, objArrayHandle, Thread*)+0x147
V  [libjvm.so+0x727d4b]  JVM_InvokeMethod+0x26b
J 2025  sun.reflect.NativeMethodAccessorImpl.invoke0(Ljava/lang/reflect/Method;Ljava/lang/Object;[Ljava/lang/Object;)Ljava/lang/Object; (0 bytes) @ 0x00007f1e413728ed [0x00007f1e41372800+0xed]
J 2024 C1 sun.reflect.NativeMethodAccessorImpl.invoke(Ljava/lang/Object;[Ljava/lang/Object;)Ljava/lang/Object; (104 bytes) @ 0x00007f1e41372f94 [0x00007f1e41372c20+0x374]
J 791 C1 sun.reflect.DelegatingMethodAccessorImpl.invoke(Ljava/lang/Object;[Ljava/lang/Object;)Ljava/lang/Object; (10 bytes) @ 0x00007f1e41173484 [0x00007f1e41173440+0x44]
J 790 C1 java.lang.reflect.Method.invoke(Ljava/lang/Object;[Ljava/lang/Object;)Ljava/lang/Object; (62 bytes) @ 0x00007f1e41173094 [0x00007f1e41172fa0+0xf4]
J 1888 C1 org.springsource.loaded.ri.ReflectiveInterceptor.jlrMethodInvoke(Ljava/lang/reflect/Method;Ljava/lang/Object;[Ljava/lang/Object;)Ljava/lang/Object; (2214 bytes) @ 0x00007f1e41335464 [0x00007f1e41333ce0+0x1784]
J 3537 C1 org.codehaus.groovy.reflection.CachedMethod.invoke(Ljava/lang/Object;[Ljava/lang/Object;)Ljava/lang/Object; (70 bytes) @ 0x00007f1e416bd634 [0x00007f1e416bd600+0x34]
J 1903 C1 groovy.lang.MetaMethod.doMethodInvoke(Ljava/lang/Object;[Ljava/lang/Object;)Ljava/lang/Object; (22 bytes) @ 0x00007f1e41347954 [0x00007f1e413478e0+0x74]
J 3452 C1 org.codehaus.groovy.runtime.metaclass.ClosureMetaClass.invokeMethod(Ljava/lang/Class;Ljava/lang/Object;Ljava/lang/String;[Ljava/lang/Object;ZZ)Ljava/lang/Object; (872 bytes) @ 0x00007f1e4167bafc [0x00007f1e4167a920+0x11dc]
...<more frames>...


---------------  P R O C E S S  ---------------

Java Threads: ( => current thread )
  0x00007f1e50016000 JavaThread "DestroyJavaVM" [_thread_blocked, id=21367, stack(0x00007f1e56fd4000,0x00007f1e570d5000)]
  0x00007f1e5184b000 JavaThread "Thread-6" daemon [_thread_blocked, id=21422, stack(0x00007f1df86da000,0x00007f1df87db000)]
  0x00007f1e51849800 JavaThread "Thread-8" [_thread_blocked, id=21421, stack(0x00007f1df87db000,0x00007f1df88dc000)]
  0x00007f1e5183b000 JavaThread "Thread-7" daemon [_thread_in_native, id=21420, stack(0x00007f1df8adc000,0x00007f1df8bdd000)]
  0x00007f1e5182c800 JavaThread "http-nio-8080-AsyncTimeout" daemon [_thread_blocked, id=21419, stack(0x00007f1df8bdd000,0x00007f1df8cde000)]
  0x00007f1e5182b000 JavaThread "http-nio-8080-Acceptor-0" daemon [_thread_in_native, id=21418, stack(0x00007f1df8cde000,0x00007f1df8ddf000)]
  0x00007f1e51828800 JavaThread "http-nio-8080-ClientPoller-1" daemon [_thread_in_native, id=21417, stack(0x00007f1df8ddf000,0x00007f1df8ee0000)]
  0x00007f1e5180e000 JavaThread "http-nio-8080-ClientPoller-0" daemon [_thread_in_native, id=21416, stack(0x00007f1df8ee0000,0x00007f1df8fe1000)]
  0x00007f1e517f2000 JavaThread "http-nio-8080-exec-10" daemon [_thread_blocked, id=21415, stack(0x00007f1df8fe1000,0x00007f1df90e2000)]
  0x00007f1e517f0000 JavaThread "http-nio-8080-exec-9" daemon [_thread_blocked, id=21414, stack(0x00007f1df90e2000,0x00007f1df91e3000)]
  0x00007f1e517ee000 JavaThread "http-nio-8080-exec-8" daemon [_thread_blocked, id=21413, stack(0x00007f1df91e3000,0x00007f1df92e4000)]
  0x00007f1e517ec000 JavaThread "http-nio-8080-exec-7" daemon [_thread_blocked, id=21412, stack(0x00007f1df92e4000,0x00007f1df93e5000)]
  0x00007f1e517ea800 JavaThread "http-nio-8080-exec-6" daemon [_thread_blocked, id=21411, stack(0x00007f1df93e5000,0x00007f1df94e6000)]
  0x00007f1e517e8800 JavaThread "http-nio-8080-exec-5" daemon [_thread_blocked, id=21410, stack(0x00007f1df94e6000,0x00007f1df95e7000)]
  0x00007f1e517e6800 JavaThread "http-nio-8080-exec-4" daemon [_thread_blocked, id=21409, stack(0x00007f1df95e7000,0x00007f1df96e8000)]
  0x00007f1e517e4800 JavaThread "http-nio-8080-exec-3" daemon [_thread_blocked, id=21408, stack(0x00007f1df96e8000,0x00007f1df97e9000)]
=>0x00007f1e517e2800 JavaThread "http-nio-8080-exec-2" daemon [_thread_in_Java, id=21407, stack(0x00007f1df97e9000,0x00007f1df98ea000)]
  0x00007f1e517e1000 JavaThread "http-nio-8080-exec-1" daemon [_thread_blocked, id=21406, stack(0x00007f1df98ea000,0x00007f1df99eb000)]
  0x00007f1e517dd000 JavaThread "NioBlockingSelector.BlockPoller-1" daemon [_thread_in_native, id=21405, stack(0x00007f1df99eb000,0x00007f1df9aec000)]
  0x00007f1e5161c000 JavaThread "container-0" [_thread_blocked, id=21404, stack(0x00007f1df9eec000,0x00007f1df9fed000)]
  0x00007f1e51618800 JavaThread "ContainerBackgroundProcessor[StandardEngine[Tomcat]]" daemon [_thread_blocked, id=21403, stack(0x00007f1df9fed000,0x00007f1dfa0ee000)]
  0x00007f1e51211800 JavaThread "Tomcat JDBC Pool Cleaner[414493378:1567650940644]" daemon [_thread_blocked, id=21388, stack(0x00007f1e3c05b000,0x00007f1e3c15c000)]
  0x00007f1e5081b800 JavaThread "FileSystemWatcher: files=#32 cl=sun.misc.Launcher$AppClassLoader@18b4aac2" daemon [_thread_blocked, id=21385, stack(0x00007f1e3c1aa000,0x00007f1e3c2ab000)]
  0x00007f1e5075a000 JavaThread "Service Thread" daemon [_thread_blocked, id=21383, stack(0x00007f1e3c3bf000,0x00007f1e3c4c0000)]
  0x00007f1e50741000 JavaThread "C1 CompilerThread2" daemon [_thread_blocked, id=21382, stack(0x00007f1e3c4c0000,0x00007f1e3c5c1000)]
  0x00007f1e5073f000 JavaThread "C2 CompilerThread1" daemon [_thread_blocked, id=21381, stack(0x00007f1e3c5c1000,0x00007f1e3c6c2000)]
  0x00007f1e50749000 JavaThread "C2 CompilerThread0" daemon [_thread_blocked, id=21380, stack(0x00007f1e3c6c2000,0x00007f1e3c7c3000)]
  0x00007f1e5018a800 JavaThread "Signal Dispatcher" daemon [_thread_blocked, id=21379, stack(0x00007f1e3cb09000,0x00007f1e3cc0a000)]
  0x00007f1e50157800 JavaThread "Finalizer" daemon [_thread_blocked, id=21378, stack(0x00007f1e3cee4000,0x00007f1e3cfe5000)]
  0x00007f1e50153000 JavaThread "Reference Handler" daemon [_thread_blocked, id=21377, stack(0x00007f1e3cfe5000,0x00007f1e3d0e6000)]

Other Threads:
  0x00007f1e5014b000 VMThread [stack: 0x00007f1e3d0e6000,0x00007f1e3d1e7000] [id=21376]
  0x00007f1e5075c800 WatcherThread [stack: 0x00007f1e3c2be000,0x00007f1e3c3bf000] [id=21384]

VM state:not at safepoint (normal execution)

VM Mutex/Monitor currently owned by a thread: None

Heap:
 PSYoungGen      total 216064K, used 166553K [0x00000000f0000000, 0x0000000100000000, 0x0000000100000000)
  eden space 184832K, 73% used [0x00000000f0000000,0x00000000f8458508,0x00000000fb480000)
  from space 31232K, 99% used [0x00000000fb700000,0x00000000fd54def8,0x00000000fd580000)
  to   space 39424K, 0% used [0x00000000fd980000,0x00000000fd980000,0x0000000100000000)
 ParOldGen       total 524288K, used 76659K [0x00000000d0000000, 0x00000000f0000000, 0x00000000f0000000)
  object space 524288K, 14% used [0x00000000d0000000,0x00000000d4adcc60,0x00000000f0000000)
 Metaspace       used 69706K, capacity 74340K, committed 74584K, reserved 1114112K
  class space    used 9455K, capacity 10848K, committed 10880K, reserved 1048576K

Card table byte_map: [0x00007f1e408a3000,0x00007f1e40a24000] byte_map_base: 0x00007f1e40223000

Marking Bits: (ParMarkBitMap*) 0x00007f1e564a4280
 Begin Bits: [0x00007f1e3ec9f000, 0x00007f1e3f89f000)
 End Bits:   [0x00007f1e3f89f000, 0x00007f1e4049f000)

Polling page: 0x00007f1e570f6000

CodeCache: size=245760Kb used=22555Kb max_used=22555Kb free=223204Kb
 bounds [0x00007f1e40de4000, 0x00007f1e423f4000, 0x00007f1e4fde4000]
 total_blobs=10607 nmethods=9831 adapters=688
 compilation: enabled

Compilation events (10 events):
Event: 2279,762 Thread 0x00007f1e50741000 10144       1       grails.plugin.formfields.FormFieldsTagLib::getWebRequest (29 bytes)
Event: 2279,763 Thread 0x00007f1e50741000 nmethod 10144 0x00007f1e423f0b90 code [0x00007f1e423f0d20, 0x00007f1e423f0f08]
Event: 2279,779 Thread 0x00007f1e50741000 10145       1       sun.util.calendar.ZoneInfo::getOffsets (276 bytes)
Event: 2279,780 Thread 0x00007f1e50741000 nmethod 10145 0x00007f1e423f1050 code [0x00007f1e423f1220, 0x00007f1e423f1928]
Event: 2279,780 Thread 0x00007f1e50741000 10146       1       sun.util.calendar.BaseCalendar$Date::hit (14 bytes)
Event: 2279,780 Thread 0x00007f1e50741000 nmethod 10146 0x00007f1e423f2050 code [0x00007f1e423f21a0, 0x00007f1e423f22d0]
Event: 2279,780 Thread 0x00007f1e50741000 10147   !   1       sun.reflect.GeneratedMethodAccessor407::invoke (63 bytes)
Event: 2279,780 Thread 0x00007f1e50741000 nmethod 10147 0x00007f1e423f2350 code [0x00007f1e423f2520, 0x00007f1e423f2a58]
Event: 2279,786 Thread 0x00007f1e50741000 10148       1       org.springsource.loaded.TypeDescriptor::getName (5 bytes)
Event: 2279,786 Thread 0x00007f1e50741000 nmethod 10148 0x00007f1e423f2f50 code [0x00007f1e423f30a0, 0x00007f1e423f31b0]

GC Heap History (10 events):
Event: 632,334 GC heap before
{Heap before GC invocations=30 (full 3):
 PSYoungGen      total 225792K, used 207170K [0x00000000f0000000, 0x0000000100000000, 0x0000000100000000)
  eden space 187904K, 100% used [0x00000000f0000000,0x00000000fb780000,0x00000000fb780000)
  from space 37888K, 50% used [0x00000000fdb00000,0x00000000fedd0af0,0x0000000100000000)
  to   space 36352K, 0% used [0x00000000fb780000,0x00000000fb780000,0x00000000fdb00000)
 ParOldGen       total 524288K, used 76619K [0x00000000d0000000, 0x00000000f0000000, 0x00000000f0000000)
  object space 524288K, 14% used [0x00000000d0000000,0x00000000d4ad2c60,0x00000000f0000000)
 Metaspace       used 65399K, capacity 69092K, committed 69208K, reserved 1107968K
  class space    used 8839K, capacity 10042K, committed 10112K, reserved 1048576K
Event: 632,348 GC heap after
Heap after GC invocations=30 (full 3):
 PSYoungGen      total 224256K, used 20069K [0x00000000f0000000, 0x0000000100000000, 0x0000000100000000)
  eden space 187904K, 0% used [0x00000000f0000000,0x00000000f0000000,0x00000000fb780000)
  from space 36352K, 55% used [0x00000000fb780000,0x00000000fcb194f8,0x00000000fdb00000)
  to   space 35328K, 0% used [0x00000000fdd80000,0x00000000fdd80000,0x0000000100000000)
 ParOldGen       total 524288K, used 76627K [0x00000000d0000000, 0x00000000f0000000, 0x00000000f0000000)
  object space 524288K, 14% used [0x00000000d0000000,0x00000000d4ad4c60,0x00000000f0000000)
 Metaspace       used 65399K, capacity 69092K, committed 69208K, reserved 1107968K
  class space    used 8839K, capacity 10042K, committed 10112K, reserved 1048576K
}
Event: 1583,000 GC heap before
{Heap before GC invocations=31 (full 3):
 PSYoungGen      total 224256K, used 207973K [0x00000000f0000000, 0x0000000100000000, 0x0000000100000000)
  eden space 187904K, 100% used [0x00000000f0000000,0x00000000fb780000,0x00000000fb780000)
  from space 36352K, 55% used [0x00000000fb780000,0x00000000fcb194f8,0x00000000fdb00000)
  to   space 35328K, 0% used [0x00000000fdd80000,0x00000000fdd80000,0x0000000100000000)
 ParOldGen       total 524288K, used 76627K [0x00000000d0000000, 0x00000000f0000000, 0x00000000f0000000)
  object space 524288K, 14% used [0x00000000d0000000,0x00000000d4ad4c60,0x00000000f0000000)
 Metaspace       used 66377K, capacity 70096K, committed 70360K, reserved 1110016K
  class space    used 8964K, capacity 10196K, committed 10240K, reserved 1048576K
Event: 1583,038 GC heap after
Heap after GC invocations=31 (full 3):
 PSYoungGen      total 224768K, used 25814K [0x00000000f0000000, 0x0000000100000000, 0x0000000100000000)
  eden space 189440K, 0% used [0x00000000f0000000,0x00000000f0000000,0x00000000fb900000)
  from space 35328K, 73% used [0x00000000fdd80000,0x00000000ff6b5b68,0x0000000100000000)
  to   space 36352K, 0% used [0x00000000fb900000,0x00000000fb900000,0x00000000fdc80000)
 ParOldGen       total 524288K, used 76635K [0x00000000d0000000, 0x00000000f0000000, 0x00000000f0000000)
  object space 524288K, 14% used [0x00000000d0000000,0x00000000d4ad6c60,0x00000000f0000000)
 Metaspace       used 66377K, capacity 70096K, committed 70360K, reserved 1110016K
  class space    used 8964K, capacity 10196K, committed 10240K, reserved 1048576K
}
Event: 1610,383 GC heap before
{Heap before GC invocations=32 (full 3):
 PSYoungGen      total 224768K, used 215254K [0x00000000f0000000, 0x0000000100000000, 0x0000000100000000)
  eden space 189440K, 100% used [0x00000000f0000000,0x00000000fb900000,0x00000000fb900000)
  from space 35328K, 73% used [0x00000000fdd80000,0x00000000ff6b5b68,0x0000000100000000)
  to   space 36352K, 0% used [0x00000000fb900000,0x00000000fb900000,0x00000000fdc80000)
 ParOldGen       total 524288K, used 76635K [0x00000000d0000000, 0x00000000f0000000, 0x00000000f0000000)
  object space 524288K, 14% used [0x00000000d0000000,0x00000000d4ad6c60,0x00000000f0000000)
 Metaspace       used 67332K, capacity 71222K, committed 71384K, reserved 1110016K
  class space    used 9090K, capacity 10385K, committed 10496K, reserved 1048576K
Event: 1610,403 GC heap after
Heap after GC invocations=32 (full 3):
 PSYoungGen      total 225792K, used 22369K [0x00000000f0000000, 0x0000000100000000, 0x0000000100000000)
  eden space 189440K, 0% used [0x00000000f0000000,0x00000000f0000000,0x00000000fb900000)
  from space 36352K, 61% used [0x00000000fb900000,0x00000000fced8708,0x00000000fdc80000)
  to   space 35840K, 0% used [0x00000000fdd00000,0x00000000fdd00000,0x0000000100000000)
 ParOldGen       total 524288K, used 76643K [0x00000000d0000000, 0x00000000f0000000, 0x00000000f0000000)
  object space 524288K, 14% used [0x00000000d0000000,0x00000000d4ad8c60,0x00000000f0000000)
 Metaspace       used 67332K, capacity 71222K, committed 71384K, reserved 1110016K
  class space    used 9090K, capacity 10385K, committed 10496K, reserved 1048576K
}
Event: 1632,040 GC heap before
{Heap before GC invocations=33 (full 3):
 PSYoungGen      total 225792K, used 211575K [0x00000000f0000000, 0x0000000100000000, 0x0000000100000000)
  eden space 189440K, 99% used [0x00000000f0000000,0x00000000fb8c5680,0x00000000fb900000)
  from space 36352K, 61% used [0x00000000fb900000,0x00000000fced8708,0x00000000fdc80000)
  to   space 35840K, 0% used [0x00000000fdd00000,0x00000000fdd00000,0x0000000100000000)
 ParOldGen       total 524288K, used 76643K [0x00000000d0000000, 0x00000000f0000000, 0x00000000f0000000)
  object space 524288K, 14% used [0x00000000d0000000,0x00000000d4ad8c60,0x00000000f0000000)
 Metaspace       used 68597K, capacity 72734K, committed 72792K, reserved 1112064K
  class space    used 9289K, capacity 10594K, committed 10624K, reserved 1048576K
Event: 1632,067 GC heap after
Heap after GC invocations=33 (full 3):
 PSYoungGen      total 223232K, used 28242K [0x00000000f0000000, 0x0000000100000000, 0x0000000100000000)
  eden space 187392K, 0% used [0x00000000f0000000,0x00000000f0000000,0x00000000fb700000)
  from space 35840K, 78% used [0x00000000fdd00000,0x00000000ff894828,0x0000000100000000)
  to   space 37376K, 0% used [0x00000000fb700000,0x00000000fb700000,0x00000000fdb80000)
 ParOldGen       total 524288K, used 76651K [0x00000000d0000000, 0x00000000f0000000, 0x00000000f0000000)
  object space 524288K, 14% used [0x00000000d0000000,0x00000000d4adac60,0x00000000f0000000)
 Metaspace       used 68597K, capacity 72734K, committed 72792K, reserved 1112064K
  class space    used 9289K, capacity 10594K, committed 10624K, reserved 1048576K
}
Event: 2149,743 GC heap before
{Heap before GC invocations=34 (full 3):
 PSYoungGen      total 223232K, used 215561K [0x00000000f0000000, 0x0000000100000000, 0x0000000100000000)
  eden space 187392K, 99% used [0x00000000f0000000,0x00000000fb6edf70,0x00000000fb700000)
  from space 35840K, 78% used [0x00000000fdd00000,0x00000000ff894828,0x0000000100000000)
  to   space 37376K, 0% used [0x00000000fb700000,0x00000000fb700000,0x00000000fdb80000)
 ParOldGen       total 524288K, used 76651K [0x00000000d0000000, 0x00000000f0000000, 0x00000000f0000000)
  object space 524288K, 14% used [0x00000000d0000000,0x00000000d4adac60,0x00000000f0000000)
 Metaspace       used 69257K, capacity 73774K, committed 74072K, reserved 1112064K
  class space    used 9403K, capacity 10791K, committed 10880K, reserved 1048576K
Event: 2149,762 GC heap after
Heap after GC invocations=34 (full 3):
 PSYoungGen      total 216064K, used 31031K [0x00000000f0000000, 0x0000000100000000, 0x0000000100000000)
  eden space 184832K, 0% used [0x00000000f0000000,0x00000000f0000000,0x00000000fb480000)
  from space 31232K, 99% used [0x00000000fb700000,0x00000000fd54def8,0x00000000fd580000)
  to   space 39424K, 0% used [0x00000000fd980000,0x00000000fd980000,0x0000000100000000)
 ParOldGen       total 524288K, used 76659K [0x00000000d0000000, 0x00000000f0000000, 0x00000000f0000000)
  object space 524288K, 14% used [0x00000000d0000000,0x00000000d4adcc60,0x00000000f0000000)
 Metaspace       used 69257K, capacity 73774K, committed 74072K, reserved 1112064K
  class space    used 9403K, capacity 10791K, committed 10880K, reserved 1048576K
}

Deoptimization events (0 events):
No events

Classes redefined (0 events):
No events

Internal exceptions (10 events):
Event: 2279,789 Thread 0x00007f1e517e2800 Exception <a 'java/lang/ArrayIndexOutOfBoundsException'> (0x00000000f82d9c48) thrown at [/HUDSON/workspace/8-2-build-linux-amd64/jdk8u171/10807/hotspot/src/share/vm/runtime/sharedRuntime.cpp, line 605]
Event: 2279,789 Thread 0x00007f1e517e2800 Exception <a 'java/lang/ArrayIndexOutOfBoundsException'> (0x00000000f82dcf98) thrown at [/HUDSON/workspace/8-2-build-linux-amd64/jdk8u171/10807/hotspot/src/share/vm/runtime/sharedRuntime.cpp, line 605]
Event: 2279,789 Thread 0x00007f1e517e2800 Exception <a 'java/lang/ArrayIndexOutOfBoundsException'> (0x00000000f82e06e0) thrown at [/HUDSON/workspace/8-2-build-linux-amd64/jdk8u171/10807/hotspot/src/share/vm/runtime/sharedRuntime.cpp, line 605]
Event: 2279,789 Thread 0x00007f1e517e2800 Exception <a 'java/lang/ArrayIndexOutOfBoundsException'> (0x00000000f82e8598) thrown at [/HUDSON/workspace/8-2-build-linux-amd64/jdk8u171/10807/hotspot/src/share/vm/runtime/sharedRuntime.cpp, line 605]
Event: 2279,789 Thread 0x00007f1e517e2800 Exception <a 'java/lang/ArrayIndexOutOfBoundsException'> (0x00000000f82ec320) thrown at [/HUDSON/workspace/8-2-build-linux-amd64/jdk8u171/10807/hotspot/src/share/vm/runtime/sharedRuntime.cpp, line 605]
Event: 2279,789 Thread 0x00007f1e517e2800 Exception <a 'java/lang/ArrayIndexOutOfBoundsException'> (0x00000000f82f3ab8) thrown at [/HUDSON/workspace/8-2-build-linux-amd64/jdk8u171/10807/hotspot/src/share/vm/runtime/sharedRuntime.cpp, line 605]
Event: 2279,789 Thread 0x00007f1e517e2800 Exception <a 'java/lang/ArrayIndexOutOfBoundsException'> (0x00000000f82f9ae0) thrown at [/HUDSON/workspace/8-2-build-linux-amd64/jdk8u171/10807/hotspot/src/share/vm/runtime/sharedRuntime.cpp, line 605]
Event: 2279,789 Thread 0x00007f1e517e2800 Exception <a 'java/lang/ArrayIndexOutOfBoundsException'> (0x00000000f82fda28) thrown at [/HUDSON/workspace/8-2-build-linux-amd64/jdk8u171/10807/hotspot/src/share/vm/runtime/sharedRuntime.cpp, line 605]
Event: 2279,789 Thread 0x00007f1e517e2800 Exception <a 'java/lang/ArrayIndexOutOfBoundsException'> (0x00000000f82ffcf8) thrown at [/HUDSON/workspace/8-2-build-linux-amd64/jdk8u171/10807/hotspot/src/share/vm/runtime/sharedRuntime.cpp, line 605]
Event: 2279,791 Thread 0x00007f1e517e2800 Implicit null exception at 0x00007f1e420bcac1 to 0x0000000000000000

Events (10 events):
Event: 2279,785 loading class test/project/BaseRateBeanInfo
Event: 2279,785 loading class test/project/BaseRateBeanInfo done
Event: 2279,785 loading class test/project/BaseRateBeanInfo
Event: 2279,785 loading class test/project/BaseRateBeanInfo done
Event: 2279,785 loading class test/project/BaseRateCustomizer
Event: 2279,785 loading class test/project/BaseRateCustomizer done
Event: 2279,785 loading class test/project/BaseRateCustomizer
Event: 2279,785 loading class test/project/BaseRateCustomizer done
Event: 2279,786 loading class test/project/BaseRateCustomizer
Event: 2279,786 loading class test/project/BaseRateCustomizer done


Dynamic libraries:
00400000-00401000 r-xp 00000000 08:05 45099649                           /home/andre/jdk1.8.0_171/bin/java
00600000-00601000 rw-p 00000000 08:05 45099649                           /home/andre/jdk1.8.0_171/bin/java
019ec000-01a0d000 rw-p 00000000 00:00 0                                  [heap]
d0000000-100aa0000 rw-p 00000000 00:00 0 
100aa0000-140000000 ---p 00000000 00:00 0 
7f1db8000000-7f1db80a6000 rw-p 00000000 00:00 0 
7f1db80a6000-7f1dbc000000 ---p 00000000 00:00 0 
7f1dbfa00000-7f1dbfa40000 rw-p 00000000 00:00 0 
7f1dbfa40000-7f1dbfc00000 ---p 00000000 00:00 0 
7f1dbfc00000-7f1dbfe00000 rw-p 00000000 00:00 0 
7f1dbfe00000-7f1dc0000000 rw-p 00000000 00:00 0 
7f1dc0000000-7f1dc0161000 rw-p 00000000 00:00 0 
7f1dc0161000-7f1dc4000000 ---p 00000000 00:00 0 
7f1dc4000000-7f1dc404b000 rw-p 00000000 00:00 0 
7f1dc404b000-7f1dc8000000 ---p 00000000 00:00 0 
7f1dc8000000-7f1dc8134000 rw-p 00000000 00:00 0 
7f1dc8134000-7f1dcc000000 ---p 00000000 00:00 0 
7f1dcc000000-7f1dcc0c3000 rw-p 00000000 00:00 0 
7f1dcc0c3000-7f1dd0000000 ---p 00000000 00:00 0 
7f1dd0000000-7f1dd0076000 rw-p 00000000 00:00 0 
7f1dd0076000-7f1dd4000000 ---p 00000000 00:00 0 
7f1dd4000000-7f1dd42c6000 rw-p 00000000 00:00 0 
7f1dd42c6000-7f1dd8000000 ---p 00000000 00:00 0 
7f1dd8000000-7f1dd830f000 rw-p 00000000 00:00 0 
7f1dd830f000-7f1ddc000000 ---p 00000000 00:00 0 
7f1ddc000000-7f1ddc044000 rw-p 00000000 00:00 0 
7f1ddc044000-7f1de0000000 ---p 00000000 00:00 0 
7f1de0000000-7f1de0021000 rw-p 00000000 00:00 0 
7f1de0021000-7f1de4000000 ---p 00000000 00:00 0 
7f1de4000000-7f1de422e000 rw-p 00000000 00:00 0 
7f1de422e000-7f1de8000000 ---p 00000000 00:00 0 
7f1de8000000-7f1de8021000 rw-p 00000000 00:00 0 
7f1de8021000-7f1dec000000 ---p 00000000 00:00 0 
7f1dec000000-7f1dec021000 rw-p 00000000 00:00 0 
7f1dec021000-7f1df0000000 ---p 00000000 00:00 0 
7f1df0000000-7f1df0061000 rw-p 00000000 00:00 0 
7f1df0061000-7f1df4000000 ---p 00000000 00:00 0 
7f1df4000000-7f1df402a000 rw-p 00000000 00:00 0 
7f1df402a000-7f1df8000000 ---p 00000000 00:00 0 
7f1df80da000-7f1df82da000 rw-p 00000000 00:00 0 
7f1df82da000-7f1df84da000 rw-p 00000000 00:00 0 
7f1df84da000-7f1df86da000 rw-p 00000000 00:00 0 
7f1df86da000-7f1df86dd000 ---p 00000000 00:00 0 
7f1df86dd000-7f1df87db000 rw-p 00000000 00:00 0 
7f1df87db000-7f1df87de000 ---p 00000000 00:00 0 
7f1df87de000-7f1df8adc000 rw-p 00000000 00:00 0 
7f1df8adc000-7f1df8adf000 ---p 00000000 00:00 0 
7f1df8adf000-7f1df8bdd000 rw-p 00000000 00:00 0 
7f1df8bdd000-7f1df8be0000 ---p 00000000 00:00 0 
7f1df8be0000-7f1df8cde000 rw-p 00000000 00:00 0 
7f1df8cde000-7f1df8ce1000 ---p 00000000 00:00 0 
7f1df8ce1000-7f1df8ddf000 rw-p 00000000 00:00 0 
7f1df8ddf000-7f1df8de2000 ---p 00000000 00:00 0 
7f1df8de2000-7f1df8ee0000 rw-p 00000000 00:00 0 
7f1df8ee0000-7f1df8ee3000 ---p 00000000 00:00 0 
7f1df8ee3000-7f1df8fe1000 rw-p 00000000 00:00 0 
7f1df8fe1000-7f1df8fe4000 ---p 00000000 00:00 0 
7f1df8fe4000-7f1df90e2000 rw-p 00000000 00:00 0 
7f1df90e2000-7f1df90e5000 ---p 00000000 00:00 0 
7f1df90e5000-7f1df91e3000 rw-p 00000000 00:00 0 
7f1df91e3000-7f1df91e6000 ---p 00000000 00:00 0 
7f1df91e6000-7f1df92e4000 rw-p 00000000 00:00 0 
7f1df92e4000-7f1df92e7000 ---p 00000000 00:00 0 
7f1df92e7000-7f1df93e5000 rw-p 00000000 00:00 0 
7f1df93e5000-7f1df93e8000 ---p 00000000 00:00 0 
7f1df93e8000-7f1df94e6000 rw-p 00000000 00:00 0 
7f1df94e6000-7f1df94e9000 ---p 00000000 00:00 0 
7f1df94e9000-7f1df95e7000 rw-p 00000000 00:00 0 
7f1df95e7000-7f1df95ea000 ---p 00000000 00:00 0 
7f1df95ea000-7f1df96e8000 rw-p 00000000 00:00 0 
7f1df96e8000-7f1df96eb000 ---p 00000000 00:00 0 
7f1df96eb000-7f1df97e9000 rw-p 00000000 00:00 0 
7f1df97e9000-7f1df97ec000 ---p 00000000 00:00 0 
7f1df97ec000-7f1df98ea000 rw-p 00000000 00:00 0 
7f1df98ea000-7f1df98ed000 ---p 00000000 00:00 0 
7f1df98ed000-7f1df99eb000 rw-p 00000000 00:00 0 
7f1df99eb000-7f1df99ee000 ---p 00000000 00:00 0 
7f1df99ee000-7f1df9cec000 rw-p 00000000 00:00 0 
7f1df9cec000-7f1df9eec000 rw-p 00000000 00:00 0 
7f1df9eec000-7f1df9eef000 ---p 00000000 00:00 0 
7f1df9eef000-7f1df9fed000 rw-p 00000000 00:00 0 
7f1df9fed000-7f1df9ff0000 ---p 00000000 00:00 0 
7f1df9ff0000-7f1dfa2ee000 rw-p 00000000 00:00 0 
7f1dfa2ee000-7f1dfa2f1000 ---p 00000000 00:00 0 
7f1dfa2f1000-7f1dfa5ef000 rw-p 00000000 00:00 0 
7f1dfa5ef000-7f1dfa7ef000 rw-p 00000000 00:00 0 
7f1dfa7ef000-7f1dfa9ef000 rw-p 00000000 00:00 0 
7f1dfa9ef000-7f1dfabef000 rw-p 00000000 00:00 0 
7f1dfabef000-7f1dfadef000 rw-p 00000000 00:00 0 
7f1dfadef000-7f1dfafef000 rw-p 00000000 00:00 0 
7f1dfafef000-7f1dfb1e5000 rw-p 00000000 00:00 0 
7f1dfb1e5000-7f1dfb1ef000 ---p 00000000 00:00 0 
7f1dfb1ef000-7f1dfb3ef000 rw-p 00000000 00:00 0 
7f1dfb3ef000-7f1dfb5ef000 rw-p 00000000 00:00 0 
7f1dfb5ef000-7f1dfb7ef000 rw-p 00000000 00:00 0 
7f1dfb7ef000-7f1dfb9ef000 rw-p 00000000 00:00 0 
7f1dfb9ef000-7f1dfba00000 r-xp 00000000 08:05 1441899                    /home/andre/jdk1.8.0_171/jre/lib/amd64/libnio.so
7f1dfba00000-7f1dfbbff000 ---p 00011000 08:05 1441899                    /home/andre/jdk1.8.0_171/jre/lib/amd64/libnio.so
7f1dfbbff000-7f1dfbc00000 rw-p 00010000 08:05 1441899                    /home/andre/jdk1.8.0_171/jre/lib/amd64/libnio.so
7f1dfbc00000-7f1dfbe00000 rw-p 00000000 00:00 0 
7f1dfbe00000-7f1dfc000000 rw-p 00000000 00:00 0 
7f1dfc000000-7f1dfc1bb000 rw-p 00000000 00:00 0 
7f1dfc1bb000-7f1e00000000 ---p 00000000 00:00 0 
7f1e00000000-7f1e0028f000 rw-p 00000000 00:00 0 
7f1e0028f000-7f1e04000000 ---p 00000000 00:00 0 
7f1e04049000-7f1e040de000 r--s 0110b000 08:05 1312340                    /home/andre/jdk1.8.0_171/jre/lib/ext/jfxrt.jar
7f1e040de000-7f1e040e1000 ---p 00000000 00:00 0 
7f1e040e1000-7f1e043df000 rw-p 00000000 00:00 0 
7f1e043df000-7f1e043e8000 r-xp 00000000 08:05 1441904                    /home/andre/jdk1.8.0_171/jre/lib/amd64/libmanagement.so
7f1e043e8000-7f1e045e7000 ---p 00009000 08:05 1441904                    /home/andre/jdk1.8.0_171/jre/lib/amd64/libmanagement.so
7f1e045e7000-7f1e045e8000 rw-p 00008000 08:05 1441904                    /home/andre/jdk1.8.0_171/jre/lib/amd64/libmanagement.so
7f1e045e8000-7f1e047e8000 rw-p 00000000 00:00 0 
7f1e047e8000-7f1e049e8000 rw-p 00000000 00:00 0 
7f1e049e8000-7f1e04be8000 rw-p 00000000 00:00 0 
7f1e04be8000-7f1e04de8000 rw-p 00000000 00:00 0 
7f1e04de8000-7f1e07de9000 rw-p 00000000 00:00 0 
7f1e07de9000-7f1e07dff000 r-xp 00000000 08:05 1441896                    /home/andre/jdk1.8.0_171/jre/lib/amd64/libnet.so
7f1e07dff000-7f1e07fff000 ---p 00016000 08:05 1441896                    /home/andre/jdk1.8.0_171/jre/lib/amd64/libnet.so
7f1e07fff000-7f1e08000000 rw-p 00016000 08:05 1441896                    /home/andre/jdk1.8.0_171/jre/lib/amd64/libnet.so
7f1e08000000-7f1e08021000 rw-p 00000000 00:00 0 
7f1e08021000-7f1e0c000000 ---p 00000000 00:00 0 
7f1e0c000000-7f1e0c021000 rw-p 00000000 00:00 0 
7f1e0c021000-7f1e10000000 ---p 00000000 00:00 0 
7f1e10000000-7f1e10021000 rw-p 00000000 00:00 0 
7f1e10021000-7f1e14000000 ---p 00000000 00:00 0 
7f1e14000000-7f1e14d35000 rw-p 00000000 00:00 0 
7f1e14d35000-7f1e18000000 ---p 00000000 00:00 0 
7f1e18000000-7f1e18021000 rw-p 00000000 00:00 0 
7f1e18021000-7f1e1c000000 ---p 00000000 00:00 0 
7f1e1c000000-7f1e1c03e000 rw-p 00000000 00:00 0 
7f1e1c03e000-7f1e20000000 ---p 00000000 00:00 0 
7f1e20000000-7f1e20021000 rw-p 00000000 00:00 0 
7f1e20021000-7f1e24000000 ---p 00000000 00:00 0 
7f1e24000000-7f1e24021000 rw-p 00000000 00:00 0 
7f1e24021000-7f1e28000000 ---p 00000000 00:00 0 
7f1e28000000-7f1e28025000 rw-p 00000000 00:00 0 
7f1e28025000-7f1e2c000000 ---p 00000000 00:00 0 
7f1e2c000000-7f1e2c0a2000 rw-p 00000000 00:00 0 
7f1e2c0a2000-7f1e30000000 ---p 00000000 00:00 0 
7f1e30000000-7f1e30051000 rw-p 00000000 00:00 0 
7f1e30051000-7f1e34000000 ---p 00000000 00:00 0 
7f1e34000000-7f1e34021000 rw-p 00000000 00:00 0 
7f1e34021000-7f1e38000000 ---p 00000000 00:00 0 
7f1e38000000-7f1e38028000 rw-p 00000000 00:00 0 
7f1e38028000-7f1e3c000000 ---p 00000000 00:00 0 
7f1e3c051000-7f1e3c056000 r--s 002f9000 08:05 1312276                    /home/andre/jdk1.8.0_171/jre/lib/charsets.jar
7f1e3c056000-7f1e3c05b000 r--s 0009d000 08:05 1312335                    /home/andre/jdk1.8.0_171/jre/lib/jsse.jar
7f1e3c05b000-7f1e3c05e000 ---p 00000000 00:00 0 
7f1e3c05e000-7f1e3c15c000 rw-p 00000000 00:00 0 
7f1e3c15c000-7f1e3c166000 r--s 00116000 08:05 1312346                    /home/andre/jdk1.8.0_171/jre/lib/ext/localedata.jar
7f1e3c166000-7f1e3c182000 r--s 00393000 08:05 1312339                    /home/andre/jdk1.8.0_171/jre/lib/ext/cldrdata.jar
7f1e3c182000-7f1e3c189000 r--s 00000000 08:05 9178100                    /usr/lib/x86_64-linux-gnu/gconv/gconv-modules.cache
7f1e3c189000-7f1e3c1aa000 r--p 00000000 08:05 10882152                   /usr/share/locale-langpack/pt_BR/LC_MESSAGES/libc.mo
7f1e3c1aa000-7f1e3c1ad000 ---p 00000000 00:00 0 
7f1e3c1ad000-7f1e3c2ab000 rw-p 00000000 00:00 0 
7f1e3c2ab000-7f1e3c2be000 r--s 00345000 08:05 1312316                    /home/andre/jdk1.8.0_171/jre/lib/resources.jar
7f1e3c2be000-7f1e3c2bf000 ---p 00000000 00:00 0 
7f1e3c2bf000-7f1e3c3bf000 rw-p 00000000 00:00 0 
7f1e3c3bf000-7f1e3c3c2000 ---p 00000000 00:00 0 
7f1e3c3c2000-7f1e3c4c0000 rw-p 00000000 00:00 0 
7f1e3c4c0000-7f1e3c4c3000 ---p 00000000 00:00 0 
7f1e3c4c3000-7f1e3c5c1000 rw-p 00000000 00:00 0 
7f1e3c5c1000-7f1e3c5c4000 ---p 00000000 00:00 0 
7f1e3c5c4000-7f1e3c6c2000 rw-p 00000000 00:00 0 
7f1e3c6c2000-7f1e3c6c5000 ---p 00000000 00:00 0 
7f1e3c6c5000-7f1e3c7c3000 rw-p 00000000 00:00 0 
7f1e3c7c3000-7f1e3c7ca000 r--s 00065000 08:05 13112087                   /home/andre/.gradle/caches/modules-2/files-2.1/org.springframework/springloaded/1.2.8.RELEASE/b60bac05b0451cdc1863bfec617f39aa0dcaaa43/springloaded-1.2.8.RELEASE.jar
7f1e3c7ca000-7f1e3c803000 r--s 00382000 08:05 13112246                   /home/andre/.gradle/caches/modules-2/files-2.1/com.google.javascript/closure-compiler-unshaded/v20160713/7df7b683e16c93f65361a15356283599ba012c78/closure-compiler-unshaded-v20160713.jar
7f1e3c803000-7f1e3c810000 r--s 00109000 08:05 46926313                   /home/andre/.m2/repository/org/mozilla/rhino/1.7R4/rhino-1.7R4.jar
7f1e3c810000-7f1e3c81d000 r--s 00083000 08:05 13112161                   /home/andre/.gradle/caches/modules-2/files-2.1/commons-collections/commons-collections/3.2.2/8ad72fe39fa8c91eaaf12aadb21e0c3661fe26d5/commons-collections-3.2.2.jar
7f1e3c81d000-7f1e3c824000 r--s 0003f000 08:05 13112404                   /home/andre/.gradle/caches/modules-2/files-2.1/commons-codec/commons-codec/1.10/4b95f4897fa13f2cd904aee711aeafc0c5295cd8/commons-codec-1.10.jar
7f1e3c824000-7f1e3c828000 r--s 0000c000 08:05 47055486                   /home/andre/.m2/repository/javax/validation/validation-api/1.1.0.Final/validation-api-1.1.0.Final.jar
7f1e3c828000-7f1e3c82b000 r--s 00029000 08:05 13112160                   /home/andre/.gradle/caches/modules-2/files-2.1/commons-validator/commons-validator/1.5.1/86d05a46e8f064b300657f751b5a98c62807e2a0/commons-validator-1.5.1.jar
7f1e3c82b000-7f1e3c831000 r--s 00027000 08:05 13112403                   /home/andre/.gradle/caches/modules-2/files-2.1/opensymphony/sitemesh/2.4/fa84c82cce30a9a632c08dd2277d63993d972cf5/sitemesh-2.4.jar
7f1e3c831000-7f1e3c833000 r--s 00007000 08:05 13112402                   /home/andre/.gradle/caches/modules-2/files-2.1/org.grails/grails-web-taglib/3.3.1/ca323146797a4ff2bb4f630890f4c400a0860395/grails-web-taglib-3.3.1.jar
7f1e3c833000-7f1e3c836000 r--s 00015000 08:05 13112401                   /home/andre/.gradle/caches/modules-2/files-2.1/org.grails/grails-taglib/3.3.1/772e8b5f992f6602cab07c7a58ab2924f97eed02/grails-taglib-3.3.1.jar
7f1e3c836000-7f1e3c839000 r--s 0001d000 08:05 13112017                   /home/andre/.gradle/caches/modules-2/files-2.1/org.codehaus.groovy/groovy-json/2.4.15/f6f6890181821246398cd44ba1fdf74f55717697/groovy-json-2.4.15.jar
7f1e3c839000-7f1e3c83d000 r--s 00042000 08:05 13112400                   /home/andre/.gradle/caches/modules-2/files-2.1/com.fasterxml.jackson.core/jackson-core/2.8.11/876ead1db19f0c9e79c9789273a3ef8c6fd6c29b/jackson-core-2.8.11.jar
7f1e3c83d000-7f1e3c840000 r--s 0000b000 08:05 13112399                   /home/andre/.gradle/caches/modules-2/files-2.1/com.fasterxml.jackson.core/jackson-annotations/2.8.0/45b426f7796b741035581a176744d91090e2e6fb/jackson-annotations-2.8.0.jar
7f1e3c840000-7f1e3c841000 r--s 00005000 08:05 13112398                   /home/andre/.gradle/caches/modules-2/files-2.1/org.grails/grails-codecs/3.3.5/bb53358f64ca12133716c228c4d73e35ad8fdfa2/grails-codecs-3.3.5.jar
7f1e3c841000-7f1e3c84a000 r--s 0002d000 08:05 13112397                   /home/andre/.gradle/caches/modules-2/files-2.1/xml-apis/xml-apis/1.4.01/3789d9fada2d3d458c4ba2de349d48780f381ee3/xml-apis-1.4.01.jar
7f1e3c84a000-7f1e3c84c000 r--s 00008000 08:05 13112245                   /home/andre/.gradle/caches/modules-2/files-2.1/javax.el/javax.el-api/2.2.4/1287562cc3f0ff5439ded6f2949e73ce1c0edaab/javax.el-api-2.2.4.jar
7f1e3c84c000-7f1e3c85d000 r--s 000a1000 08:05 13112396                   /home/andre/.gradle/caches/modules-2/files-2.1/org.hibernate/hibernate-validator/5.3.6.Final/4c730be8bf55a8e9a61e79a2f2c079abf48b718/hibernate-validator-5.3.6.Final.jar
7f1e3c85d000-7f1e3c865000 r--s 0005f000 08:05 13112243                   /home/andre/.gradle/caches/modules-2/files-2.1/org.grails/grails-datastore-gorm-hibernate-core/6.1.9.RELEASE/2e6cbb775454d058418ad721eb2da8de705ac68e/grails-datastore-gorm-hibernate-core-6.1.9.RELEASE.jar
7f1e3c865000-7f1e3c877000 r--s 000b9000 08:05 13112154                   /home/andre/.gradle/caches/modules-2/files-2.1/org.springframework/spring-web/4.3.16.RELEASE/9321f7c56e8c4561c92aa62f48a0cefe0a667315/spring-web-4.3.16.RELEASE.jar
7f1e3c877000-7f1e3c87c000 r--s 00026000 08:05 13112395                   /home/andre/.gradle/caches/modules-2/files-2.1/org.grails/scaffolding-core/1.1.1/c79e9bd310896f3afbba331170c54fa2ce7f9a5d/scaffolding-core-1.1.1.jar
7f1e3c87c000-7f1e3c87f000 r--s 00013000 08:05 13112147                   /home/andre/.gradle/caches/modules-2/files-2.1/org.grails/grails-datastore-gorm-validation/6.1.9.RELEASE/c1685a5eb890339816c3e256bd43367b1149cdef/grails-datastore-gorm-validation-6.1.9.RELEASE.jar
7f1e3c87f000-7f1e3c881000 r--s 00014000 08:05 13112159                   /home/andre/.gradle/caches/modules-2/files-2.1/org.apache.tomcat.embed/tomcat-embed-logging-log4j/8.5.2/53bdd1eebc7393713261d178ac096a742423f940/tomcat-embed-logging-log4j-8.5.2.jar
7f1e3c881000-7f1e3c892000 r--s 000d1000 08:05 13112148                   /home/andre/.gradle/caches/modules-2/files-2.1/org.grails/grails-datastore-gorm/6.1.9.RELEASE/10aa03cbea4784b3b6b49d876796c987732b2ab1/grails-datastore-gorm-6.1.9.RELEASE.jar
7f1e3c892000-7f1e3c895000 r--s 00012000 08:05 13112158                   /home/andre/.gradle/caches/modules-2/files-2.1/org.codehaus.groovy/groovy-sql/2.4.15/591ed2582868cb47fcac04eb50923faf52bfd231/groovy-sql-2.4.15.jar
7f1e3c895000-7f1e3c89f000 r--s 00060000 08:05 13112157                   /home/andre/.gradle/caches/modules-2/files-2.1/org.springframework/spring-jdbc/4.3.16.RELEASE/cf5cd0a29f58cdcd572a97b3becdb7a9ba970363/spring-jdbc-4.3.16.RELEASE.jar
7f1e3c89f000-7f1e3c8a1000 r--s 00006000 08:05 13112132                   /home/andre/.gradle/caches/modules-2/files-2.1/org.grails/grails-plugin-domain-class/3.3.5/874a96c80b6ab4ebb34f61cfc4fb17edaf6a9640/grails-plugin-domain-class-3.3.5.jar
7f1e3c8a1000-7f1e3c8a2000 r--s 00004000 08:05 13112394                   /home/andre/.gradle/caches/modules-2/files-2.1/org.grails/grails-plugin-validation/3.3.5/96a80c98395abaa28f6d5151b8c1139cf8181b72/grails-plugin-validation-3.3.5.jar
7f1e3c8a2000-7f1e3c8a4000 r--s 00009000 08:05 13112393                   /home/andre/.gradle/caches/modules-2/files-2.1/org.grails/grails-plugin-mimetypes/3.3.5/86d6387a8b9f64f93e6a6301e9aeb20d5d1e3825/grails-plugin-mimetypes-3.3.5.jar
7f1e3c8a4000-7f1e3c8a6000 r--s 0000b000 08:05 13112392                   /home/andre/.gradle/caches/modules-2/files-2.1/org.grails/grails-web-sitemesh/3.3.1/d639808f26ff1e16e32cb86129fd847961575abe/grails-web-sitemesh-3.3.1.jar
7f1e3c8a6000-7f1e3c8a8000 r--s 00011000 08:05 13112391                   /home/andre/.gradle/caches/modules-2/files-2.1/org.grails/grails-web-gsp/3.3.1/5670ed8376f739528fdb21de0514d2cc22c5a276/grails-web-gsp-3.3.1.jar
7f1e3c8a8000-7f1e3c8a9000 r--s 00005000 08:05 13112390                   /home/andre/.gradle/caches/modules-2/files-2.1/org.grails/grails-web-mvc/3.3.5/5b2728e2706a397fd60273e4f5b65a790346925c/grails-web-mvc-3.3.5.jar
7f1e3c8a9000-7f1e3c8ac000 r--s 0002a000 08:05 13112389                   /home/andre/.gradle/caches/modules-2/files-2.1/org.grails/grails-web-url-mappings/3.3.5/3fac37aef348f80c302e89958258432a928011fb/grails-web-url-mappings-3.3.5.jar
7f1e3c8ac000-7f1e3c8af000 r--s 00014000 08:05 13112388                   /home/andre/.gradle/caches/modules-2/files-2.1/org.grails/grails-web-databinding/3.3.5/7f2613bfa271bf5489b33112363daaa238b75fee/grails-web-databinding-3.3.5.jar
7f1e3c8af000-7f1e3c8b4000 r--s 00029000 08:05 13112387                   /home/andre/.gradle/caches/modules-2/files-2.1/org.springframework/spring-context-support/4.3.16.RELEASE/20e29ea325ce57dedde799f02d5771a697c87e93/spring-context-support-4.3.16.RELEASE.jar
7f1e3c8b4000-7f1e3c8c5000 r--s 000d0000 08:05 13112386                   /home/andre/.gradle/caches/modules-2/files-2.1/org.springframework/spring-webmvc/4.3.16.RELEASE/2a171b1d701e450860bd5544a87a727048639a45/spring-webmvc-4.3.16.RELEASE.jar
7f1e3c8c5000-7f1e3c8c8000 r--s 00027000 08:05 13112385                   /home/andre/.gradle/caches/modules-2/files-2.1/org.grails/grails-gsp/3.3.1/88115473871aeb898b590958ef2ba8a9cbd7dbb0/grails-gsp-3.3.1.jar
7f1e3c8c8000-7f1e3c8cc000 r--s 00029000 08:05 13112384                   /home/andre/.gradle/caches/modules-2/files-2.1/org.grails/grails-encoder/3.3.5/57ef39d4d0b15f869e2adf36cf2e78802fa49071/grails-encoder-3.3.5.jar
7f1e3c8cc000-7f1e3c8cf000 r--s 0000f000 08:05 13112383                   /home/andre/.gradle/caches/modules-2/files-2.1/org.grails/grails-databinding/3.3.5/c987cba7ec80819f37173f7abc04453c629ac3cf/grails-databinding-3.3.5.jar
7f1e3c8cf000-7f1e3c8d1000 r--s 00002000 08:05 13112382                   /home/andre/.gradle/caches/modules-2/files-2.1/org.apache.tomcat/tomcat-annotations-api/8.5.29/5505a72b5e7d6c2324d3f104cdd613a5770b4601/tomcat-annotations-api-8.5.29.jar
7f1e3c8d1000-7f1e3c8e3000 r--s 0011f000 08:05 13112381                   /home/andre/.gradle/caches/modules-2/files-2.1/com.fasterxml.jackson.core/jackson-databind/2.8.11.1/341edc63fdd8b44e17b2c36abbc9b451d8fd05a5/jackson-databind-2.8.11.1.jar
7f1e3c8e3000-7f1e3c8e4000 r--s 00003000 08:05 13112156                   /home/andre/.gradle/caches/modules-2/files-2.1/javax.transaction/jta/1.1/2ca09f0b36ca7d71b762e14ea2ff09d5eac57558/jta-1.1.jar
7f1e3c8e4000-7f1e3c8ea000 r--s 0003d000 08:05 13112153                   /home/andre/.gradle/caches/modules-2/files-2.1/org.yaml/snakeyaml/1.17/7a27ea250c5130b2922b86dea63cbb1cc10a660c/snakeyaml-1.17.jar
7f1e3c8ea000-7f1e3c8ed000 r--s 00016000 08:05 13112025                   /home/andre/.gradle/caches/modules-2/files-2.1/org.codehaus.groovy/groovy-templates/2.4.15/b5cbe971f2950452c1d431ea0135dd8de2d5f58e/groovy-templates-2.4.15.jar
7f1e3c8ed000-7f1e3c8f1000 r--s 00031000 08:05 13112024                   /home/andre/.gradle/caches/modules-2/files-2.1/org.codehaus.groovy/groovy-xml/2.4.15/40865f59469e6b0808c9c304bd17038997220c72/groovy-xml-2.4.15.jar
7f1e3c8f1000-7f1e3c8f6000 r--s 0003e000 08:05 13112152                   /home/andre/.gradle/caches/modules-2/files-2.1/org.springframework/spring-expression/4.3.16.RELEASE/f69b403faa1dd97df212217aece1ad3497dfdf2c/spring-expression-4.3.16.RELEASE.jar
7f1e3c8f6000-7f1e3c8ff000 r--s 00054000 08:05 13112151                   /home/andre/.gradle/caches/modules-2/files-2.1/org.springframework/spring-aop/4.3.16.RELEASE/2c74e87bbf99e7cb6903046e19345a04f843d817/spring-aop-4.3.16.RELEASE.jar
7f1e3c8ff000-7f1e3c901000 r--s 0000e000 08:05 13112055                   /home/andre/.gradle/caches/modules-2/files-2.1/commons-logging/commons-logging/1.2/4bfc12adfe4842bf07b657f0369c4cb522955686/commons-logging-1.2.jar
7f1e3c901000-7f1e3c90c000 r--s 0006a000 08:05 13112150                   /home/andre/.gradle/caches/modules-2/files-2.1/ch.qos.logback/logback-core/1.1.11/88b8df40340eed549fb07e2613879bf6b006704d/logback-core-1.1.11.jar
7f1e3c90c000-7f1e3c910000 r--s 00049000 08:05 13112234                   /home/andre/.gradle/caches/modules-2/files-2.1/com.bertramlabs.plugins/asset-pipeline-core/2.14.8/4e1c17bbfb623fc66df7e5577a0be11973749cd7/asset-pipeline-core-2.14.8.jar
7f1e3c910000-7f1e3c912000 r--s 0000b000 08:05 13112380                   /home/andre/.gradle/caches/modules-2/files-2.1/org.apache.tomcat/tomcat-juli/8.5.29/61b2514e169d96c7f5c2e1a9cf6901b493fb2301/tomcat-juli-8.5.29.jar
7f1e3c912000-7f1e3c914000 r--s 00007000 08:05 13112379                   /home/andre/.gradle/caches/modules-2/files-2.1/javax.el/el-api/2.1.2-b03/1ac087d9d1a632d2ff82fa1e8b6610aca025ff2a/el-api-2.1.2-b03.jar
7f1e3c914000-7f1e3c916000 r--s 0001f000 08:05 13112378                   /home/andre/.gradle/caches/modules-2/files-2.1/org.grails/grails-web-jsp/3.3.1/e45c3adb5f6fc6c7761227457d09114ec41c55fe/grails-web-jsp-3.3.1.jar
7f1e3c916000-7f1e3c917000 r--s 00004000 08:05 13112377                   /home/andre/.gradle/caches/modules-2/files-2.1/org.grails/grails-plugin-codecs/3.3.5/17d86b4a21b9146e3e3b4bd8f9bccf0d7a7e2fbe/grails-plugin-codecs-3.3.5.jar
7f1e3c917000-7f1e3c91c000 r--s 00041000 08:05 13112376                   /home/andre/.gradle/caches/modules-2/files-2.1/commons-lang/commons-lang/2.6/ce1edb914c94ebc388f086c6827e8bdeec71ac2/commons-lang-2.6.jar
7f1e3c91c000-7f1e3c91e000 r--s 0000b000 08:05 13112375                   /home/andre/.gradle/caches/modules-2/files-2.1/org.grails/grails-web-gsp-taglib/3.3.1/28e0c0776c9f5c6109b79a89860161db3369fe81/grails-web-gsp-taglib-3.3.1.jar
7f1e3c91e000-7f1e3c921000 r--s 00010000 08:05 13112239                   /home/andre/.gradle/caches/modules-2/files-2.1/org.hibernate.common/hibernate-commons-annotations/5.0.1.Final/71e1cff3fcb20d3b3af4f3363c3ddb24d33c6879/hibernate-commons-annotations-5.0.1.Final.jar
7f1e3c921000-7f1e3c926000 r--s 00048000 08:05 46926246                   /home/andre/.m2/repository/dom4j/dom4j/1.6.1/dom4j-1.6.1.jar
7f1e3c926000-7f1e3c928000 r--s 0000e000 08:05 13112374                   /home/andre/.gradle/caches/modules-2/files-2.1/com.fasterxml/classmate/1.3.4/3d5f48f10bbe4eb7bd862f10c0583be2e0053c6/classmate-1.3.4.jar
7f1e3c928000-7f1e3c92b000 r--s 0002b000 08:05 13112237                   /home/andre/.gradle/caches/modules-2/files-2.1/org.jboss/jandex/2.0.3.Final/bfc4d6257dbff7a33a357f0de116be6ff951d849/jandex-2.0.3.Final.jar
7f1e3c92b000-7f1e3c92c000 r--s 00003000 08:05 13112236                   /home/andre/.gradle/caches/modules-2/files-2.1/org.apache.geronimo.specs/geronimo-jta_1.1_spec/1.1.1/aabab3165b8ea936b9360abbf448459c0d04a5a4/geronimo-jta_1.1_spec-1.1.1.jar
7f1e3c92c000-7f1e3c931000 r--s 00068000 08:05 47055497                   /home/andre/.m2/repository/antlr/antlr/2.7.7/antlr-2.7.7.jar
7f1e3c931000-7f1e3c933000 r--s 0000f000 08:05 13112373                   /home/andre/.gradle/caches/modules-2/files-2.1/org.jboss.logging/jboss-logging/3.3.2.Final/3789d00e859632e6c6206adc0c71625559e6e3b0/jboss-logging-3.3.2.Final.jar
7f1e3c933000-7f1e3c93d000 r--s 0006b000 08:05 13112372                   /home/andre/.gradle/caches/modules-2/files-2.1/org.springframework/spring-orm/4.3.16.RELEASE/9cbd490a3839d5f3d91731bf15593383ca0544f5/spring-orm-4.3.16.RELEASE.jar
7f1e3c93d000-7f1e3c941000 r--s 00039000 08:05 13112233                   /home/andre/.gradle/caches/modules-2/files-2.1/org.grails/grails-datastore-gorm-hibernate5/6.1.9.RELEASE/274a7467d54e74a7420eb667fed35ab034a3328c/grails-datastore-gorm-hibernate5-6.1.9.RELEASE.jar
7f1e3c941000-7f1e3c944000 r--s 00012000 08:05 13112149                   /home/andre/.gradle/caches/modules-2/files-2.1/org.grails/grails-datastore-gorm-support/6.1.9.RELEASE/fc05459427731c62210c061610346a45ea8dd1df/grails-datastore-gorm-support-6.1.9.RELEASE.jar
7f1e3c944000-7f1e3c945000 r--s 00002000 08:05 13112232                   /home/andre/.gradle/caches/modules-2/files-2.1/org.grails/grails-datastore-web/6.1.9.RELEASE/3c33ef78b5d5787896ac305bc153354b3ffb5dab/grails-datastore-web-6.1.9.RELEASE.jar
7f1e3c945000-7f1e3c947000 r--s 00003000 08:05 13112371                   /home/andre/.gradle/caches/modules-2/files-2.1/org.grails/grails-events-compat/3.3.2/1250482ac83841a19c75b150777a2d2c28592d33/grails-events-compat-3.3.2.jar
7f1e3c947000-7f1e3c948000 r--s 00007000 08:05 13112370                   /home/andre/.gradle/caches/modules-2/files-2.1/org.grails/grails-events-transform/3.3.2/645c93ccb03ea27a23d6ac25265b01e5a63b9525/grails-events-transform-3.3.2.jar
7f1e3c948000-7f1e3c94a000 r--s 0000b000 08:05 13112369                   /home/andre/.gradle/caches/modules-2/files-2.1/org.grails/grails-events/3.3.2/a4c70fc8c391d8060d715ea68bfe4ff87761fd02/grails-events-3.3.2.jar
7f1e3c94a000-7f1e3c94c000 r--s 0001f000 08:05 13112368                   /home/andre/.gradle/caches/modules-2/files-2.1/org.grails.plugins/fields/2.2.5/cdad4a9faa86560d4ff2c0bda6f2e981bdc2ce2d/fields-2.2.5.jar
7f1e3c94c000-7f1e3c94f000 r--s 0000e000 08:05 13112367                   /home/andre/.gradle/caches/modules-2/files-2.1/org.grails/grails-async/3.3.2/df2d4d6d96161b1105298a951c6fff31dd52e1e9/grails-async-3.3.2.jar
7f1e3c94f000-7f1e3c959000 r--s 000aa000 08:05 13112155                   /home/andre/.gradle/caches/modules-2/files-2.1/org.javassist/javassist/3.21.0-GA/598244f595db5c5fb713731eddbb1c91a58d959b/javassist-3.21.0-GA.jar
7f1e3c959000-7f1e3c95c000 r--s 00016000 08:05 13112146                   /home/andre/.gradle/caches/modules-2/files-2.1/org.grails/grails-validation/3.3.5/d98e5f0fe2b7df929f68fa336332ac8b6f03834c/grails-validation-3.3.5.jar
7f1e3c95c000-7f1e3c960000 r--s 0001e000 08:05 13112366                   /home/andre/.gradle/caches/modules-2/files-2.1/org.grails.plugins/converters/3.3.1/afc1ea5fa7d7d52e83017856fa5a651d38145048/converters-3.3.1.jar
7f1e3c960000-7f1e3c962000 r--s 00005000 08:05 13112145                   /home/andre/.gradle/caches/modules-2/files-2.1/org.grails/grails-plugin-datasource/3.3.5/ce6dfd15744d82206480a2b0e3d2f4d071669e56/grails-plugin-datasource-3.3.5.jar
7f1e3c962000-7f1e3c965000 r--s 00019000 08:05 13112365                   /home/andre/.gradle/caches/modules-2/files-2.1/org.grails/grails-plugin-controllers/3.3.5/654e1420497c21506596f63655901174df47c6de/grails-plugin-controllers-3.3.5.jar
7f1e3c965000-7f1e3c966000 r--s 00005000 08:05 13112364                   /home/andre/.gradle/caches/modules-2/files-2.1/org.grails/grails-web/3.3.5/db0eb1e480accfe0cc1205a51aba0baad1f39588/grails-web-3.3.5.jar
7f1e3c966000-7f1e3c96a000 r--s 00028000 08:05 13112363                   /home/andre/.gradle/caches/modules-2/files-2.1/org.grails/grails-web-common/3.3.5/148d0719ca6a20897ad1ad57951af3b62fbf252/grails-web-common-3.3.5.jar
7f1e3c96a000-7f1e3c96f000 r--s 0003a000 08:05 13112362                   /home/andre/.gradle/caches/modules-2/files-2.1/org.apache.tomcat.embed/tomcat-embed-websocket/8.5.29/37786f4ca8a1597a91a0f437e659a76d1fcc5bf1/tomcat-embed-websocket-8.5.29.jar
7f1e3c96f000-7f1e3c973000 r--s 00037000 08:05 13112361                   /home/andre/.gradle/caches/modules-2/files-2.1/org.apache.tomcat.embed/tomcat-embed-el/8.5.29/893fb2c87ec1aa248a7911d76c0c06b3fca6bc9b/tomcat-embed-el-8.5.29.jar
7f1e3c973000-7f1e3c99d000 r--s 002cc000 08:05 13112360                   /home/andre/.gradle/caches/modules-2/files-2.1/org.apache.tomcat.embed/tomcat-embed-core/8.5.29/51eac5adde4bc019261b787cb99e5548206908e6/tomcat-embed-core-8.5.29.jar
7f1e3c99d000-7f1e3c9ad000 r--s 00079000 08:05 13112359                   /home/andre/.gradle/caches/modules-2/files-2.1/org.springframework.boot/spring-boot-actuator/1.5.12.RELEASE/991a88f9cf6ec8009a8698afd557c8d8bf61beaa/spring-boot-actuator-1.5.12.RELEASE.jar
7f1e3c9ad000-7f1e3c9ae000 r--s 00000000 08:05 13112358                   /home/andre/.gradle/caches/modules-2/files-2.1/org.springframework.boot/spring-boot-starter/1.5.12.RELEASE/e4f0748fa765a0416638920058289f6db6ee0e36/spring-boot-starter-1.5.12.RELEASE.jar
7f1e3c9ae000-7f1e3c9b2000 r--s 00040000 08:05 13112144                   /home/andre/.gradle/caches/modules-2/files-2.1/xalan/serializer/2.7.2/24247f3bb052ee068971393bdb83e04512bb1c3c/serializer-2.7.2.jar
7f1e3c9b2000-7f1e3c9c0000 r--s 00081000 08:05 13112143                   /home/andre/.gradle/caches/modules-2/files-2.1/org.grails/grails-datastore-core/6.1.9.RELEASE/9e23bf7bd0bdbcb1f3077cef552f4b86dfa7a015/grails-datastore-core-6.1.9.RELEASE.jar
7f1e3c9c0000-7f1e3c9c4000 r--s 0003a000 08:05 13112011                   /home/andre/.gradle/caches/modules-2/files-2.1/org.grails/grails-bootstrap/3.3.5/ec64a0726351ee07d688a347e5f6e6b7bf0bf1f4/grails-bootstrap-3.3.5.jar
7f1e3c9c4000-7f1e3c9dd000 r--s 000fe000 08:05 13112141                   /home/andre/.gradle/caches/modules-2/files-2.1/org.springframework/spring-context/4.3.16.RELEASE/b56bbfb12b8c388443589fc5d4f2f0f1774dc44d/spring-context-4.3.16.RELEASE.jar
7f1e3c9dd000-7f1e3c9eb000 r--s 000ad000 08:05 13112140                   /home/andre/.gradle/caches/modules-2/files-2.1/org.springframework/spring-beans/4.3.16.RELEASE/2a0cb663069001e0b210d509f7b1904888557e63/spring-beans-4.3.16.RELEASE.jar
7f1e3c9eb000-7f1e3c9f3000 r--s 0003a000 08:05 13112139                   /home/andre/.gradle/caches/modules-2/files-2.1/org.springframework/spring-tx/4.3.16.RELEASE/459e1741827ea59775c4e322d5964714065bed42/spring-tx-4.3.16.RELEASE.jar
7f1e3c9f3000-7f1e3ca0a000 r--s 000fe000 08:05 13112036                   /home/andre/.gradle/caches/modules-2/files-2.1/org.springframework/spring-core/4.3.16.RELEASE/fe3f4186562c0dfa70a09510f886cc11a483ddde/spring-core-4.3.16.RELEASE.jar
7f1e3ca0a000-7f1e3ca0e000 r--s 00019000 08:05 13112138                   /home/andre/.gradle/caches/modules-2/files-2.1/com.googlecode.concurrentlinkedhashmap/concurrentlinkedhashmap-lru/1.4.2/2eaf3d3c9746d526ff7e5b93931d482c3887e6ac/concurrentlinkedhashmap-lru-1.4.2.jar
7f1e3ca0e000-7f1e3ca13000 r--s 00017000 08:05 13112137                   /home/andre/.gradle/caches/modules-2/files-2.1/org.hibernate.javax.persistence/hibernate-jpa-2.1-api/1.0.0.Final/5e731d961297e5a07290bfaf3db1fbc8bbbf405a/hibernate-jpa-2.1-api-1.0.0.Final.jar
7f1e3ca13000-7f1e3ca15000 r--s 00009000 08:05 13112007                   /home/andre/.gradle/caches/modules-2/files-2.1/org.slf4j/slf4j-api/1.7.25/da76ca59f6a57ee3102f8f9bd9cee742973efa8a/slf4j-api-1.7.25.jar
7f1e3ca15000-7f1e3ca62000 r--s 0042b000 08:05 13112006                   /home/andre/.gradle/caches/modules-2/files-2.1/org.codehaus.groovy/groovy/2.4.15/74b7e0b99526c569e3a59cb84dbcc6204d601ee6/groovy-2.4.15.jar
7f1e3ca62000-7f1e3ca72000 r--s 00096000 08:05 13112136                   /home/andre/.gradle/caches/modules-2/files-2.1/org.springframework.boot/spring-boot/1.5.12.RELEASE/bc41c1da2bbb4eaebfc5b464b0a993ca8ef83156/spring-boot-1.5.12.RELEASE.jar
7f1e3ca72000-7f1e3ca74000 r--s 00004000 08:05 13112135                   /home/andre/.gradle/caches/modules-2/files-2.1/org.slf4j/log4j-over-slf4j/1.7.25/a87bb47468f47ee7aabbd54f93e133d4215769c3/log4j-over-slf4j-1.7.25.jar
7f1e3ca74000-7f1e3ca76000 r--s 00000000 08:05 13112134                   /home/andre/.gradle/caches/modules-2/files-2.1/org.slf4j/jul-to-slf4j/1.7.25/af5364cd6679bfffb114f0dec8a157aaa283b76/jul-to-slf4j-1.7.25.jar
7f1e3ca76000-7f1e3ca78000 r--s 00003000 08:05 13112008                   /home/andre/.gradle/caches/modules-2/files-2.1/org.slf4j/jcl-over-slf4j/1.7.25/f8c32b13ff142a513eeb5b6330b1588dcb2c0461/jcl-over-slf4j-1.7.25.jar
7f1e3ca78000-7f1e3ca7f000 r--s 00045000 08:05 13112133                   /home/andre/.gradle/caches/modules-2/files-2.1/ch.qos.logback/logback-classic/1.1.11/ccedfbacef4a6515d2983e3f89ed753d5d4fb665/logback-classic-1.1.11.jar
7f1e3ca7f000-7f1e3ca81000 r--s 0001e000 08:05 13112355                   /home/andre/.gradle/caches/modules-2/files-2.1/com.bertramlabs.plugins/asset-pipeline-grails/2.14.8/b7a8bc6c1a6d7c499cd1a001d6d886365062b9e7/asset-pipeline-grails-2.14.8.jar
7f1e3ca81000-7f1e3ca84000 r--s 00022000 08:05 13112354                   /home/andre/.gradle/caches/modules-2/files-2.1/org.apache.tomcat/tomcat-jdbc/8.5.29/5fc2bee83633735b31831b7fffa13040100b5eae/tomcat-jdbc-8.5.29.jar
7f1e3ca84000-7f1e3ca94000 r--s 001c7000 08:05 13112353                   /home/andre/.gradle/caches/modules-2/files-2.1/com.h2database/h2/1.4.197/bb391050048ca8ae3e32451b5a3714ecd3596a46/h2-1.4.197.jar
7f1e3ca94000-7f1e3ca97000 r--s 00018000 08:05 13112352                   /home/andre/.gradle/caches/modules-2/files-2.1/org.glassfish.web/el-impl/2.1.2-b03/6bab1211b6e6b191fdbf06067bd05d2f75a62ac0/el-impl-2.1.2-b03.jar
7f1e3ca97000-7f1e3ca9d000 r--s 00075000 08:05 13112335                   /home/andre/.gradle/caches/modules-2/files-2.1/postgresql/postgresql/9.0-801.jdbc3/635d2f94ef80d9818750e2b05de71f9604b2ca70/postgresql-9.0-801.jdbc3.jar
7f1e3ca9d000-7f1e3cb09000 r--s 0050a000 08:05 13112350                   /home/andre/.gradle/caches/modules-2/files-2.1/org.hibernate/hibernate-core/5.1.5.Final/28366d161d448e82370e5bbd871eb2835ba0fb7b/hibernate-core-5.1.5.Final.jar
7f1e3cb09000-7f1e3cb0c000 ---p 00000000 00:00 0 
7f1e3cb0c000-7f1e3cc0a000 rw-p 00000000 00:00 0 
7f1e3cc0a000-7f1e3cee4000 r--p 00000000 08:05 8915090                    /usr/lib/locale/locale-archive
7f1e3cee4000-7f1e3cee7000 ---p 00000000 00:00 0 
7f1e3cee7000-7f1e3cfe5000 rw-p 00000000 00:00 0 
7f1e3cfe5000-7f1e3cfe8000 ---p 00000000 00:00 0 
7f1e3cfe8000-7f1e3d0e6000 rw-p 00000000 00:00 0 
7f1e3d0e6000-7f1e3d0e7000 ---p 00000000 00:00 0 
7f1e3d0e7000-7f1e3e145000 rw-p 00000000 00:00 0 
7f1e3e145000-7f1e3e31f000 r--s 03d68000 08:05 1312278                    /home/andre/jdk1.8.0_171/jre/lib/rt.jar
7f1e3e31f000-7f1e4049f000 rw-p 00000000 00:00 0 
7f1e4049f000-7f1e404a0000 ---p 00000000 00:00 0 
7f1e404a0000-7f1e405a0000 rw-p 00000000 00:00 0 
7f1e405a0000-7f1e405a1000 ---p 00000000 00:00 0 
7f1e405a1000-7f1e406a1000 rw-p 00000000 00:00 0 
7f1e406a1000-7f1e406a2000 ---p 00000000 00:00 0 
7f1e406a2000-7f1e407a2000 rw-p 00000000 00:00 0 
7f1e407a2000-7f1e407a3000 ---p 00000000 00:00 0 
7f1e407a3000-7f1e40a7d000 rw-p 00000000 00:00 0 
7f1e40a7d000-7f1e40de4000 ---p 00000000 00:00 0 
7f1e40de4000-7f1e423f4000 rwxp 00000000 00:00 0 
7f1e423f4000-7f1e4fde4000 ---p 00000000 00:00 0 
7f1e4fde4000-7f1e4fdff000 r-xp 00000000 08:05 1441892                    /home/andre/jdk1.8.0_171/jre/lib/amd64/libzip.so
7f1e4fdff000-7f1e4ffff000 ---p 0001b000 08:05 1441892                    /home/andre/jdk1.8.0_171/jre/lib/amd64/libzip.so
7f1e4ffff000-7f1e50000000 rw-p 0001b000 08:05 1441892                    /home/andre/jdk1.8.0_171/jre/lib/amd64/libzip.so
7f1e50000000-7f1e51868000 rw-p 00000000 00:00 0 
7f1e51868000-7f1e54000000 ---p 00000000 00:00 0 
7f1e54000000-7f1e54001000 r--s 00009000 08:05 13112142                   /home/andre/.gradle/caches/modules-2/files-2.1/org.grails/grails-spring/3.3.5/e02606d3c5442b947ea0b154e9355fca11f804ed/grails-spring-3.3.5.jar
7f1e54001000-7f1e54006000 r--s 0004b000 08:05 13112351                   /home/andre/.gradle/caches/modules-2/files-2.1/org.grails.plugins/gsp/3.3.1/7b40598abe73d8535b2dd4503467d5c0c415b7b5/gsp-3.3.1.jar
7f1e54006000-7f1e54007000 r--s 00006000 08:05 13112229                   /home/andre/.gradle/caches/modules-2/files-2.1/org.grails.plugins/hibernate5/6.1.9/3ad17a7ecdc78dd76624439ded9fb92c675dbc38/hibernate5-6.1.9.jar
7f1e54007000-7f1e54008000 r--s 00001000 08:05 13112349                   /home/andre/.gradle/caches/modules-2/files-2.1/org.grails.plugins/events/3.3.2/c43aed0886464bc62b8ef2c4963ea1bedeb19e6/events-3.3.2.jar
7f1e54008000-7f1e5400a000 r--s 00006000 08:05 13112348                   /home/andre/.gradle/caches/modules-2/files-2.1/org.grails.plugins/scaffolding/3.4.1/3794a2154aa473fd2281e1e36de398815a63e740/scaffolding-3.4.1.jar
7f1e5400a000-7f1e5400d000 r--s 0000c000 08:05 13112347                   /home/andre/.gradle/caches/modules-2/files-2.1/org.grails.plugins/async/3.3.2/849be6dcabfba176078915404451c4b4479c6d49/async-3.3.2.jar
7f1e5400d000-7f1e5400f000 r--s 00011000 08:05 13112346                   /home/andre/.gradle/caches/modules-2/files-2.1/org.grails.plugins/cache/4.0.0/72be24e2f8b3e5407048f5cc5186dcd32e8de841/cache-4.0.0.jar
7f1e5400f000-7f1e54010000 r--s 00008000 08:05 13112345                   /home/andre/.gradle/caches/modules-2/files-2.1/org.grails/grails-plugin-interceptors/3.3.5/418b6584c2c9ab486ddf8820da7ae2c1efed2cfb/grails-plugin-interceptors-3.3.5.jar
7f1e54010000-7f1e5401e000 r--s 000b0000 08:05 13112129                   /home/andre/.gradle/caches/modules-2/files-2.1/org.grails/grails-core/3.3.5/8044ecc48da9a8427953ffb1b7fe0a169b5b75eb/grails-core-3.3.5.jar
7f1e5401e000-7f1e5403e000 r--s 000e6000 08:05 13112128                   /home/andre/.gradle/caches/modules-2/files-2.1/org.springframework.boot/spring-boot-autoconfigure/1.5.12.RELEASE/932ab2609793ebc00576cbae77085bb83e5c9008/spring-boot-autoconfigure-1.5.12.RELEASE.jar
7f1e5403e000-7f1e5413e000 rw-p 00000000 00:00 0 
7f1e5413e000-7f1e54149000 r-xp 00000000 08:05 15466697                   /lib/x86_64-linux-gnu/libnss_files-2.23.so
7f1e54149000-7f1e54348000 ---p 0000b000 08:05 15466697                   /lib/x86_64-linux-gnu/libnss_files-2.23.so
7f1e54348000-7f1e54349000 r--p 0000a000 08:05 15466697                   /lib/x86_64-linux-gnu/libnss_files-2.23.so
7f1e54349000-7f1e5434a000 rw-p 0000b000 08:05 15466697                   /lib/x86_64-linux-gnu/libnss_files-2.23.so
7f1e5434a000-7f1e54350000 rw-p 00000000 00:00 0 
7f1e54350000-7f1e5435b000 r-xp 00000000 08:05 15466701                   /lib/x86_64-linux-gnu/libnss_nis-2.23.so
7f1e5435b000-7f1e5455a000 ---p 0000b000 08:05 15466701                   /lib/x86_64-linux-gnu/libnss_nis-2.23.so
7f1e5455a000-7f1e5455b000 r--p 0000a000 08:05 15466701                   /lib/x86_64-linux-gnu/libnss_nis-2.23.so
7f1e5455b000-7f1e5455c000 rw-p 0000b000 08:05 15466701                   /lib/x86_64-linux-gnu/libnss_nis-2.23.so
7f1e5455c000-7f1e54572000 r-xp 00000000 08:05 15466673                   /lib/x86_64-linux-gnu/libnsl-2.23.so
7f1e54572000-7f1e54771000 ---p 00016000 08:05 15466673                   /lib/x86_64-linux-gnu/libnsl-2.23.so
7f1e54771000-7f1e54772000 r--p 00015000 08:05 15466673                   /lib/x86_64-linux-gnu/libnsl-2.23.so
7f1e54772000-7f1e54773000 rw-p 00016000 08:05 15466673                   /lib/x86_64-linux-gnu/libnsl-2.23.so
7f1e54773000-7f1e54775000 rw-p 00000000 00:00 0 
7f1e54775000-7f1e5477d000 r-xp 00000000 08:05 15466692                   /lib/x86_64-linux-gnu/libnss_compat-2.23.so
7f1e5477d000-7f1e5497c000 ---p 00008000 08:05 15466692                   /lib/x86_64-linux-gnu/libnss_compat-2.23.so
7f1e5497c000-7f1e5497d000 r--p 00007000 08:05 15466692                   /lib/x86_64-linux-gnu/libnss_compat-2.23.so
7f1e5497d000-7f1e5497e000 rw-p 00008000 08:05 15466692                   /lib/x86_64-linux-gnu/libnss_compat-2.23.so
7f1e5497e000-7f1e54988000 r-xp 00000000 08:05 1441901                    /home/andre/jdk1.8.0_171/jre/lib/amd64/libinstrument.so
7f1e54988000-7f1e54b87000 ---p 0000a000 08:05 1441901                    /home/andre/jdk1.8.0_171/jre/lib/amd64/libinstrument.so
7f1e54b87000-7f1e54b88000 rw-p 00009000 08:05 1441901                    /home/andre/jdk1.8.0_171/jre/lib/amd64/libinstrument.so
7f1e54b88000-7f1e54bb3000 r-xp 00000000 08:05 1441886                    /home/andre/jdk1.8.0_171/jre/lib/amd64/libjava.so
7f1e54bb3000-7f1e54db2000 ---p 0002b000 08:05 1441886                    /home/andre/jdk1.8.0_171/jre/lib/amd64/libjava.so
7f1e54db2000-7f1e54db4000 rw-p 0002a000 08:05 1441886                    /home/andre/jdk1.8.0_171/jre/lib/amd64/libjava.so
7f1e54db4000-7f1e54dc1000 r-xp 00000000 08:05 1441891                    /home/andre/jdk1.8.0_171/jre/lib/amd64/libverify.so
7f1e54dc1000-7f1e54fc1000 ---p 0000d000 08:05 1441891                    /home/andre/jdk1.8.0_171/jre/lib/amd64/libverify.so
7f1e54fc1000-7f1e54fc3000 rw-p 0000d000 08:05 1441891                    /home/andre/jdk1.8.0_171/jre/lib/amd64/libverify.so
7f1e54fc3000-7f1e54fca000 r-xp 00000000 08:05 15466702                   /lib/x86_64-linux-gnu/librt-2.23.so
7f1e54fca000-7f1e551c9000 ---p 00007000 08:05 15466702                   /lib/x86_64-linux-gnu/librt-2.23.so
7f1e551c9000-7f1e551ca000 r--p 00006000 08:05 15466702                   /lib/x86_64-linux-gnu/librt-2.23.so
7f1e551ca000-7f1e551cb000 rw-p 00007000 08:05 15466702                   /lib/x86_64-linux-gnu/librt-2.23.so
7f1e551cb000-7f1e552d3000 r-xp 00000000 08:05 15466671                   /lib/x86_64-linux-gnu/libm-2.23.so
7f1e552d3000-7f1e554d2000 ---p 00108000 08:05 15466671                   /lib/x86_64-linux-gnu/libm-2.23.so
7f1e554d2000-7f1e554d3000 r--p 00107000 08:05 15466671                   /lib/x86_64-linux-gnu/libm-2.23.so
7f1e554d3000-7f1e554d4000 rw-p 00108000 08:05 15466671                   /lib/x86_64-linux-gnu/libm-2.23.so
7f1e554d4000-7f1e561ad000 r-xp 00000000 08:05 1441868                    /home/andre/jdk1.8.0_171/jre/lib/amd64/server/libjvm.so
7f1e561ad000-7f1e563ac000 ---p 00cd9000 08:05 1441868                    /home/andre/jdk1.8.0_171/jre/lib/amd64/server/libjvm.so
7f1e563ac000-7f1e56486000 rw-p 00cd8000 08:05 1441868                    /home/andre/jdk1.8.0_171/jre/lib/amd64/server/libjvm.so
7f1e56486000-7f1e564d1000 rw-p 00000000 00:00 0 
7f1e564d1000-7f1e56691000 r-xp 00000000 08:05 15466679                   /lib/x86_64-linux-gnu/libc-2.23.so
7f1e56691000-7f1e56891000 ---p 001c0000 08:05 15466679                   /lib/x86_64-linux-gnu/libc-2.23.so
7f1e56891000-7f1e56895000 r--p 001c0000 08:05 15466679                   /lib/x86_64-linux-gnu/libc-2.23.so
7f1e56895000-7f1e56897000 rw-p 001c4000 08:05 15466679                   /lib/x86_64-linux-gnu/libc-2.23.so
7f1e56897000-7f1e5689b000 rw-p 00000000 00:00 0 
7f1e5689b000-7f1e5689e000 r-xp 00000000 08:05 15466684                   /lib/x86_64-linux-gnu/libdl-2.23.so
7f1e5689e000-7f1e56a9d000 ---p 00003000 08:05 15466684                   /lib/x86_64-linux-gnu/libdl-2.23.so
7f1e56a9d000-7f1e56a9e000 r--p 00002000 08:05 15466684                   /lib/x86_64-linux-gnu/libdl-2.23.so
7f1e56a9e000-7f1e56a9f000 rw-p 00003000 08:05 15466684                   /lib/x86_64-linux-gnu/libdl-2.23.so
7f1e56a9f000-7f1e56ab5000 r-xp 00000000 08:05 1312108                    /home/andre/jdk1.8.0_171/lib/amd64/jli/libjli.so
7f1e56ab5000-7f1e56cb4000 ---p 00016000 08:05 1312108                    /home/andre/jdk1.8.0_171/lib/amd64/jli/libjli.so
7f1e56cb4000-7f1e56cb5000 rw-p 00015000 08:05 1312108                    /home/andre/jdk1.8.0_171/lib/amd64/jli/libjli.so
7f1e56cb5000-7f1e56ccd000 r-xp 00000000 08:05 15466678                   /lib/x86_64-linux-gnu/libpthread-2.23.so
7f1e56ccd000-7f1e56ecc000 ---p 00018000 08:05 15466678                   /lib/x86_64-linux-gnu/libpthread-2.23.so
7f1e56ecc000-7f1e56ecd000 r--p 00017000 08:05 15466678                   /lib/x86_64-linux-gnu/libpthread-2.23.so
7f1e56ecd000-7f1e56ece000 rw-p 00018000 08:05 15466678                   /lib/x86_64-linux-gnu/libpthread-2.23.so
7f1e56ece000-7f1e56ed2000 rw-p 00000000 00:00 0 
7f1e56ed2000-7f1e56ef8000 r-xp 00000000 08:05 15466676                   /lib/x86_64-linux-gnu/ld-2.23.so
7f1e56ef8000-7f1e56efa000 r--s 00004000 08:05 13112344                   /home/andre/.gradle/caches/modules-2/files-2.1/org.grails/grails-plugin-url-mappings/3.3.5/5356c136fe22fea698ee60968abc88cf58cf0fbf/grails-plugin-url-mappings-3.3.5.jar
7f1e56efa000-7f1e56efc000 r--s 00003000 08:05 13112131                   /home/andre/.gradle/caches/modules-2/files-2.1/org.grails/grails-plugin-services/3.3.5/5cbba2e186c8ca351fe30eef52b525fd7c68f4f8/grails-plugin-services-3.3.5.jar
7f1e56efc000-7f1e56efd000 r--s 00003000 08:05 13112343                   /home/andre/.gradle/caches/modules-2/files-2.1/org.grails/grails-plugin-i18n/3.3.5/5c35bb21615ea91332f9abce3f64a34daec6c182/grails-plugin-i18n-3.3.5.jar
7f1e56efd000-7f1e56efe000 r--s 00004000 08:05 13112342                   /home/andre/.gradle/caches/modules-2/files-2.1/org.grails/grails-plugin-databinding/3.3.5/91a4ae7fbd038eb5fbee5b3d6f2ae6291c562d34/grails-plugin-databinding-3.3.5.jar
7f1e56efe000-7f1e56f02000 r--s 00031000 08:05 13112341                   /home/andre/.gradle/caches/modules-2/files-2.1/org.grails/grails-plugin-rest/3.3.5/225fd803f4047cf880ec8c16227f38fa0e53d630/grails-plugin-rest-3.3.5.jar
7f1e56f02000-7f1e56f03000 r--s 00000000 08:05 13112130                   /home/andre/.gradle/caches/modules-2/files-2.1/org.grails/grails-logging/3.3.5/cd27aad74b27447d2aebe1a85b4fbc89af2d3c3d/grails-logging-3.3.5.jar
7f1e56f03000-7f1e56fd4000 rw-p 00000000 00:00 0 
7f1e56fd4000-7f1e56fd7000 ---p 00000000 00:00 0 
7f1e56fd7000-7f1e570da000 rw-p 00000000 00:00 0 
7f1e570da000-7f1e570db000 r--s 00001000 08:05 13112340                   /home/andre/.gradle/caches/modules-2/files-2.1/org.grails/grails-web-boot/3.3.5/96b9ec5a3904970ecb1dd5d2d783bb54e46339f/grails-web-boot-3.3.5.jar
7f1e570db000-7f1e570dc000 r--s 00000000 08:05 13112339                   /home/andre/.gradle/caches/modules-2/files-2.1/org.springframework.boot/spring-boot-starter-tomcat/1.5.12.RELEASE/a4e81f071d2b5a9c9fb5a219b361b683a8eb3d91/spring-boot-starter-tomcat-1.5.12.RELEASE.jar
7f1e570dc000-7f1e570dd000 r--s 00000000 08:05 13112338                   /home/andre/.gradle/caches/modules-2/files-2.1/org.springframework.boot/spring-boot-starter-actuator/1.5.12.RELEASE/492b2762b659ff66970bda22802d06e1b4ce9f5b/spring-boot-starter-actuator-1.5.12.RELEASE.jar
7f1e570dd000-7f1e570de000 r--s 00000000 08:05 13112127                   /home/andre/.gradle/caches/modules-2/files-2.1/org.springframework.boot/spring-boot-starter-logging/1.5.12.RELEASE/88b9a16ff87f0a7faec7848e9a5626ffbbac588f/spring-boot-starter-logging-1.5.12.RELEASE.jar
7f1e570de000-7f1e570ed000 rw-p 00000000 00:00 0 
7f1e570ed000-7f1e570f5000 rw-s 00000000 08:05 13107484                   /tmp/hsperfdata_andre/21365
7f1e570f5000-7f1e570f6000 rw-p 00000000 00:00 0 
7f1e570f6000-7f1e570f7000 r--p 00000000 00:00 0 
7f1e570f7000-7f1e570f8000 r--p 00025000 08:05 15466676                   /lib/x86_64-linux-gnu/ld-2.23.so
7f1e570f8000-7f1e570f9000 rw-p 00026000 08:05 15466676                   /lib/x86_64-linux-gnu/ld-2.23.so
7f1e570f9000-7f1e570fa000 rw-p 00000000 00:00 0 
7ffc16a6f000-7ffc16a95000 rw-p 00000000 00:00 0                          [stack]
7ffc16bb3000-7ffc16bb6000 r--p 00000000 00:00 0                          [vvar]
7ffc16bb6000-7ffc16bb8000 r-xp 00000000 00:00 0                          [vdso]
ffffffffff600000-ffffffffff601000 r-xp 00000000 00:00 0                  [vsyscall]

VM Arguments:
jvm_args: -Dendpoints.shutdown.enabled=true -Denv=development -Dfull.stacktrace=false -Dgrails.env=development -Dgrails.full.stacktrace=false -Dinfo.app.grailsVersion=3.3.5 -Dinfo.app.name=test-project -Dinfo.app.version=0.1 -Djdk.reflect.allowGetCallerClass=true -Drun.active=true -Dspring.output.ansi.enabled=always -Dspring.profiles.active -Dspringloaded=inclusions=grails.plugins..*;synchronize=true;allowSplitPackages=true;cacheDir=/home/andre/Projetos/test-project/build/springloaded -Dverbose=false -XX:+TieredCompilation -XX:TieredStopAtLevel=1 -XX:CICompilerCount=3 -javaagent:/home/andre/.gradle/caches/modules-2/files-2.1/org.springframework/springloaded/1.2.8.RELEASE/b60bac05b0451cdc1863bfec617f39aa0dcaaa43/springloaded-1.2.8.RELEASE.jar -Xverify:none -Xms768m -Xmx768m -Dfile.encoding=UTF-8 -Duser.country=BR -Duser.language=pt -Duser.variant 
java_command: test.project.Application
java_class_path (initial): /home/andre/Projetos/test-project/src/main/resources:/home/andre/Projetos/test-project/grails-app/views:/home/andre/Projetos/test-project/grails-app/i18n:/home/andre/Projetos/test-project/grails-app/conf:/home/andre/Projetos/test-project/build/classes/main:/home/andre/Projetos/test-project/build/resources/main:/home/andre/Projetos/test-project/gsp-classes:/home/andre/.gradle/caches/modules-2/files-2.1/org.springframework.boot/spring-boot-starter-logging/1.5.12.RELEASE/88b9a16ff87f0a7faec7848e9a5626ffbbac588f/spring-boot-starter-logging-1.5.12.RELEASE.jar:/home/andre/.gradle/caches/modules-2/files-2.1/org.springframework.boot/spring-boot-autoconfigure/1.5.12.RELEASE/932ab2609793ebc00576cbae77085bb83e5c9008/spring-boot-autoconfigure-1.5.12.RELEASE.jar:/home/andre/.gradle/caches/modules-2/files-2.1/org.grails/grails-core/3.3.5/8044ecc48da9a8427953ffb1b7fe0a169b5b75eb/grails-core-3.3.5.jar:/home/andre/.gradle/caches/modules-2/files-2.1/org.springframework.boot/spring-boot-starter-actuator/1.5.12.RELEASE/492b2762b659ff66970bda22802d06e1b4ce9f5b/spring-boot-starter-actuator-1.5.12.RELEASE.jar:/home/andre/.gradle/caches/modules-2/files-2.1/org.springframework.boot/spring-boot-starter-tomcat/1.5.12.RELEASE/a4e81f071d2b5a9c9fb5a219b361b683a8eb3d91/spring-boot-starter-tomcat-1.5.12.RELEASE.jar:/home/andre/.gradle/caches/modules-2/files-2.1/org.grails/grails-web-boot/3.3.5/96b9ec5a3904970ecb1dd5d2d783bb54e46339f/grails-web-boot-3.3.5.jar:/home/andre/.gradle/caches/modules-2/files-2.1/org.grails/grails-logging/3.3.5/cd27aad74b27447d2aebe1a85b4fbc89af2d3c3d/grails-logging-3.3.5.jar:/home/andre/.gradle/caches/modules-2/files-2.1/org.grails/grails-plugin-rest/3.3.5/225fd803f4047cf880ec8c16227f38fa0e53d630/grails-plugin-rest-3.3.5.jar:/home/andre/.gradle/caches/modules-2/files-2.1/org.grails/grails-plugin-databinding/3.3.5/91a4ae7fbd038eb5fbee5b3d6f2ae6291c562d34/grails-plugin-databinding-3.3.5.jar:/home/andre/.gradle/caches/modules-2/files-2.1/org.grai
Launcher Type: SUN_STANDARD

Environment Variables:
PATH=/home/andre/bin:/home/andre/.local/bin:/usr/local/sbin:/usr/local/bin:/usr/sbin:/usr/bin:/sbin:/bin:/usr/games:/usr/local/games:/snap/bin
LD_LIBRARY_PATH=/home/andre/Downloads/idea-IU-172.4343.14/bin:
SHELL=/bin/bash
DISPLAY=:0

Signal Handlers:
SIGSEGV: [libjvm.so+0xad0890], sa_mask[0]=11111111011111111101111111111110, sa_flags=SA_RESTART|SA_SIGINFO
SIGBUS: [libjvm.so+0xad0890], sa_mask[0]=11111111011111111101111111111110, sa_flags=SA_RESTART|SA_SIGINFO
SIGFPE: [libjvm.so+0x928640], sa_mask[0]=11111111011111111101111111111110, sa_flags=SA_RESTART|SA_SIGINFO
SIGPIPE: [libjvm.so+0x928640], sa_mask[0]=11111111011111111101111111111110, sa_flags=SA_RESTART|SA_SIGINFO
SIGXFSZ: [libjvm.so+0x928640], sa_mask[0]=11111111011111111101111111111110, sa_flags=SA_RESTART|SA_SIGINFO
SIGILL: [libjvm.so+0x928640], sa_mask[0]=11111111011111111101111111111110, sa_flags=SA_RESTART|SA_SIGINFO
SIGUSR1: SIG_DFL, sa_mask[0]=00000000000000000000000000000000, sa_flags=none
SIGUSR2: [libjvm.so+0x929ea0], sa_mask[0]=00100000000000000000000000000000, sa_flags=SA_RESTART|SA_SIGINFO
SIGHUP: [libjvm.so+0x92b2a0], sa_mask[0]=11111111011111111101111111111110, sa_flags=SA_RESTART|SA_SIGINFO
SIGINT: [libjvm.so+0x92b2a0], sa_mask[0]=11111111011111111101111111111110, sa_flags=SA_RESTART|SA_SIGINFO
SIGTERM: [libjvm.so+0x92b2a0], sa_mask[0]=11111111011111111101111111111110, sa_flags=SA_RESTART|SA_SIGINFO
SIGQUIT: [libjvm.so+0x92b2a0], sa_mask[0]=11111111011111111101111111111110, sa_flags=SA_RESTART|SA_SIGINFO


---------------  S Y S T E M  ---------------

OS:DISTRIB_ID=Ubuntu
DISTRIB_RELEASE=16.04
DISTRIB_CODENAME=xenial
DISTRIB_DESCRIPTION="Ubuntu 16.04.3 LTS"

uname:Linux 4.15.0-58-generic #64~16.04.1-Ubuntu SMP Wed Aug 7 14:10:35 UTC 2019 x86_64
libc:glibc 2.23 NPTL 2.23 
rlimit: STACK 8192k, CORE 0k, NPROC 63175, NOFILE 1048576, AS infinity
load average:1,25 0,94 0,83

/proc/meminfo:
MemTotal:       16290836 kB
MemFree:         7406996 kB
MemAvailable:    9883228 kB
Buffers:          219288 kB
Cached:          2750360 kB
SwapCached:            0 kB
Active:          6487404 kB
Inactive:        1944908 kB
Active(anon):    5468724 kB
Inactive(anon):   314832 kB
Active(file):    1018680 kB
Inactive(file):  1630076 kB
Unevictable:         880 kB
Mlocked:             880 kB
SwapTotal:      16642044 kB
SwapFree:       16642044 kB
Dirty:             11172 kB
Writeback:             0 kB
AnonPages:       5463568 kB
Mapped:           774780 kB
Shmem:            320892 kB
Slab:             269248 kB
SReclaimable:     165824 kB
SUnreclaim:       103424 kB
KernelStack:       18144 kB
PageTables:        71136 kB
NFS_Unstable:          0 kB
Bounce:                0 kB
WritebackTmp:          0 kB
CommitLimit:    24787460 kB
Committed_AS:   15808632 kB
VmallocTotal:   34359738367 kB
VmallocUsed:           0 kB
VmallocChunk:          0 kB
HardwareCorrupted:     0 kB
AnonHugePages:      8192 kB
ShmemHugePages:        0 kB
ShmemPmdMapped:        0 kB
CmaTotal:              0 kB
CmaFree:               0 kB
HugePages_Total:       0
HugePages_Free:        0
HugePages_Rsvd:        0
HugePages_Surp:        0
Hugepagesize:       2048 kB
DirectMap4k:      291444 kB
DirectMap2M:    11108352 kB
DirectMap1G:     5242880 kB


CPU:total 4 (initial active 4) (2 cores per cpu, 2 threads per core) family 6 model 142 stepping 9, cmov, cx8, fxsr, mmx, sse, sse2, sse3, ssse3, sse4.1, sse4.2, popcnt, avx, avx2, aes, clmul, erms, 3dnowpref, lzcnt, ht, tsc, tscinvbit, bmi1, bmi2, adx

/proc/cpuinfo:
processor	: 0
vendor_id	: GenuineIntel
cpu family	: 6
model		: 142
model name	: Intel(R) Core(TM) i7-7500U CPU @ 2.70GHz
stepping	: 9
microcode	: 0xb4
cpu MHz		: 893.306
cache size	: 4096 KB
physical id	: 0
siblings	: 4
core id		: 0
cpu cores	: 2
apicid		: 0
initial apicid	: 0
fpu		: yes
fpu_exception	: yes
cpuid level	: 22
wp		: yes
flags		: fpu vme de pse tsc msr pae mce cx8 apic sep mtrr pge mca cmov pat pse36 clflush dts acpi mmx fxsr sse sse2 ss ht tm pbe syscall nx pdpe1gb rdtscp lm constant_tsc art arch_perfmon pebs bts rep_good nopl xtopology nonstop_tsc cpuid aperfmperf tsc_known_freq pni pclmulqdq dtes64 monitor ds_cpl vmx est tm2 ssse3 sdbg fma cx16 xtpr pdcm pcid sse4_1 sse4_2 x2apic movbe popcnt tsc_deadline_timer aes xsave avx f16c rdrand lahf_lm abm 3dnowprefetch cpuid_fault epb invpcid_single pti ssbd ibrs ibpb stibp tpr_shadow vnmi flexpriority ept vpid fsgsbase tsc_adjust bmi1 avx2 smep bmi2 erms invpcid mpx rdseed adx smap clflushopt intel_pt xsaveopt xsavec xgetbv1 xsaves dtherm ida arat pln pts hwp hwp_notify hwp_act_window hwp_epp md_clear flush_l1d
bugs		: cpu_meltdown spectre_v1 spectre_v2 spec_store_bypass l1tf mds swapgs
bogomips	: 5808.00
clflush size	: 64
cache_alignment	: 64
address sizes	: 39 bits physical, 48 bits virtual
power management:

processor	: 1
vendor_id	: GenuineIntel
cpu family	: 6
model		: 142
model name	: Intel(R) Core(TM) i7-7500U CPU @ 2.70GHz
stepping	: 9
microcode	: 0xb4
cpu MHz		: 886.512
cache size	: 4096 KB
physical id	: 0
siblings	: 4
core id		: 1
cpu cores	: 2
apicid		: 2
initial apicid	: 2
fpu		: yes
fpu_exception	: yes
cpuid level	: 22
wp		: yes
flags		: fpu vme de pse tsc msr pae mce cx8 apic sep mtrr pge mca cmov pat pse36 clflush dts acpi mmx fxsr sse sse2 ss ht tm pbe syscall nx pdpe1gb rdtscp lm constant_tsc art arch_perfmon pebs bts rep_good nopl xtopology nonstop_tsc cpuid aperfmperf tsc_known_freq pni pclmulqdq dtes64 monitor ds_cpl vmx est tm2 ssse3 sdbg fma cx16 xtpr pdcm pcid sse4_1 sse4_2 x2apic movbe popcnt tsc_deadline_timer aes xsave avx f16c rdrand lahf_lm abm 3dnowprefetch cpuid_fault epb invpcid_single pti ssbd ibrs ibpb stibp tpr_shadow vnmi flexpriority ept vpid fsgsbase tsc_adjust bmi1 avx2 smep bmi2 erms invpcid mpx rdseed adx smap clflushopt intel_pt xsaveopt xsavec xgetbv1 xsaves dtherm ida arat pln pts hwp hwp_notify hwp_act_window hwp_epp md_clear flush_l1d
bugs		: cpu_meltdown spectre_v1 spectre_v2 spec_store_bypass l1tf mds swapgs
bogomips	: 5808.00
clflush size	: 64
cache_alignment	: 64
address sizes	: 39 bits physical, 48 bits virtual
power management:

processor	: 2
vendor_id	: GenuineIntel
cpu family	: 6
model		: 142
model name	: Intel(R) Core(TM) i7-7500U CPU @ 2.70GHz
stepping	: 9
microcode	: 0xb4
cpu MHz		: 1120.263
cache size	: 4096 KB
physical id	: 0
siblings	: 4
core id		: 0
cpu cores	: 2
apicid		: 1
initial apicid	: 1
fpu		: yes
fpu_exception	: yes
cpuid level	: 22
wp		: yes
flags		: fpu vme de pse tsc msr pae mce cx8 apic sep mtrr pge mca cmov pat pse36 clflush dts acpi mmx fxsr sse sse2 ss ht tm pbe syscall nx pdpe1gb rdtscp lm constant_tsc art arch_perfmon pebs bts rep_good nopl xtopology nonstop_tsc cpuid aperfmperf tsc_known_freq pni pclmulqdq dtes64 monitor ds_cpl vmx est tm2 ssse3 sdbg fma cx16 xtpr pdcm pcid sse4_1 sse4_2 x2apic movbe popcnt tsc_deadline_timer aes xsave avx f16c rdrand lahf_lm abm 3dnowprefetch cpuid_fault epb invpcid_single pti ssbd ibrs ibpb stibp tpr_shadow vnmi flexpriority ept vpid fsgsbase tsc_adjust bmi1 avx2 smep bmi2 erms invpcid mpx rdseed adx smap clflushopt intel_pt xsaveopt xsavec xgetbv1 xsaves dtherm ida arat pln pts hwp hwp_notify hwp_act_window hwp_epp md_clear flush_l1d
bugs		: cpu_meltdown spectre_v1 spectre_v2 spec_store_bypass l1tf mds swapgs
bogomips	: 5808.00
clflush size	: 64
cache_alignment	: 64
address sizes	: 39 bits physical, 48 bits virtual
power management:

processor	: 3
vendor_id	: GenuineIntel
cpu family	: 6
model		: 142
model name	: Intel(R) Core(TM) i7-7500U CPU @ 2.70GHz
stepping	: 9
microcode	: 0xb4
cpu MHz		: 878.137
cache size	: 4096 KB
physical id	: 0
siblings	: 4
core id		: 1
cpu cores	: 2
apicid		: 3
initial apicid	: 3
fpu		: yes
fpu_exception	: yes
cpuid level	: 22
wp		: yes
flags		: fpu vme de pse tsc msr pae mce cx8 apic sep mtrr pge mca cmov pat pse36 clflush dts acpi mmx fxsr sse sse2 ss ht tm pbe syscall nx pdpe1gb rdtscp lm constant_tsc art arch_perfmon pebs bts rep_good nopl xtopology nonstop_tsc cpuid aperfmperf tsc_known_freq pni pclmulqdq dtes64 monitor ds_cpl vmx est tm2 ssse3 sdbg fma cx16 xtpr pdcm pcid sse4_1 sse4_2 x2apic movbe popcnt tsc_deadline_timer aes xsave avx f16c rdrand lahf_lm abm 3dnowprefetch cpuid_fault epb invpcid_single pti ssbd ibrs ibpb stibp tpr_shadow vnmi flexpriority ept vpid fsgsbase tsc_adjust bmi1 avx2 smep bmi2 erms invpcid mpx rdseed adx smap clflushopt intel_pt xsaveopt xsavec xgetbv1 xsaves dtherm ida arat pln pts hwp hwp_notify hwp_act_window hwp_epp md_clear flush_l1d
bugs		: cpu_meltdown spectre_v1 spectre_v2 spec_store_bypass l1tf mds swapgs
bogomips	: 5808.00
clflush size	: 64
cache_alignment	: 64
address sizes	: 39 bits physical, 48 bits virtual
power management:



Memory: 4k page, physical 16290836k(7406996k free), swap 16642044k(16642044k free)

vm_info: Java HotSpot(TM) 64-Bit Server VM (25.171-b11) for linux-amd64 JRE (1.8.0_171-b11), built on Mar 28 2018 17:07:08 by "java_re" with gcc 4.3.0 20080428 (Red Hat 4.3.0-8)

time: Thu Sep  5 00:13:35 2019
elapsed time: 2279 seconds (0d 0h 37m 59s)

