#
# A fatal error has been detected by the Java Runtime Environment:
#
#  SIGSEGV (0xb) at pc=0x00007fc3e5ed002e, pid=26531, tid=0x00007fc38fbfd700
#
# JRE version: Java(TM) SE Runtime Environment (8.0_171-b11) (build 1.8.0_171-b11)
# Java VM: Java HotSpot(TM) 64-Bit Server VM (25.171-b11 mixed mode linux-amd64 compressed oops)
# Problematic frame:
# J 6798 C1 org.codehaus.groovy.runtime.ArrayUtil.createArray(Ljava/lang/Object;Ljava/lang/Object;Ljava/lang/Object;Ljava/lang/Object;)[Ljava/lang/Object; (21 bytes) @ 0x00007fc3e5ed002e [0x00007fc3e5ecff00+0x12e]
#
# Failed to write core dump. Core dumps have been disabled. To enable core dumping, try "ulimit -c unlimited" before starting Java again
#
# If you would like to submit a bug report, please visit:
#   http://bugreport.java.com/bugreport/crash.jsp
#

---------------  T H R E A D  ---------------

Current thread (0x00007fc3f57f4800):  JavaThread "http-nio-8080-exec-2" daemon [_thread_in_Java, id=26621, stack(0x00007fc38fafd000,0x00007fc38fbfe000)]

siginfo: si_signo: 11 (SIGSEGV), si_code: 1 (SEGV_MAPERR), si_addr: 0x0000000000000028

Registers:
RAX=0x00000000f0ccd420, RBX=0x0000000100000f28, RCX=0x0000000000000028, RDX=0x0000000000000000
RSP=0x00007fc38fbf58c0, RBP=0x00007fc38fbf5978, RSI=0x00000000f0ccd434, RDI=0x00007fc3f975d000
R8 =0x0000000000001fa0, R9 =0x00000000d15baa60, R10=0x00000000d15baa60, R11=0x00007fc3f57f4800
R12=0x0000000000000000, R13=0x0000000000000000, R14=0x00007fc38fbf59b8, R15=0x00007fc3f57f4800
RIP=0x00007fc3e5ed002e, EFLAGS=0x0000000000010297, CSGSFS=0x002b000000000033, ERR=0x0000000000000004
  TRAPNO=0x000000000000000e

Top of Stack: (sp=0x00007fc38fbf58c0)
0x00007fc38fbf58c0:   00007fc38e4ec070 00007fc3f57f4800
0x00007fc38fbf58d0:   00007fc38e4ec070 00007fc3f57f4800
0x00007fc38fbf58e0:   00007fc38e4f0020 00007fc3f57f4800
0x00007fc38fbf58f0:   00007fc38fbf5978 00007fc3e5008040
0x00007fc38fbf5900:   00007fc3e5008040 0000000000001fa0
0x00007fc38fbf5910:   0000000000000000 00007fc3f57f4800
0x00007fc38fbf5920:   00000000d15baa60 00000000d33471b8
0x00007fc38fbf5930:   00000000ff164248 00007fc38fbf5938
0x00007fc38fbf5940:   00007fc3e4b5d3f3 00007fc38fbf59b8
0x00007fc38fbf5950:   00007fc3e4b5f350 0000000000000000
0x00007fc38fbf5960:   00007fc3e4b5d460 00007fc38fbf5908
0x00007fc38fbf5970:   00007fc38fbf5990 00007fc38fbf5a00
0x00007fc38fbf5980:   00007fc3e5008114 00000000ff164248
0x00007fc38fbf5990:   0000000000001fa0 0000000000000000
0x00007fc38fbf59a0:   00007fc3f57f4800 00000000d15baa60
0x00007fc38fbf59b0:   00000000d33471b8 00000000ff164248
0x00007fc38fbf59c0:   00007fc38fbf59c0 00007fc38e4effe0
0x00007fc38fbf59d0:   00007fc38fbf5a28 00007fc38e4fd9f8
0x00007fc38fbf59e0:   0000000000000000 00007fc38e4f0020
0x00007fc38fbf59f0:   00007fc38fbf5990 00007fc38fbf5a18
0x00007fc38fbf5a00:   00007fc38fbf5a70 00007fc3e5008040
0x00007fc38fbf5a10:   00000000ff152490 0000000000001fa0
0x00007fc38fbf5a20:   0000000000000000 00007fc3f57f4800
0x00007fc38fbf5a30:   00007fc38fbf5a30 00007fc38e4e42ac
0x00007fc38fbf5a40:   00007fc38fbf5aa0 00007fc38e4fb9f8
0x00007fc38fbf5a50:   0000000000000000 00007fc38e4e42b0
0x00007fc38fbf5a60:   00007fc38fbf5a18 00007fc38fbf5a80
0x00007fc38fbf5a70:   00007fc38fbf5ae8 00007fc3e5008114
0x00007fc38fbf5a80:   0000000000001fa0 0000000000000000
0x00007fc38fbf5a90:   00007fc3f57f4800 0000000000000000
0x00007fc38fbf5aa0:   00000000ff14e330 00007fc38fbf5aa8
0x00007fc38fbf5ab0:   00007fc3d4d98729 00007fc38fbf5b10 

Instructions: (pc=0x00007fc3e5ed002e)
0x00007fc3e5ed000e:   08 48 c1 e3 03 41 8b 53 08 48 c1 e2 03 48 8b 9b
0x00007fc3e5ed001e:   e8 00 00 00 48 3b d3 0f 84 28 00 00 00 8b 4b 0c
0x00007fc3e5ed002e:   48 3b 1c 0a 0f 84 1b 00 00 00 83 f9 18 0f 85 0f
0x00007fc3e5ed003e:   01 00 00 52 53 e8 18 f1 22 ff 5a 5b 83 fb 00 0f 

Register to memory mapping:

RAX=0x00000000f0ccd420 is an oop
[Ljava.lang.Object; 
 - klass: 'java/lang/Object'[]
 - length: 4
RBX=0x0000000100000f28 is pointing into metadata
RCX=0x0000000000000028 is an unknown value
RDX=0x0000000000000000 is an unknown value
RSP=0x00007fc38fbf58c0 is pointing into the stack for thread: 0x00007fc3f57f4800
RBP=0x00007fc38fbf5978 is pointing into the stack for thread: 0x00007fc3f57f4800
RSI=0x00000000f0ccd434 is an unknown value
RDI=0x00007fc3f975d000 is an unknown value
R8 =0x0000000000001fa0 is an unknown value
R9 =0x00000000d15baa60 is an oop
java.lang.Class 
 - klass: 'java/lang/Class'
R10=0x00000000d15baa60 is an oop
java.lang.Class 
 - klass: 'java/lang/Class'
R11=0x00007fc3f57f4800 is a thread
R12=0x0000000000000000 is an unknown value
R13=0x0000000000000000 is an unknown value
R14=0x00007fc38fbf59b8 is pointing into the stack for thread: 0x00007fc3f57f4800
R15=0x00007fc3f57f4800 is a thread


Stack: [0x00007fc38fafd000,0x00007fc38fbfe000],  sp=0x00007fc38fbf58c0,  free space=994k
Native frames: (J=compiled Java code, j=interpreted, Vv=VM code, C=native code)
J 6798 C1 org.codehaus.groovy.runtime.ArrayUtil.createArray(Ljava/lang/Object;Ljava/lang/Object;Ljava/lang/Object;Ljava/lang/Object;)[Ljava/lang/Object; (21 bytes) @ 0x00007fc3e5ed002e [0x00007fc3e5ecff00+0x12e]
j  org.codehaus.groovy.runtime.callsite.AbstractCallSite.call(Ljava/lang/Object;Ljava/lang/Object;Ljava/lang/Object;Ljava/lang/Object;Ljava/lang/Object;)Ljava/lang/Object;+43
j  test.project.BaseRate$$ERbAA7km.executeQuery(Ljava/lang/CharSequence;Ljava/util/Map;Ljava/util/Map;)Ljava/util/List;+16
j  test.project.BaseRate$$DRbAA7km.executeQuery(Ltest/project/BaseRate;Ljava/lang/CharSequence;Ljava/util/Map;Ljava/util/Map;)Ljava/util/List;+4
j  test.project.BaseRate.executeQuery(Ljava/lang/CharSequence;Ljava/util/Map;Ljava/util/Map;)Ljava/util/List;+25
v  ~StubRoutines::call_stub
V  [libjvm.so+0x695b96]  JavaCalls::call_helper(JavaValue*, methodHandle*, JavaCallArguments*, Thread*)+0x1056
V  [libjvm.so+0x9a4677]  Reflection::invoke(instanceKlassHandle, methodHandle, Handle, bool, objArrayHandle, BasicType, objArrayHandle, bool, Thread*)+0x5d7
V  [libjvm.so+0x9a7d87]  Reflection::invoke_method(oopDesc*, Handle, objArrayHandle, Thread*)+0x147
V  [libjvm.so+0x727d4b]  JVM_InvokeMethod+0x26b
J 2015  sun.reflect.NativeMethodAccessorImpl.invoke0(Ljava/lang/reflect/Method;Ljava/lang/Object;[Ljava/lang/Object;)Ljava/lang/Object; (0 bytes) @ 0x00007fc3e55968ed [0x00007fc3e5596800+0xed]
J 2014 C1 sun.reflect.NativeMethodAccessorImpl.invoke(Ljava/lang/Object;[Ljava/lang/Object;)Ljava/lang/Object; (104 bytes) @ 0x00007fc3e5596f94 [0x00007fc3e5596c20+0x374]
J 771 C1 sun.reflect.DelegatingMethodAccessorImpl.invoke(Ljava/lang/Object;[Ljava/lang/Object;)Ljava/lang/Object; (10 bytes) @ 0x00007fc3e5389c44 [0x00007fc3e5389c00+0x44]
J 770 C1 java.lang.reflect.Method.invoke(Ljava/lang/Object;[Ljava/lang/Object;)Ljava/lang/Object; (62 bytes) @ 0x00007fc3e5389854 [0x00007fc3e5389760+0xf4]
J 1895 C1 org.springsource.loaded.ri.ReflectiveInterceptor.jlrMethodInvoke(Ljava/lang/reflect/Method;Ljava/lang/Object;[Ljava/lang/Object;)Ljava/lang/Object; (2214 bytes) @ 0x00007fc3e5554494 [0x00007fc3e5552e60+0x1634]
J 3550 C1 org.codehaus.groovy.reflection.CachedMethod.invoke(Ljava/lang/Object;[Ljava/lang/Object;)Ljava/lang/Object; (70 bytes) @ 0x00007fc3e58e0334 [0x00007fc3e58e0300+0x34]
J 3292 C1 groovy.lang.MetaMethod.doMethodInvoke(Ljava/lang/Object;[Ljava/lang/Object;)Ljava/lang/Object; (22 bytes) @ 0x00007fc3e5844d14 [0x00007fc3e5844ca0+0x74]
J 4037 C1 org.codehaus.groovy.runtime.metaclass.MethodMetaProperty$GetBeanMethodMetaProperty.getProperty(Ljava/lang/Object;)Ljava/lang/Object; (12 bytes) @ 0x00007fc3e59d0d4c [0x00007fc3e59d0d00+0x4c]
j  org.codehaus.groovy.runtime.callsite.GetEffectivePogoPropertySite.getProperty(Ljava/lang/Object;)Ljava/lang/Object;+5
J 3570 C1 org.codehaus.groovy.runtime.callsite.AbstractCallSite.callGetProperty(Ljava/lang/Object;)Ljava/lang/Object; (12 bytes) @ 0x00007fc3e58ec764 [0x00007fc3e58ec700+0x64]
j  home_andre_Projetos_test_project_grails_app_views_business_index_gsp$_run_closure2$_closure27.doCall(Ljava/lang/Object;)Ljava/lang/Object;+24
v  ~StubRoutines::call_stub
V  [libjvm.so+0x695b96]  JavaCalls::call_helper(JavaValue*, methodHandle*, JavaCallArguments*, Thread*)+0x1056
V  [libjvm.so+0x9a4677]  Reflection::invoke(instanceKlassHandle, methodHandle, Handle, bool, objArrayHandle, BasicType, objArrayHandle, bool, Thread*)+0x5d7
V  [libjvm.so+0x9a7d87]  Reflection::invoke_method(oopDesc*, Handle, objArrayHandle, Thread*)+0x147
V  [libjvm.so+0x727d4b]  JVM_InvokeMethod+0x26b
J 2015  sun.reflect.NativeMethodAccessorImpl.invoke0(Ljava/lang/reflect/Method;Ljava/lang/Object;[Ljava/lang/Object;)Ljava/lang/Object; (0 bytes) @ 0x00007fc3e55968ed [0x00007fc3e5596800+0xed]
J 2014 C1 sun.reflect.NativeMethodAccessorImpl.invoke(Ljava/lang/Object;[Ljava/lang/Object;)Ljava/lang/Object; (104 bytes) @ 0x00007fc3e5596f94 [0x00007fc3e5596c20+0x374]
J 771 C1 sun.reflect.DelegatingMethodAccessorImpl.invoke(Ljava/lang/Object;[Ljava/lang/Object;)Ljava/lang/Object; (10 bytes) @ 0x00007fc3e5389c44 [0x00007fc3e5389c00+0x44]
J 770 C1 java.lang.reflect.Method.invoke(Ljava/lang/Object;[Ljava/lang/Object;)Ljava/lang/Object; (62 bytes) @ 0x00007fc3e5389854 [0x00007fc3e5389760+0xf4]
J 1895 C1 org.springsource.loaded.ri.ReflectiveInterceptor.jlrMethodInvoke(Ljava/lang/reflect/Method;Ljava/lang/Object;[Ljava/lang/Object;)Ljava/lang/Object; (2214 bytes) @ 0x00007fc3e55545e4 [0x00007fc3e5552e60+0x1784]
J 3550 C1 org.codehaus.groovy.reflection.CachedMethod.invoke(Ljava/lang/Object;[Ljava/lang/Object;)Ljava/lang/Object; (70 bytes) @ 0x00007fc3e58e0334 [0x00007fc3e58e0300+0x34]
J 3292 C1 groovy.lang.MetaMethod.doMethodInvoke(Ljava/lang/Object;[Ljava/lang/Object;)Ljava/lang/Object; (22 bytes) @ 0x00007fc3e5844d14 [0x00007fc3e5844ca0+0x74]
J 3529 C1 org.codehaus.groovy.runtime.metaclass.ClosureMetaClass.invokeMethod(Ljava/lang/Class;Ljava/lang/Object;Ljava/lang/String;[Ljava/lang/Object;ZZ)Ljava/lang/Object; (872 bytes) @ 0x00007fc3e58d2d2c [0x00007fc3e58d1b80+0x11ac]
J 1894 C1 groovy.lang.MetaClassImpl.invokeMethod(Ljava/lang/Object;Ljava/lang/String;[Ljava/lang/Object;)Ljava/lang/Object; (14 bytes) @ 0x00007fc3e5551ddc [0x00007fc3e5551d80+0x5c]
J 4071 C1 groovy.lang.Closure.call([Ljava/lang/Object;)Ljava/lang/Object; (30 bytes) @ 0x00007fc3e59dc5bc [0x00007fc3e59dc540+0x7c]
J 5482 C1 groovy.lang.Closure.call(Ljava/lang/Object;)Ljava/lang/Object; (13 bytes) @ 0x00007fc3e5c03074 [0x00007fc3e5c02f40+0x134]
j  org.grails.gsp.GroovyPage.evaluate(Ljava/lang/String;ILjava/lang/Object;Lgroovy/lang/Closure;)Ljava/lang/Object;+3
j  sun.reflect.GeneratedMethodAccessor84.invoke(Ljava/lang/Object;[Ljava/lang/Object;)Ljava/lang/Object;+138
J 771 C1 sun.reflect.DelegatingMethodAccessorImpl.invoke(Ljava/lang/Object;[Ljava/lang/Object;)Ljava/lang/Object; (10 bytes) @ 0x00007fc3e5389c44 [0x00007fc3e5389c00+0x44]
J 770 C1 java.lang.reflect.Method.invoke(Ljava/lang/Object;[Ljava/lang/Object;)Ljava/lang/Object; (62 bytes) @ 0x00007fc3e5389854 [0x00007fc3e5389760+0xf4]
J 1895 C1 org.springsource.loaded.ri.ReflectiveInterceptor.jlrMethodInvoke(Ljava/lang/reflect/Method;Ljava/lang/Object;[Ljava/lang/Object;)Ljava/lang/Object; (2214 bytes) @ 0x00007fc3e55545e4 [0x00007fc3e5552e60+0x1784]
J 3550 C1 org.codehaus.groovy.reflection.CachedMethod.invoke(Ljava/lang/Object;[Ljava/lang/Object;)Ljava/lang/Object; (70 bytes) @ 0x00007fc3e58e0334 [0x00007fc3e58e0300+0x34]
J 3292 C1 groovy.lang.MetaMethod.doMethodInvoke(Ljava/lang/Object;[Ljava/lang/Object;)Ljava/lang/Object; (22 bytes) @ 0x00007fc3e5844d14 [0x00007fc3e5844ca0+0x74]
J 3529 C1 org.codehaus.groovy.runtime.metaclass.ClosureMetaClass.invokeMethod(Ljava/lang/Class;Ljava/lang/Object;Ljava/lang/String;[Ljava/lang/Object;ZZ)Ljava/lang/Object; (872 bytes) @ 0x00007fc3e58d2cf4 [0x00007fc3e58d1b80+0x1174]
J 1894 C1 groovy.lang.MetaClassImpl.invokeMethod(Ljava/lang/Object;Ljava/lang/String;[Ljava/lang/Object;)Ljava/lang/Object; (14 bytes) @ 0x00007fc3e5551ddc [0x00007fc3e5551d80+0x5c]
J 6615 C1 org.codehaus.groovy.runtime.callsite.PogoMetaClassSite.callCurrent(Lgroovy/lang/GroovyObject;[Ljava/lang/Object;)Ljava/lang/Object; (92 bytes) @ 0x00007fc3e5e8138c [0x00007fc3e5e81280+0x10c]
J 6126 C1 org.codehaus.groovy.runtime.callsite.AbstractCallSite.callCurrent(Lgroovy/lang/GroovyObject;[Ljava/lang/Object;)Ljava/lang/Object; (7 bytes) @ 0x00007fc3e5839cb4 [0x00007fc3e5839c40+0x74]
j  org.codehaus.groovy.runtime.callsite.AbstractCallSite.callCurrent(Lgroovy/lang/GroovyObject;Ljava/lang/Object;Ljava/lang/Object;Ljava/lang/Object;Ljava/lang/Object;)Ljava/lang/Object;+46
j  home_andre_Projetos_test_project_grails_app_views_business_index_gsp$_run_closure2.doCall()Ljava/lang/Object;+1302
v  ~StubRoutines::call_stub
V  [libjvm.so+0x695b96]  JavaCalls::call_helper(JavaValue*, methodHandle*, JavaCallArguments*, Thread*)+0x1056
V  [libjvm.so+0x9a4677]  Reflection::invoke(instanceKlassHandle, methodHandle, Handle, bool, objArrayHandle, BasicType, objArrayHandle, bool, Thread*)+0x5d7
V  [libjvm.so+0x9a7d87]  Reflection::invoke_method(oopDesc*, Handle, objArrayHandle, Thread*)+0x147
V  [libjvm.so+0x727d4b]  JVM_InvokeMethod+0x26b
J 2015  sun.reflect.NativeMethodAccessorImpl.invoke0(Ljava/lang/reflect/Method;Ljava/lang/Object;[Ljava/lang/Object;)Ljava/lang/Object; (0 bytes) @ 0x00007fc3e55968ed [0x00007fc3e5596800+0xed]
J 2014 C1 sun.reflect.NativeMethodAccessorImpl.invoke(Ljava/lang/Object;[Ljava/lang/Object;)Ljava/lang/Object; (104 bytes) @ 0x00007fc3e5596f94 [0x00007fc3e5596c20+0x374]
J 771 C1 sun.reflect.DelegatingMethodAccessorImpl.invoke(Ljava/lang/Object;[Ljava/lang/Object;)Ljava/lang/Object; (10 bytes) @ 0x00007fc3e5389c44 [0x00007fc3e5389c00+0x44]
J 770 C1 java.lang.reflect.Method.invoke(Ljava/lang/Object;[Ljava/lang/Object;)Ljava/lang/Object; (62 bytes) @ 0x00007fc3e5389854 [0x00007fc3e5389760+0xf4]
J 1895 C1 org.springsource.loaded.ri.ReflectiveInterceptor.jlrMethodInvoke(Ljava/lang/reflect/Method;Ljava/lang/Object;[Ljava/lang/Object;)Ljava/lang/Object; (2214 bytes) @ 0x00007fc3e55545e4 [0x00007fc3e5552e60+0x1784]
J 3550 C1 org.codehaus.groovy.reflection.CachedMethod.invoke(Ljava/lang/Object;[Ljava/lang/Object;)Ljava/lang/Object; (70 bytes) @ 0x00007fc3e58e0334 [0x00007fc3e58e0300+0x34]
J 3292 C1 groovy.lang.MetaMethod.doMethodInvoke(Ljava/lang/Object;[Ljava/lang/Object;)Ljava/lang/Object; (22 bytes) @ 0x00007fc3e5844d14 [0x00007fc3e5844ca0+0x74]
J 3529 C1 org.codehaus.groovy.runtime.metaclass.ClosureMetaClass.invokeMethod(Ljava/lang/Class;Ljava/lang/Object;Ljava/lang/String;[Ljava/lang/Object;ZZ)Ljava/lang/Object; (872 bytes) @ 0x00007fc3e58d2d2c [0x00007fc3e58d1b80+0x11ac]
J 1894 C1 groovy.lang.MetaClassImpl.invokeMethod(Ljava/lang/Object;Ljava/lang/String;[Ljava/lang/Object;)Ljava/lang/Object; (14 bytes) @ 0x00007fc3e5551ddc [0x00007fc3e5551d80+0x5c]
J 4071 C1 groovy.lang.Closure.call([Ljava/lang/Object;)Ljava/lang/Object; (30 bytes) @ 0x00007fc3e59dc5bc [0x00007fc3e59dc540+0x7c]
j  groovy.lang.Closure.call()Ljava/lang/Object;+6
j  org.grails.taglib.TagBodyClosure.executeClosure(Ljava/lang/Object;)Ljava/lang/Object;+27
j  org.grails.taglib.TagBodyClosure.captureClosureOutput(Ljava/lang/Object;Z)Ljava/lang/Object;+81
j  org.grails.taglib.TagBodyClosure.call()Ljava/lang/Object;+3
j  org.grails.plugins.web.taglib.SitemeshTagLib.captureTagContent(Lorg/grails/buffer/GrailsPrintWriter;Ljava/lang/String;Ljava/util/Map;Ljava/lang/Object;Z)Ljava/lang/Object;+43
j  org.grails.plugins.web.taglib.SitemeshTagLib.captureTagContent(Lorg/grails/buffer/GrailsPrintWriter;Ljava/lang/String;Ljava/util/Map;Ljava/lang/Object;)Ljava/lang/Object;+25
j  org.grails.plugins.web.taglib.SitemeshTagLib$_closure3.doCall(Ljava/util/Map;Ljava/lang/Object;)Ljava/lang/Object;+37
v  ~StubRoutines::call_stub
V  [libjvm.so+0x695b96]  JavaCalls::call_helper(JavaValue*, methodHandle*, JavaCallArguments*, Thread*)+0x1056
V  [libjvm.so+0x9a4677]  Reflection::invoke(instanceKlassHandle, methodHandle, Handle, bool, objArrayHandle, BasicType, objArrayHandle, bool, Thread*)+0x5d7
V  [libjvm.so+0x9a7d87]  Reflection::invoke_method(oopDesc*, Handle, objArrayHandle, Thread*)+0x147
V  [libjvm.so+0x727d4b]  JVM_InvokeMethod+0x26b
J 2015  sun.reflect.NativeMethodAccessorImpl.invoke0(Ljava/lang/reflect/Method;Ljava/lang/Object;[Ljava/lang/Object;)Ljava/lang/Object; (0 bytes) @ 0x00007fc3e55968ed [0x00007fc3e5596800+0xed]
J 2014 C1 sun.reflect.NativeMethodAccessorImpl.invoke(Ljava/lang/Object;[Ljava/lang/Object;)Ljava/lang/Object; (104 bytes) @ 0x00007fc3e5596f94 [0x00007fc3e5596c20+0x374]
J 771 C1 sun.reflect.DelegatingMethodAccessorImpl.invoke(Ljava/lang/Object;[Ljava/lang/Object;)Ljava/lang/Object; (10 bytes) @ 0x00007fc3e5389c44 [0x00007fc3e5389c00+0x44]
J 770 C1 java.lang.reflect.Method.invoke(Ljava/lang/Object;[Ljava/lang/Object;)Ljava/lang/Object; (62 bytes) @ 0x00007fc3e5389854 [0x00007fc3e5389760+0xf4]
J 1895 C1 org.springsource.loaded.ri.ReflectiveInterceptor.jlrMethodInvoke(Ljava/lang/reflect/Method;Ljava/lang/Object;[Ljava/lang/Object;)Ljava/lang/Object; (2214 bytes) @ 0x00007fc3e55545e4 [0x00007fc3e5552e60+0x1784]
J 3550 C1 org.codehaus.groovy.reflection.CachedMethod.invoke(Ljava/lang/Object;[Ljava/lang/Object;)Ljava/lang/Object; (70 bytes) @ 0x00007fc3e58e0334 [0x00007fc3e58e0300+0x34]
J 3292 C1 groovy.lang.MetaMethod.doMethodInvoke(Ljava/lang/Object;[Ljava/lang/Object;)Ljava/lang/Object; (22 bytes) @ 0x00007fc3e5844d14 [0x00007fc3e5844ca0+0x74]
J 3529 C1 org.codehaus.groovy.runtime.metaclass.ClosureMetaClass.invokeMethod(Ljava/lang/Class;Ljava/lang/Object;Ljava/lang/String;[Ljava/lang/Object;ZZ)Ljava/lang/Object; (872 bytes) @ 0x00007fc3e58d2d2c [0x00007fc3e58d1b80+0x11ac]
J 1894 C1 groovy.lang.MetaClassImpl.invokeMethod(Ljava/lang/Object;Ljava/lang/String;[Ljava/lang/Object;)Ljava/lang/Object; (14 bytes) @ 0x00007fc3e5551ddc [0x00007fc3e5551d80+0x5c]
J 4071 C1 groovy.lang.Closure.call([Ljava/lang/Object;)Ljava/lang/Object; (30 bytes) @ 0x00007fc3e59dc5bc [0x00007fc3e59dc540+0x7c]
j  org.grails.gsp.GroovyPage.invokeTagLibClosure(Ljava/lang/String;Ljava/lang/String;Lgroovy/lang/Closure;Ljava/util/Map;Lgroovy/lang/Closure;ZLjava/util/Map;)V+193
j  org.grails.gsp.GroovyPage.invokeTag(Ljava/lang/String;Ljava/lang/String;ILjava/util/Map;I)V+258
j  org.grails.gsp.GroovyPage$invokeTag$4.callCurrent(Lgroovy/lang/GroovyObject;[Ljava/lang/Object;)Ljava/lang/Object;+43
J 6126 C1 org.codehaus.groovy.runtime.callsite.AbstractCallSite.callCurrent(Lgroovy/lang/GroovyObject;[Ljava/lang/Object;)Ljava/lang/Object; (7 bytes) @ 0x00007fc3e5839cb4 [0x00007fc3e5839c40+0x74]
j  home_andre_Projetos_test_project_grails_app_views_business_index_gsp.run()Ljava/lang/Object;+206
j  org.grails.gsp.GroovyPageWritable.doWriteTo(Lorg/grails/taglib/encoder/OutputContext;Ljava/io/Writer;)Ljava/io/Writer;+373
j  org.grails.gsp.GroovyPageWritable.writeTo(Ljava/io/Writer;)Ljava/io/Writer;+13
j  org.grails.web.servlet.view.GroovyPageView.renderTemplate(Ljava/util/Map;Lorg/grails/web/servlet/mvc/GrailsWebRequest;Ljavax/servlet/http/HttpServletRequest;Ljavax/servlet/http/HttpServletResponse;)V+64
j  org.grails.web.servlet.view.AbstractGrailsView.renderWithinGrailsWebRequest(Ljava/util/Map;Ljavax/servlet/http/HttpServletRequest;Ljavax/servlet/http/HttpServletResponse;)V+54
j  org.grails.web.servlet.view.AbstractGrailsView.renderMergedOutputModel(Ljava/util/Map;Ljavax/servlet/http/HttpServletRequest;Ljavax/servlet/http/HttpServletResponse;)V+10
j  org.springframework.web.servlet.view.AbstractView.render(Ljava/util/Map;Ljavax/servlet/http/HttpServletRequest;Ljavax/servlet/http/HttpServletResponse;)V+88
j  org.grails.web.sitemesh.GrailsLayoutView.renderInnerView(Ljava/util/Map;Lorg/grails/web/servlet/mvc/GrailsWebRequest;Ljavax/servlet/http/HttpServletRequest;Ljavax/servlet/http/HttpServletResponse;Lorg/grails/web/sitemesh/GrailsContentBufferingResponse;)V+30
j  org.grails.web.sitemesh.GrailsLayoutView.obtainContent(Ljava/util/Map;Lorg/grails/web/servlet/mvc/GrailsWebRequest;Ljavax/servlet/http/HttpServletRequest;Ljavax/servlet/http/HttpServletResponse;)Lcom/opensymphony/sitemesh/Content;+86
...<more frames>...


---------------  P R O C E S S  ---------------

Java Threads: ( => current thread )
  0x00007fc3f4016000 JavaThread "DestroyJavaVM" [_thread_blocked, id=26533, stack(0x00007fc3fd3d0000,0x00007fc3fd4d1000)]
  0x00007fc3f5863000 JavaThread "Thread-6" daemon [_thread_blocked, id=26636, stack(0x00007fc38ebee000,0x00007fc38ecef000)]
  0x00007fc3f5862000 JavaThread "Thread-8" [_thread_blocked, id=26635, stack(0x00007fc38ecef000,0x00007fc38edf0000)]
  0x00007fc3f5853800 JavaThread "Thread-7" daemon [_thread_in_native, id=26634, stack(0x00007fc38edf0000,0x00007fc38eef1000)]
  0x00007fc3f583e800 JavaThread "http-nio-8080-AsyncTimeout" daemon [_thread_blocked, id=26633, stack(0x00007fc38eef1000,0x00007fc38eff2000)]
  0x00007fc3f583d000 JavaThread "http-nio-8080-Acceptor-0" daemon [_thread_in_native, id=26632, stack(0x00007fc38eff2000,0x00007fc38f0f3000)]
  0x00007fc3f583a800 JavaThread "http-nio-8080-ClientPoller-1" daemon [_thread_in_native, id=26631, stack(0x00007fc38f0f3000,0x00007fc38f1f4000)]
  0x00007fc3f5820000 JavaThread "http-nio-8080-ClientPoller-0" daemon [_thread_in_native, id=26630, stack(0x00007fc38f1f4000,0x00007fc38f2f5000)]
  0x00007fc3f5804800 JavaThread "http-nio-8080-exec-10" daemon [_thread_blocked, id=26629, stack(0x00007fc38f2f5000,0x00007fc38f3f6000)]
  0x00007fc3f5802800 JavaThread "http-nio-8080-exec-9" daemon [_thread_blocked, id=26628, stack(0x00007fc38f3f6000,0x00007fc38f4f7000)]
  0x00007fc3f5800800 JavaThread "http-nio-8080-exec-8" daemon [_thread_blocked, id=26627, stack(0x00007fc38f4f7000,0x00007fc38f5f8000)]
  0x00007fc3f57fe800 JavaThread "http-nio-8080-exec-7" daemon [_thread_blocked, id=26626, stack(0x00007fc38f5f8000,0x00007fc38f6f9000)]
  0x00007fc3f57fc800 JavaThread "http-nio-8080-exec-6" daemon [_thread_blocked, id=26625, stack(0x00007fc38f6f9000,0x00007fc38f7fa000)]
  0x00007fc3f57fa800 JavaThread "http-nio-8080-exec-5" daemon [_thread_blocked, id=26624, stack(0x00007fc38f7fa000,0x00007fc38f8fb000)]
  0x00007fc3f57f8800 JavaThread "http-nio-8080-exec-4" daemon [_thread_blocked, id=26623, stack(0x00007fc38f8fb000,0x00007fc38f9fc000)]
  0x00007fc3f57f6800 JavaThread "http-nio-8080-exec-3" daemon [_thread_blocked, id=26622, stack(0x00007fc38f9fc000,0x00007fc38fafd000)]
=>0x00007fc3f57f4800 JavaThread "http-nio-8080-exec-2" daemon [_thread_in_Java, id=26621, stack(0x00007fc38fafd000,0x00007fc38fbfe000)]
  0x00007fc3f57f3000 JavaThread "http-nio-8080-exec-1" daemon [_thread_blocked, id=26620, stack(0x00007fc38fbfe000,0x00007fc38fcff000)]
  0x00007fc3f57f1000 JavaThread "NioBlockingSelector.BlockPoller-1" daemon [_thread_in_native, id=26619, stack(0x00007fc38fcff000,0x00007fc38fe00000)]
  0x00007fc3f5630000 JavaThread "container-0" [_thread_blocked, id=26617, stack(0x00007fc3a82fc000,0x00007fc3a83fd000)]
  0x00007fc3f562d000 JavaThread "ContainerBackgroundProcessor[StandardEngine[Tomcat]]" daemon [_thread_blocked, id=26616, stack(0x00007fc3a83fd000,0x00007fc3a84fe000)]
  0x00007fc3f51ea800 JavaThread "Tomcat JDBC Pool Cleaner[414493378:1567653233712]" daemon [_thread_blocked, id=26603, stack(0x00007fc3d5837000,0x00007fc3d5938000)]
  0x00007fc3f47f9800 JavaThread "FileSystemWatcher: files=#23 cl=sun.misc.Launcher$AppClassLoader@18b4aac2" daemon [_thread_blocked, id=26550, stack(0x00007fc3d65a6000,0x00007fc3d66a7000)]
  0x00007fc3f4752000 JavaThread "Service Thread" daemon [_thread_blocked, id=26548, stack(0x00007fc3d67bb000,0x00007fc3d68bc000)]
  0x00007fc3f4741000 JavaThread "C1 CompilerThread2" daemon [_thread_blocked, id=26547, stack(0x00007fc3d68bc000,0x00007fc3d69bd000)]
  0x00007fc3f473f000 JavaThread "C2 CompilerThread1" daemon [_thread_blocked, id=26546, stack(0x00007fc3d69bd000,0x00007fc3d6abe000)]
  0x00007fc3f4749000 JavaThread "C2 CompilerThread0" daemon [_thread_blocked, id=26545, stack(0x00007fc3d6abe000,0x00007fc3d6bbf000)]
  0x00007fc3f418a800 JavaThread "Signal Dispatcher" daemon [_thread_blocked, id=26544, stack(0x00007fc3d6e17000,0x00007fc3d6f18000)]
  0x00007fc3f4157800 JavaThread "Finalizer" daemon [_thread_blocked, id=26543, stack(0x00007fc3d71f2000,0x00007fc3d72f3000)]
  0x00007fc3f4153000 JavaThread "Reference Handler" daemon [_thread_blocked, id=26542, stack(0x00007fc3d72f3000,0x00007fc3d73f4000)]

Other Threads:
  0x00007fc3f414b000 VMThread [stack: 0x00007fc3d73f4000,0x00007fc3d74f5000] [id=26541]
  0x00007fc3f4754800 WatcherThread [stack: 0x00007fc3d66ba000,0x00007fc3d67bb000] [id=26549]

VM state:not at safepoint (normal execution)

VM Mutex/Monitor currently owned by a thread: None

Heap:
 PSYoungGen      total 216576K, used 42712K [0x00000000f0000000, 0x0000000100000000, 0x0000000100000000)
  eden space 174080K, 7% used [0x00000000f0000000,0x00000000f0d61428,0x00000000faa00000)
  from space 42496K, 68% used [0x00000000fd680000,0x00000000ff2d4c58,0x0000000100000000)
  to   space 44032K, 0% used [0x00000000faa00000,0x00000000faa00000,0x00000000fd500000)
 ParOldGen       total 524288K, used 75678K [0x00000000d0000000, 0x00000000f0000000, 0x00000000f0000000)
  object space 524288K, 14% used [0x00000000d0000000,0x00000000d49e7940,0x00000000f0000000)
 Metaspace       used 65283K, capacity 68244K, committed 68480K, reserved 1107968K
  class space    used 8623K, capacity 9569K, committed 9600K, reserved 1048576K

Card table byte_map: [0x00007fc3f9ddd000,0x00007fc3f9f5e000] byte_map_base: 0x00007fc3f975d000

Marking Bits: (ParMarkBitMap*) 0x00007fc3fc8a0280
 Begin Bits: [0x00007fc3f80d9000, 0x00007fc3f8cd9000)
 End Bits:   [0x00007fc3f8cd9000, 0x00007fc3f98d9000)

Polling page: 0x00007fc3fd4f2000

CodeCache: size=245760Kb used=17522Kb max_used=17522Kb free=228237Kb
 bounds [0x00007fc3e5000000, 0x00007fc3e6130000, 0x00007fc3f4000000]
 total_blobs=8429 nmethods=7656 adapters=685
 compilation: enabled

Compilation events (10 events):
Event: 535,123 Thread 0x00007fc3f4741000 7805       1       org.grails.taglib.encoder.OutputContextLookupHelper::lookupOutputContext (9 bytes)
Event: 535,123 Thread 0x00007fc3f4741000 nmethod 7805 0x00007fc3e611ef50 code [0x00007fc3e611f0a0, 0x00007fc3e611f190]
Event: 535,130 Thread 0x00007fc3f4741000 7806       1       org.springsource.loaded.ri.DynamicLookup::matches (44 bytes)
Event: 535,131 Thread 0x00007fc3f4741000 nmethod 7806 0x00007fc3e611f210 code [0x00007fc3e611f3a0, 0x00007fc3e611f608]
Event: 535,134 Thread 0x00007fc3f4741000 7807       1       org.springsource.loaded.ri.GetMethodsLookup::collectAll (139 bytes)
Event: 535,134 Thread 0x00007fc3f4741000 nmethod 7807 0x00007fc3e611f750 code [0x00007fc3e611f9a0, 0x00007fc3e611ffb8]
Event: 535,134 Thread 0x00007fc3f4741000 7808       1       org.springsource.loaded.ri.ReloadedTypeInvoker::getModifiers (8 bytes)
Event: 535,135 Thread 0x00007fc3f4741000 nmethod 7808 0x00007fc3e61204d0 code [0x00007fc3e6120620, 0x00007fc3e6120730]
Event: 535,135 Thread 0x00007fc3f4741000 7809       1       org.springsource.loaded.ri.ReloadedTypeInvoker::getMethodDescriptor (8 bytes)
Event: 535,135 Thread 0x00007fc3f4741000 nmethod 7809 0x00007fc3e61207d0 code [0x00007fc3e6120920, 0x00007fc3e6120a30]

GC Heap History (10 events):
Event: 10,237 GC heap before
{Heap before GC invocations=23 (full 3):
 PSYoungGen      total 212992K, used 175104K [0x00000000f0000000, 0x0000000100000000, 0x0000000100000000)
  eden space 175104K, 100% used [0x00000000f0000000,0x00000000fab00000,0x00000000fab00000)
  from space 37888K, 0% used [0x00000000fab00000,0x00000000fab00000,0x00000000fd000000)
  to   space 47616K, 0% used [0x00000000fd180000,0x00000000fd180000,0x0000000100000000)
 ParOldGen       total 524288K, used 75654K [0x00000000d0000000, 0x00000000f0000000, 0x00000000f0000000)
  object space 524288K, 14% used [0x00000000d0000000,0x00000000d49e1940,0x00000000f0000000)
 Metaspace       used 59547K, capacity 60704K, committed 60888K, reserved 1101824K
  class space    used 7604K, capacity 7882K, committed 7936K, reserved 1048576K
Event: 10,241 GC heap after
Heap after GC invocations=23 (full 3):
 PSYoungGen      total 213504K, used 4721K [0x00000000f0000000, 0x0000000100000000, 0x0000000100000000)
  eden space 165888K, 0% used [0x00000000f0000000,0x00000000f0000000,0x00000000fa200000)
  from space 47616K, 9% used [0x00000000fd180000,0x00000000fd61c4b0,0x0000000100000000)
  to   space 48128K, 0% used [0x00000000fa200000,0x00000000fa200000,0x00000000fd100000)
 ParOldGen       total 524288K, used 75662K [0x00000000d0000000, 0x00000000f0000000, 0x00000000f0000000)
  object space 524288K, 14% used [0x00000000d0000000,0x00000000d49e3940,0x00000000f0000000)
 Metaspace       used 59547K, capacity 60704K, committed 60888K, reserved 1101824K
  class space    used 7604K, capacity 7882K, committed 7936K, reserved 1048576K
}
Event: 10,667 GC heap before
{Heap before GC invocations=24 (full 3):
 PSYoungGen      total 213504K, used 170609K [0x00000000f0000000, 0x0000000100000000, 0x0000000100000000)
  eden space 165888K, 100% used [0x00000000f0000000,0x00000000fa200000,0x00000000fa200000)
  from space 47616K, 9% used [0x00000000fd180000,0x00000000fd61c4b0,0x0000000100000000)
  to   space 48128K, 0% used [0x00000000fa200000,0x00000000fa200000,0x00000000fd100000)
 ParOldGen       total 524288K, used 75662K [0x00000000d0000000, 0x00000000f0000000, 0x00000000f0000000)
  object space 524288K, 14% used [0x00000000d0000000,0x00000000d49e3940,0x00000000f0000000)
 Metaspace       used 61157K, capacity 63058K, committed 63232K, reserved 1103872K
  class space    used 7960K, capacity 8656K, committed 8704K, reserved 1048576K
Event: 10,678 GC heap after
Heap after GC invocations=24 (full 3):
 PSYoungGen      total 214016K, used 9406K [0x00000000f0000000, 0x0000000100000000, 0x0000000100000000)
  eden space 165888K, 0% used [0x00000000f0000000,0x00000000f0000000,0x00000000fa200000)
  from space 48128K, 19% used [0x00000000fa200000,0x00000000fab2fbb0,0x00000000fd100000)
  to   space 47104K, 0% used [0x00000000fd200000,0x00000000fd200000,0x0000000100000000)
 ParOldGen       total 524288K, used 75662K [0x00000000d0000000, 0x00000000f0000000, 0x00000000f0000000)
  object space 524288K, 14% used [0x00000000d0000000,0x00000000d49e3940,0x00000000f0000000)
 Metaspace       used 61157K, capacity 63058K, committed 63232K, reserved 1103872K
  class space    used 7960K, capacity 8656K, committed 8704K, reserved 1048576K
}
Event: 14,611 GC heap before
{Heap before GC invocations=25 (full 3):
 PSYoungGen      total 214016K, used 175294K [0x00000000f0000000, 0x0000000100000000, 0x0000000100000000)
  eden space 165888K, 100% used [0x00000000f0000000,0x00000000fa200000,0x00000000fa200000)
  from space 48128K, 19% used [0x00000000fa200000,0x00000000fab2fbb0,0x00000000fd100000)
  to   space 47104K, 0% used [0x00000000fd200000,0x00000000fd200000,0x0000000100000000)
 ParOldGen       total 524288K, used 75662K [0x00000000d0000000, 0x00000000f0000000, 0x00000000f0000000)
  object space 524288K, 14% used [0x00000000d0000000,0x00000000d49e3940,0x00000000f0000000)
 Metaspace       used 62451K, capacity 64578K, committed 64768K, reserved 1105920K
  class space    used 8196K, capacity 8923K, committed 8960K, reserved 1048576K
Event: 14,622 GC heap after
Heap after GC invocations=25 (full 3):
 PSYoungGen      total 217088K, used 15357K [0x00000000f0000000, 0x0000000100000000, 0x0000000100000000)
  eden space 169984K, 0% used [0x00000000f0000000,0x00000000f0000000,0x00000000fa600000)
  from space 47104K, 32% used [0x00000000fd200000,0x00000000fe0ff440,0x0000000100000000)
  to   space 45056K, 0% used [0x00000000fa600000,0x00000000fa600000,0x00000000fd200000)
 ParOldGen       total 524288K, used 75670K [0x00000000d0000000, 0x00000000f0000000, 0x00000000f0000000)
  object space 524288K, 14% used [0x00000000d0000000,0x00000000d49e5940,0x00000000f0000000)
 Metaspace       used 62451K, capacity 64578K, committed 64768K, reserved 1105920K
  class space    used 8196K, capacity 8923K, committed 8960K, reserved 1048576K
}
Event: 39,837 GC heap before
{Heap before GC invocations=26 (full 3):
 PSYoungGen      total 217088K, used 185341K [0x00000000f0000000, 0x0000000100000000, 0x0000000100000000)
  eden space 169984K, 100% used [0x00000000f0000000,0x00000000fa600000,0x00000000fa600000)
  from space 47104K, 32% used [0x00000000fd200000,0x00000000fe0ff440,0x0000000100000000)
  to   space 45056K, 0% used [0x00000000fa600000,0x00000000fa600000,0x00000000fd200000)
 ParOldGen       total 524288K, used 75670K [0x00000000d0000000, 0x00000000f0000000, 0x00000000f0000000)
  object space 524288K, 14% used [0x00000000d0000000,0x00000000d49e5940,0x00000000f0000000)
 Metaspace       used 63484K, capacity 66258K, committed 66560K, reserved 1105920K
  class space    used 8418K, capacity 9350K, committed 9472K, reserved 1048576K
Event: 39,850 GC heap after
Heap after GC invocations=26 (full 3):
 PSYoungGen      total 215040K, used 18815K [0x00000000f0000000, 0x0000000100000000, 0x0000000100000000)
  eden space 169984K, 0% used [0x00000000f0000000,0x00000000f0000000,0x00000000fa600000)
  from space 45056K, 41% used [0x00000000fa600000,0x00000000fb85fc68,0x00000000fd200000)
  to   space 42496K, 0% used [0x00000000fd680000,0x00000000fd680000,0x0000000100000000)
 ParOldGen       total 524288K, used 75678K [0x00000000d0000000, 0x00000000f0000000, 0x00000000f0000000)
  object space 524288K, 14% used [0x00000000d0000000,0x00000000d49e7940,0x00000000f0000000)
 Metaspace       used 63484K, capacity 66258K, committed 66560K, reserved 1105920K
  class space    used 8418K, capacity 9350K, committed 9472K, reserved 1048576K
}
Event: 535,084 GC heap before
{Heap before GC invocations=27 (full 3):
 PSYoungGen      total 215040K, used 188799K [0x00000000f0000000, 0x0000000100000000, 0x0000000100000000)
  eden space 169984K, 100% used [0x00000000f0000000,0x00000000fa600000,0x00000000fa600000)
  from space 45056K, 41% used [0x00000000fa600000,0x00000000fb85fc68,0x00000000fd200000)
  to   space 42496K, 0% used [0x00000000fd680000,0x00000000fd680000,0x0000000100000000)
 ParOldGen       total 524288K, used 75678K [0x00000000d0000000, 0x00000000f0000000, 0x00000000f0000000)
  object space 524288K, 14% used [0x00000000d0000000,0x00000000d49e7940,0x00000000f0000000)
 Metaspace       used 65216K, capacity 68144K, committed 68224K, reserved 1107968K
  class space    used 8612K, capacity 9563K, committed 9600K, reserved 1048576K
Event: 535,101 GC heap after
Heap after GC invocations=27 (full 3):
 PSYoungGen      total 216576K, used 29011K [0x00000000f0000000, 0x0000000100000000, 0x0000000100000000)
  eden space 174080K, 0% used [0x00000000f0000000,0x00000000f0000000,0x00000000faa00000)
  from space 42496K, 68% used [0x00000000fd680000,0x00000000ff2d4c58,0x0000000100000000)
  to   space 44032K, 0% used [0x00000000faa00000,0x00000000faa00000,0x00000000fd500000)
 ParOldGen       total 524288K, used 75678K [0x00000000d0000000, 0x00000000f0000000, 0x00000000f0000000)
  object space 524288K, 14% used [0x00000000d0000000,0x00000000d49e7940,0x00000000f0000000)
 Metaspace       used 65216K, capacity 68144K, committed 68224K, reserved 1107968K
  class space    used 8612K, capacity 9563K, committed 9600K, reserved 1048576K
}

Deoptimization events (0 events):
No events

Classes redefined (0 events):
No events

Internal exceptions (10 events):
Event: 535,136 Thread 0x00007fc3f57f4800 Exception <a 'java/lang/ArrayIndexOutOfBoundsException'> (0x00000000f0c93240) thrown at [/HUDSON/workspace/8-2-build-linux-amd64/jdk8u171/10807/hotspot/src/share/vm/runtime/sharedRuntime.cpp, line 605]
Event: 535,136 Thread 0x00007fc3f57f4800 Exception <a 'java/lang/ArrayIndexOutOfBoundsException'> (0x00000000f0c961c0) thrown at [/HUDSON/workspace/8-2-build-linux-amd64/jdk8u171/10807/hotspot/src/share/vm/runtime/sharedRuntime.cpp, line 605]
Event: 535,136 Thread 0x00007fc3f57f4800 Exception <a 'java/lang/ArrayIndexOutOfBoundsException'> (0x00000000f0c99538) thrown at [/HUDSON/workspace/8-2-build-linux-amd64/jdk8u171/10807/hotspot/src/share/vm/runtime/sharedRuntime.cpp, line 605]
Event: 535,136 Thread 0x00007fc3f57f4800 Exception <a 'java/lang/ArrayIndexOutOfBoundsException'> (0x00000000f0ca1020) thrown at [/HUDSON/workspace/8-2-build-linux-amd64/jdk8u171/10807/hotspot/src/share/vm/runtime/sharedRuntime.cpp, line 605]
Event: 535,136 Thread 0x00007fc3f57f4800 Exception <a 'java/lang/ArrayIndexOutOfBoundsException'> (0x00000000f0ca49d8) thrown at [/HUDSON/workspace/8-2-build-linux-amd64/jdk8u171/10807/hotspot/src/share/vm/runtime/sharedRuntime.cpp, line 605]
Event: 535,136 Thread 0x00007fc3f57f4800 Exception <a 'java/lang/ArrayIndexOutOfBoundsException'> (0x00000000f0cabcd0) thrown at [/HUDSON/workspace/8-2-build-linux-amd64/jdk8u171/10807/hotspot/src/share/vm/runtime/sharedRuntime.cpp, line 605]
Event: 535,136 Thread 0x00007fc3f57f4800 Exception <a 'java/lang/ArrayIndexOutOfBoundsException'> (0x00000000f0cb1928) thrown at [/HUDSON/workspace/8-2-build-linux-amd64/jdk8u171/10807/hotspot/src/share/vm/runtime/sharedRuntime.cpp, line 605]
Event: 535,136 Thread 0x00007fc3f57f4800 Exception <a 'java/lang/ArrayIndexOutOfBoundsException'> (0x00000000f0cb54a0) thrown at [/HUDSON/workspace/8-2-build-linux-amd64/jdk8u171/10807/hotspot/src/share/vm/runtime/sharedRuntime.cpp, line 605]
Event: 535,136 Thread 0x00007fc3f57f4800 Exception <a 'java/lang/ArrayIndexOutOfBoundsException'> (0x00000000f0cb73a0) thrown at [/HUDSON/workspace/8-2-build-linux-amd64/jdk8u171/10807/hotspot/src/share/vm/runtime/sharedRuntime.cpp, line 605]
Event: 535,136 Thread 0x00007fc3f57f4800 Implicit null exception at 0x00007fc3e5ed002e to 0x0000000000000000

Events (10 events):
Event: 535,133 loading class test/project/BaseRateBeanInfo
Event: 535,133 loading class test/project/BaseRateBeanInfo done
Event: 535,133 loading class test/project/BaseRateBeanInfo
Event: 535,133 loading class test/project/BaseRateBeanInfo done
Event: 535,133 loading class test/project/BaseRateCustomizer
Event: 535,133 loading class test/project/BaseRateCustomizer done
Event: 535,133 loading class test/project/BaseRateCustomizer
Event: 535,133 loading class test/project/BaseRateCustomizer done
Event: 535,134 loading class test/project/BaseRateCustomizer
Event: 535,134 loading class test/project/BaseRateCustomizer done


Dynamic libraries:
00400000-00401000 r-xp 00000000 08:05 45099649                           /home/andre/jdk1.8.0_171/bin/java
00600000-00601000 rw-p 00000000 08:05 45099649                           /home/andre/jdk1.8.0_171/bin/java
0101f000-01040000 rw-p 00000000 00:00 0                                  [heap]
d0000000-100960000 rw-p 00000000 00:00 0 
100960000-140000000 ---p 00000000 00:00 0 
7fc360000000-7fc360021000 rw-p 00000000 00:00 0 
7fc360021000-7fc364000000 ---p 00000000 00:00 0 
7fc364000000-7fc364021000 rw-p 00000000 00:00 0 
7fc364021000-7fc368000000 ---p 00000000 00:00 0 
7fc368000000-7fc368021000 rw-p 00000000 00:00 0 
7fc368021000-7fc36c000000 ---p 00000000 00:00 0 
7fc36c000000-7fc36c054000 rw-p 00000000 00:00 0 
7fc36c054000-7fc370000000 ---p 00000000 00:00 0 
7fc370000000-7fc370021000 rw-p 00000000 00:00 0 
7fc370021000-7fc374000000 ---p 00000000 00:00 0 
7fc374000000-7fc3740c6000 rw-p 00000000 00:00 0 
7fc3740c6000-7fc378000000 ---p 00000000 00:00 0 
7fc378000000-7fc378021000 rw-p 00000000 00:00 0 
7fc378021000-7fc37c000000 ---p 00000000 00:00 0 
7fc37c000000-7fc37c021000 rw-p 00000000 00:00 0 
7fc37c021000-7fc380000000 ---p 00000000 00:00 0 
7fc380000000-7fc380154000 rw-p 00000000 00:00 0 
7fc380154000-7fc384000000 ---p 00000000 00:00 0 
7fc384000000-7fc38457b000 rw-p 00000000 00:00 0 
7fc38457b000-7fc388000000 ---p 00000000 00:00 0 
7fc388000000-7fc388021000 rw-p 00000000 00:00 0 
7fc388021000-7fc38c000000 ---p 00000000 00:00 0 
7fc38e3ee000-7fc38e56e000 rw-p 00000000 00:00 0 
7fc38e56e000-7fc38e5ee000 ---p 00000000 00:00 0 
7fc38e5ee000-7fc38e7ee000 rw-p 00000000 00:00 0 
7fc38e7ee000-7fc38e9ee000 rw-p 00000000 00:00 0 
7fc38e9ee000-7fc38ebee000 rw-p 00000000 00:00 0 
7fc38ebee000-7fc38ebf1000 ---p 00000000 00:00 0 
7fc38ebf1000-7fc38ecef000 rw-p 00000000 00:00 0 
7fc38ecef000-7fc38ecf2000 ---p 00000000 00:00 0 
7fc38ecf2000-7fc38edf0000 rw-p 00000000 00:00 0 
7fc38edf0000-7fc38edf3000 ---p 00000000 00:00 0 
7fc38edf3000-7fc38eef1000 rw-p 00000000 00:00 0 
7fc38eef1000-7fc38eef4000 ---p 00000000 00:00 0 
7fc38eef4000-7fc38eff2000 rw-p 00000000 00:00 0 
7fc38eff2000-7fc38eff5000 ---p 00000000 00:00 0 
7fc38eff5000-7fc38f0f3000 rw-p 00000000 00:00 0 
7fc38f0f3000-7fc38f0f6000 ---p 00000000 00:00 0 
7fc38f0f6000-7fc38f1f4000 rw-p 00000000 00:00 0 
7fc38f1f4000-7fc38f1f7000 ---p 00000000 00:00 0 
7fc38f1f7000-7fc38f2f5000 rw-p 00000000 00:00 0 
7fc38f2f5000-7fc38f2f8000 ---p 00000000 00:00 0 
7fc38f2f8000-7fc38f3f6000 rw-p 00000000 00:00 0 
7fc38f3f6000-7fc38f3f9000 ---p 00000000 00:00 0 
7fc38f3f9000-7fc38f4f7000 rw-p 00000000 00:00 0 
7fc38f4f7000-7fc38f4fa000 ---p 00000000 00:00 0 
7fc38f4fa000-7fc38f5f8000 rw-p 00000000 00:00 0 
7fc38f5f8000-7fc38f5fb000 ---p 00000000 00:00 0 
7fc38f5fb000-7fc38f6f9000 rw-p 00000000 00:00 0 
7fc38f6f9000-7fc38f6fc000 ---p 00000000 00:00 0 
7fc38f6fc000-7fc38f7fa000 rw-p 00000000 00:00 0 
7fc38f7fa000-7fc38f7fd000 ---p 00000000 00:00 0 
7fc38f7fd000-7fc38f8fb000 rw-p 00000000 00:00 0 
7fc38f8fb000-7fc38f8fe000 ---p 00000000 00:00 0 
7fc38f8fe000-7fc38f9fc000 rw-p 00000000 00:00 0 
7fc38f9fc000-7fc38f9ff000 ---p 00000000 00:00 0 
7fc38f9ff000-7fc38fafd000 rw-p 00000000 00:00 0 
7fc38fafd000-7fc38fb00000 ---p 00000000 00:00 0 
7fc38fb00000-7fc38fbfe000 rw-p 00000000 00:00 0 
7fc38fbfe000-7fc38fc01000 ---p 00000000 00:00 0 
7fc38fc01000-7fc38fcff000 rw-p 00000000 00:00 0 
7fc38fcff000-7fc38fd02000 ---p 00000000 00:00 0 
7fc38fd02000-7fc390000000 rw-p 00000000 00:00 0 
7fc390000000-7fc390021000 rw-p 00000000 00:00 0 
7fc390021000-7fc394000000 ---p 00000000 00:00 0 
7fc394000000-7fc394021000 rw-p 00000000 00:00 0 
7fc394021000-7fc398000000 ---p 00000000 00:00 0 
7fc398000000-7fc398021000 rw-p 00000000 00:00 0 
7fc398021000-7fc39c000000 ---p 00000000 00:00 0 
7fc39c000000-7fc39c061000 rw-p 00000000 00:00 0 
7fc39c061000-7fc3a0000000 ---p 00000000 00:00 0 
7fc3a0000000-7fc3a01be000 rw-p 00000000 00:00 0 
7fc3a01be000-7fc3a4000000 ---p 00000000 00:00 0 
7fc3a4000000-7fc3a428f000 rw-p 00000000 00:00 0 
7fc3a428f000-7fc3a8000000 ---p 00000000 00:00 0 
7fc3a80fc000-7fc3a82fc000 rw-p 00000000 00:00 0 
7fc3a82fc000-7fc3a82ff000 ---p 00000000 00:00 0 
7fc3a82ff000-7fc3a83fd000 rw-p 00000000 00:00 0 
7fc3a83fd000-7fc3a8400000 ---p 00000000 00:00 0 
7fc3a8400000-7fc3a86fe000 rw-p 00000000 00:00 0 
7fc3a86fe000-7fc3a8701000 ---p 00000000 00:00 0 
7fc3a8701000-7fc3a89ff000 rw-p 00000000 00:00 0 
7fc3a89ff000-7fc3a8bff000 rw-p 00000000 00:00 0 
7fc3a8bff000-7fc3a8dff000 rw-p 00000000 00:00 0 
7fc3a8dff000-7fc3a8fff000 rw-p 00000000 00:00 0 
7fc3a8fff000-7fc3ac000000 rw-p 00000000 00:00 0 
7fc3ac000000-7fc3ac021000 rw-p 00000000 00:00 0 
7fc3ac021000-7fc3b0000000 ---p 00000000 00:00 0 
7fc3b0000000-7fc3b0021000 rw-p 00000000 00:00 0 
7fc3b0021000-7fc3b4000000 ---p 00000000 00:00 0 
7fc3b4000000-7fc3b4021000 rw-p 00000000 00:00 0 
7fc3b4021000-7fc3b8000000 ---p 00000000 00:00 0 
7fc3b8000000-7fc3b8dd0000 rw-p 00000000 00:00 0 
7fc3b8dd0000-7fc3bc000000 ---p 00000000 00:00 0 
7fc3bc000000-7fc3bc021000 rw-p 00000000 00:00 0 
7fc3bc021000-7fc3c0000000 ---p 00000000 00:00 0 
7fc3c0000000-7fc3c004e000 rw-p 00000000 00:00 0 
7fc3c004e000-7fc3c4000000 ---p 00000000 00:00 0 
7fc3c4000000-7fc3c4021000 rw-p 00000000 00:00 0 
7fc3c4021000-7fc3c8000000 ---p 00000000 00:00 0 
7fc3c8000000-7fc3c8021000 rw-p 00000000 00:00 0 
7fc3c8021000-7fc3cc000000 ---p 00000000 00:00 0 
7fc3cc000000-7fc3cc021000 rw-p 00000000 00:00 0 
7fc3cc021000-7fc3d0000000 ---p 00000000 00:00 0 
7fc3d0000000-7fc3d002a000 rw-p 00000000 00:00 0 
7fc3d002a000-7fc3d4000000 ---p 00000000 00:00 0 
7fc3d4086000-7fc3d408b000 r--s 002f9000 08:05 1312276                    /home/andre/jdk1.8.0_171/jre/lib/charsets.jar
7fc3d408b000-7fc3d428b000 rw-p 00000000 00:00 0 
7fc3d428b000-7fc3d448b000 rw-p 00000000 00:00 0 
7fc3d448b000-7fc3d468b000 rw-p 00000000 00:00 0 
7fc3d468b000-7fc3d488b000 rw-p 00000000 00:00 0 
7fc3d488b000-7fc3d4a8b000 rw-p 00000000 00:00 0 
7fc3d4a8b000-7fc3d4c8b000 rw-p 00000000 00:00 0 
7fc3d4c8b000-7fc3d4d20000 r--s 0110b000 08:05 1312340                    /home/andre/jdk1.8.0_171/jre/lib/ext/jfxrt.jar
7fc3d4d20000-7fc3d4f20000 rw-p 00000000 00:00 0 
7fc3d4f20000-7fc3d4f31000 r-xp 00000000 08:05 1441899                    /home/andre/jdk1.8.0_171/jre/lib/amd64/libnio.so
7fc3d4f31000-7fc3d5130000 ---p 00011000 08:05 1441899                    /home/andre/jdk1.8.0_171/jre/lib/amd64/libnio.so
7fc3d5130000-7fc3d5131000 rw-p 00010000 08:05 1441899                    /home/andre/jdk1.8.0_171/jre/lib/amd64/libnio.so
7fc3d5131000-7fc3d5331000 rw-p 00000000 00:00 0 
7fc3d5331000-7fc3d5531000 rw-p 00000000 00:00 0 
7fc3d5531000-7fc3d5534000 ---p 00000000 00:00 0 
7fc3d5534000-7fc3d5832000 rw-p 00000000 00:00 0 
7fc3d5832000-7fc3d5837000 r--s 0009d000 08:05 1312335                    /home/andre/jdk1.8.0_171/jre/lib/jsse.jar
7fc3d5837000-7fc3d583a000 ---p 00000000 00:00 0 
7fc3d583a000-7fc3d5938000 rw-p 00000000 00:00 0 
7fc3d5938000-7fc3d5941000 r-xp 00000000 08:05 1441904                    /home/andre/jdk1.8.0_171/jre/lib/amd64/libmanagement.so
7fc3d5941000-7fc3d5b40000 ---p 00009000 08:05 1441904                    /home/andre/jdk1.8.0_171/jre/lib/amd64/libmanagement.so
7fc3d5b40000-7fc3d5b41000 rw-p 00008000 08:05 1441904                    /home/andre/jdk1.8.0_171/jre/lib/amd64/libmanagement.so
7fc3d5b41000-7fc3d5d41000 rw-p 00000000 00:00 0 
7fc3d5d41000-7fc3d5d4b000 r--s 00116000 08:05 1312346                    /home/andre/jdk1.8.0_171/jre/lib/ext/localedata.jar
7fc3d5d4b000-7fc3d5d67000 r--s 00393000 08:05 1312339                    /home/andre/jdk1.8.0_171/jre/lib/ext/cldrdata.jar
7fc3d5d67000-7fc3d5f67000 rw-p 00000000 00:00 0 
7fc3d5f67000-7fc3d6167000 rw-p 00000000 00:00 0 
7fc3d6167000-7fc3d617d000 r-xp 00000000 08:05 1441896                    /home/andre/jdk1.8.0_171/jre/lib/amd64/libnet.so
7fc3d617d000-7fc3d637d000 ---p 00016000 08:05 1441896                    /home/andre/jdk1.8.0_171/jre/lib/amd64/libnet.so
7fc3d637d000-7fc3d637e000 rw-p 00016000 08:05 1441896                    /home/andre/jdk1.8.0_171/jre/lib/amd64/libnet.so
7fc3d637e000-7fc3d657e000 rw-p 00000000 00:00 0 
7fc3d657e000-7fc3d6585000 r--s 00000000 08:05 9178100                    /usr/lib/x86_64-linux-gnu/gconv/gconv-modules.cache
7fc3d6585000-7fc3d65a6000 r--p 00000000 08:05 10882152                   /usr/share/locale-langpack/pt_BR/LC_MESSAGES/libc.mo
7fc3d65a6000-7fc3d65a9000 ---p 00000000 00:00 0 
7fc3d65a9000-7fc3d66a7000 rw-p 00000000 00:00 0 
7fc3d66a7000-7fc3d66ba000 r--s 00345000 08:05 1312316                    /home/andre/jdk1.8.0_171/jre/lib/resources.jar
7fc3d66ba000-7fc3d66bb000 ---p 00000000 00:00 0 
7fc3d66bb000-7fc3d67bb000 rw-p 00000000 00:00 0 
7fc3d67bb000-7fc3d67be000 ---p 00000000 00:00 0 
7fc3d67be000-7fc3d68bc000 rw-p 00000000 00:00 0 
7fc3d68bc000-7fc3d68bf000 ---p 00000000 00:00 0 
7fc3d68bf000-7fc3d69bd000 rw-p 00000000 00:00 0 
7fc3d69bd000-7fc3d69c0000 ---p 00000000 00:00 0 
7fc3d69c0000-7fc3d6abe000 rw-p 00000000 00:00 0 
7fc3d6abe000-7fc3d6ac1000 ---p 00000000 00:00 0 
7fc3d6ac1000-7fc3d6bbf000 rw-p 00000000 00:00 0 
7fc3d6bbf000-7fc3d6bc6000 r--s 00065000 08:05 13112087                   /home/andre/.gradle/caches/modules-2/files-2.1/org.springframework/springloaded/1.2.8.RELEASE/b60bac05b0451cdc1863bfec617f39aa0dcaaa43/springloaded-1.2.8.RELEASE.jar
7fc3d6bc6000-7fc3d6bff000 r--s 00382000 08:05 13112246                   /home/andre/.gradle/caches/modules-2/files-2.1/com.google.javascript/closure-compiler-unshaded/v20160713/7df7b683e16c93f65361a15356283599ba012c78/closure-compiler-unshaded-v20160713.jar
7fc3d6bff000-7fc3d6c0c000 r--s 00109000 08:05 46926313                   /home/andre/.m2/repository/org/mozilla/rhino/1.7R4/rhino-1.7R4.jar
7fc3d6c0c000-7fc3d6c19000 r--s 00083000 08:05 13112161                   /home/andre/.gradle/caches/modules-2/files-2.1/commons-collections/commons-collections/3.2.2/8ad72fe39fa8c91eaaf12aadb21e0c3661fe26d5/commons-collections-3.2.2.jar
7fc3d6c19000-7fc3d6c20000 r--s 0003f000 08:05 13112404                   /home/andre/.gradle/caches/modules-2/files-2.1/commons-codec/commons-codec/1.10/4b95f4897fa13f2cd904aee711aeafc0c5295cd8/commons-codec-1.10.jar
7fc3d6c20000-7fc3d6c24000 r--s 0000c000 08:05 47055486                   /home/andre/.m2/repository/javax/validation/validation-api/1.1.0.Final/validation-api-1.1.0.Final.jar
7fc3d6c24000-7fc3d6c27000 r--s 00029000 08:05 13112160                   /home/andre/.gradle/caches/modules-2/files-2.1/commons-validator/commons-validator/1.5.1/86d05a46e8f064b300657f751b5a98c62807e2a0/commons-validator-1.5.1.jar
7fc3d6c27000-7fc3d6c2d000 r--s 00027000 08:05 13112403                   /home/andre/.gradle/caches/modules-2/files-2.1/opensymphony/sitemesh/2.4/fa84c82cce30a9a632c08dd2277d63993d972cf5/sitemesh-2.4.jar
7fc3d6c2d000-7fc3d6c2f000 r--s 00007000 08:05 13112402                   /home/andre/.gradle/caches/modules-2/files-2.1/org.grails/grails-web-taglib/3.3.1/ca323146797a4ff2bb4f630890f4c400a0860395/grails-web-taglib-3.3.1.jar
7fc3d6c2f000-7fc3d6c32000 r--s 00015000 08:05 13112401                   /home/andre/.gradle/caches/modules-2/files-2.1/org.grails/grails-taglib/3.3.1/772e8b5f992f6602cab07c7a58ab2924f97eed02/grails-taglib-3.3.1.jar
7fc3d6c32000-7fc3d6c35000 r--s 0001d000 08:05 13112017                   /home/andre/.gradle/caches/modules-2/files-2.1/org.codehaus.groovy/groovy-json/2.4.15/f6f6890181821246398cd44ba1fdf74f55717697/groovy-json-2.4.15.jar
7fc3d6c35000-7fc3d6c39000 r--s 00042000 08:05 13112400                   /home/andre/.gradle/caches/modules-2/files-2.1/com.fasterxml.jackson.core/jackson-core/2.8.11/876ead1db19f0c9e79c9789273a3ef8c6fd6c29b/jackson-core-2.8.11.jar
7fc3d6c39000-7fc3d6c3c000 r--s 0000b000 08:05 13112399                   /home/andre/.gradle/caches/modules-2/files-2.1/com.fasterxml.jackson.core/jackson-annotations/2.8.0/45b426f7796b741035581a176744d91090e2e6fb/jackson-annotations-2.8.0.jar
7fc3d6c3c000-7fc3d6c3d000 r--s 00005000 08:05 13112398                   /home/andre/.gradle/caches/modules-2/files-2.1/org.grails/grails-codecs/3.3.5/bb53358f64ca12133716c228c4d73e35ad8fdfa2/grails-codecs-3.3.5.jar
7fc3d6c3d000-7fc3d6c46000 r--s 0002d000 08:05 13112397                   /home/andre/.gradle/caches/modules-2/files-2.1/xml-apis/xml-apis/1.4.01/3789d9fada2d3d458c4ba2de349d48780f381ee3/xml-apis-1.4.01.jar
7fc3d6c46000-7fc3d6c48000 r--s 00008000 08:05 13112245                   /home/andre/.gradle/caches/modules-2/files-2.1/javax.el/javax.el-api/2.2.4/1287562cc3f0ff5439ded6f2949e73ce1c0edaab/javax.el-api-2.2.4.jar
7fc3d6c48000-7fc3d6c59000 r--s 000a1000 08:05 13112396                   /home/andre/.gradle/caches/modules-2/files-2.1/org.hibernate/hibernate-validator/5.3.6.Final/4c730be8bf55a8e9a61e79a2f2c079abf48b718/hibernate-validator-5.3.6.Final.jar
7fc3d6c59000-7fc3d6c61000 r--s 0005f000 08:05 13112243                   /home/andre/.gradle/caches/modules-2/files-2.1/org.grails/grails-datastore-gorm-hibernate-core/6.1.9.RELEASE/2e6cbb775454d058418ad721eb2da8de705ac68e/grails-datastore-gorm-hibernate-core-6.1.9.RELEASE.jar
7fc3d6c61000-7fc3d6c73000 r--s 000b9000 08:05 13112154                   /home/andre/.gradle/caches/modules-2/files-2.1/org.springframework/spring-web/4.3.16.RELEASE/9321f7c56e8c4561c92aa62f48a0cefe0a667315/spring-web-4.3.16.RELEASE.jar
7fc3d6c73000-7fc3d6c78000 r--s 00026000 08:05 13112395                   /home/andre/.gradle/caches/modules-2/files-2.1/org.grails/scaffolding-core/1.1.1/c79e9bd310896f3afbba331170c54fa2ce7f9a5d/scaffolding-core-1.1.1.jar
7fc3d6c78000-7fc3d6c7b000 r--s 00013000 08:05 13112147                   /home/andre/.gradle/caches/modules-2/files-2.1/org.grails/grails-datastore-gorm-validation/6.1.9.RELEASE/c1685a5eb890339816c3e256bd43367b1149cdef/grails-datastore-gorm-validation-6.1.9.RELEASE.jar
7fc3d6c7b000-7fc3d6c7d000 r--s 00014000 08:05 13112159                   /home/andre/.gradle/caches/modules-2/files-2.1/org.apache.tomcat.embed/tomcat-embed-logging-log4j/8.5.2/53bdd1eebc7393713261d178ac096a742423f940/tomcat-embed-logging-log4j-8.5.2.jar
7fc3d6c7d000-7fc3d6c8e000 r--s 000d1000 08:05 13112148                   /home/andre/.gradle/caches/modules-2/files-2.1/org.grails/grails-datastore-gorm/6.1.9.RELEASE/10aa03cbea4784b3b6b49d876796c987732b2ab1/grails-datastore-gorm-6.1.9.RELEASE.jar
7fc3d6c8e000-7fc3d6c91000 r--s 00012000 08:05 13112158                   /home/andre/.gradle/caches/modules-2/files-2.1/org.codehaus.groovy/groovy-sql/2.4.15/591ed2582868cb47fcac04eb50923faf52bfd231/groovy-sql-2.4.15.jar
7fc3d6c91000-7fc3d6c9b000 r--s 00060000 08:05 13112157                   /home/andre/.gradle/caches/modules-2/files-2.1/org.springframework/spring-jdbc/4.3.16.RELEASE/cf5cd0a29f58cdcd572a97b3becdb7a9ba970363/spring-jdbc-4.3.16.RELEASE.jar
7fc3d6c9b000-7fc3d6c9d000 r--s 00006000 08:05 13112132                   /home/andre/.gradle/caches/modules-2/files-2.1/org.grails/grails-plugin-domain-class/3.3.5/874a96c80b6ab4ebb34f61cfc4fb17edaf6a9640/grails-plugin-domain-class-3.3.5.jar
7fc3d6c9d000-7fc3d6c9e000 r--s 00004000 08:05 13112394                   /home/andre/.gradle/caches/modules-2/files-2.1/org.grails/grails-plugin-validation/3.3.5/96a80c98395abaa28f6d5151b8c1139cf8181b72/grails-plugin-validation-3.3.5.jar
7fc3d6c9e000-7fc3d6ca0000 r--s 00009000 08:05 13112393                   /home/andre/.gradle/caches/modules-2/files-2.1/org.grails/grails-plugin-mimetypes/3.3.5/86d6387a8b9f64f93e6a6301e9aeb20d5d1e3825/grails-plugin-mimetypes-3.3.5.jar
7fc3d6ca0000-7fc3d6ca2000 r--s 0000b000 08:05 13112392                   /home/andre/.gradle/caches/modules-2/files-2.1/org.grails/grails-web-sitemesh/3.3.1/d639808f26ff1e16e32cb86129fd847961575abe/grails-web-sitemesh-3.3.1.jar
7fc3d6ca2000-7fc3d6ca4000 r--s 00011000 08:05 13112391                   /home/andre/.gradle/caches/modules-2/files-2.1/org.grails/grails-web-gsp/3.3.1/5670ed8376f739528fdb21de0514d2cc22c5a276/grails-web-gsp-3.3.1.jar
7fc3d6ca4000-7fc3d6ca5000 r--s 00005000 08:05 13112390                   /home/andre/.gradle/caches/modules-2/files-2.1/org.grails/grails-web-mvc/3.3.5/5b2728e2706a397fd60273e4f5b65a790346925c/grails-web-mvc-3.3.5.jar
7fc3d6ca5000-7fc3d6ca8000 r--s 0002a000 08:05 13112389                   /home/andre/.gradle/caches/modules-2/files-2.1/org.grails/grails-web-url-mappings/3.3.5/3fac37aef348f80c302e89958258432a928011fb/grails-web-url-mappings-3.3.5.jar
7fc3d6ca8000-7fc3d6cab000 r--s 00014000 08:05 13112388                   /home/andre/.gradle/caches/modules-2/files-2.1/org.grails/grails-web-databinding/3.3.5/7f2613bfa271bf5489b33112363daaa238b75fee/grails-web-databinding-3.3.5.jar
7fc3d6cab000-7fc3d6cb0000 r--s 00029000 08:05 13112387                   /home/andre/.gradle/caches/modules-2/files-2.1/org.springframework/spring-context-support/4.3.16.RELEASE/20e29ea325ce57dedde799f02d5771a697c87e93/spring-context-support-4.3.16.RELEASE.jar
7fc3d6cb0000-7fc3d6cc1000 r--s 000d0000 08:05 13112386                   /home/andre/.gradle/caches/modules-2/files-2.1/org.springframework/spring-webmvc/4.3.16.RELEASE/2a171b1d701e450860bd5544a87a727048639a45/spring-webmvc-4.3.16.RELEASE.jar
7fc3d6cc1000-7fc3d6cc4000 r--s 00027000 08:05 13112385                   /home/andre/.gradle/caches/modules-2/files-2.1/org.grails/grails-gsp/3.3.1/88115473871aeb898b590958ef2ba8a9cbd7dbb0/grails-gsp-3.3.1.jar
7fc3d6cc4000-7fc3d6cc8000 r--s 00029000 08:05 13112384                   /home/andre/.gradle/caches/modules-2/files-2.1/org.grails/grails-encoder/3.3.5/57ef39d4d0b15f869e2adf36cf2e78802fa49071/grails-encoder-3.3.5.jar
7fc3d6cc8000-7fc3d6ccb000 r--s 0000f000 08:05 13112383                   /home/andre/.gradle/caches/modules-2/files-2.1/org.grails/grails-databinding/3.3.5/c987cba7ec80819f37173f7abc04453c629ac3cf/grails-databinding-3.3.5.jar
7fc3d6ccb000-7fc3d6ccd000 r--s 00002000 08:05 13112382                   /home/andre/.gradle/caches/modules-2/files-2.1/org.apache.tomcat/tomcat-annotations-api/8.5.29/5505a72b5e7d6c2324d3f104cdd613a5770b4601/tomcat-annotations-api-8.5.29.jar
7fc3d6ccd000-7fc3d6cdf000 r--s 0011f000 08:05 13112381                   /home/andre/.gradle/caches/modules-2/files-2.1/com.fasterxml.jackson.core/jackson-databind/2.8.11.1/341edc63fdd8b44e17b2c36abbc9b451d8fd05a5/jackson-databind-2.8.11.1.jar
7fc3d6cdf000-7fc3d6ce0000 r--s 00003000 08:05 13112156                   /home/andre/.gradle/caches/modules-2/files-2.1/javax.transaction/jta/1.1/2ca09f0b36ca7d71b762e14ea2ff09d5eac57558/jta-1.1.jar
7fc3d6ce0000-7fc3d6ce6000 r--s 0003d000 08:05 13112153                   /home/andre/.gradle/caches/modules-2/files-2.1/org.yaml/snakeyaml/1.17/7a27ea250c5130b2922b86dea63cbb1cc10a660c/snakeyaml-1.17.jar
7fc3d6ce6000-7fc3d6ce9000 r--s 00016000 08:05 13112025                   /home/andre/.gradle/caches/modules-2/files-2.1/org.codehaus.groovy/groovy-templates/2.4.15/b5cbe971f2950452c1d431ea0135dd8de2d5f58e/groovy-templates-2.4.15.jar
7fc3d6ce9000-7fc3d6ced000 r--s 00031000 08:05 13112024                   /home/andre/.gradle/caches/modules-2/files-2.1/org.codehaus.groovy/groovy-xml/2.4.15/40865f59469e6b0808c9c304bd17038997220c72/groovy-xml-2.4.15.jar
7fc3d6ced000-7fc3d6cf2000 r--s 0003e000 08:05 13112152                   /home/andre/.gradle/caches/modules-2/files-2.1/org.springframework/spring-expression/4.3.16.RELEASE/f69b403faa1dd97df212217aece1ad3497dfdf2c/spring-expression-4.3.16.RELEASE.jar
7fc3d6cf2000-7fc3d6cfb000 r--s 00054000 08:05 13112151                   /home/andre/.gradle/caches/modules-2/files-2.1/org.springframework/spring-aop/4.3.16.RELEASE/2c74e87bbf99e7cb6903046e19345a04f843d817/spring-aop-4.3.16.RELEASE.jar
7fc3d6cfb000-7fc3d6cfd000 r--s 0000e000 08:05 13112055                   /home/andre/.gradle/caches/modules-2/files-2.1/commons-logging/commons-logging/1.2/4bfc12adfe4842bf07b657f0369c4cb522955686/commons-logging-1.2.jar
7fc3d6cfd000-7fc3d6d08000 r--s 0006a000 08:05 13112150                   /home/andre/.gradle/caches/modules-2/files-2.1/ch.qos.logback/logback-core/1.1.11/88b8df40340eed549fb07e2613879bf6b006704d/logback-core-1.1.11.jar
7fc3d6d08000-7fc3d6d0c000 r--s 00049000 08:05 13112234                   /home/andre/.gradle/caches/modules-2/files-2.1/com.bertramlabs.plugins/asset-pipeline-core/2.14.8/4e1c17bbfb623fc66df7e5577a0be11973749cd7/asset-pipeline-core-2.14.8.jar
7fc3d6d0c000-7fc3d6d0e000 r--s 0000b000 08:05 13112380                   /home/andre/.gradle/caches/modules-2/files-2.1/org.apache.tomcat/tomcat-juli/8.5.29/61b2514e169d96c7f5c2e1a9cf6901b493fb2301/tomcat-juli-8.5.29.jar
7fc3d6d0e000-7fc3d6d10000 r--s 00007000 08:05 13112379                   /home/andre/.gradle/caches/modules-2/files-2.1/javax.el/el-api/2.1.2-b03/1ac087d9d1a632d2ff82fa1e8b6610aca025ff2a/el-api-2.1.2-b03.jar
7fc3d6d10000-7fc3d6d12000 r--s 0001f000 08:05 13112378                   /home/andre/.gradle/caches/modules-2/files-2.1/org.grails/grails-web-jsp/3.3.1/e45c3adb5f6fc6c7761227457d09114ec41c55fe/grails-web-jsp-3.3.1.jar
7fc3d6d12000-7fc3d6d13000 r--s 00004000 08:05 13112377                   /home/andre/.gradle/caches/modules-2/files-2.1/org.grails/grails-plugin-codecs/3.3.5/17d86b4a21b9146e3e3b4bd8f9bccf0d7a7e2fbe/grails-plugin-codecs-3.3.5.jar
7fc3d6d13000-7fc3d6d18000 r--s 00041000 08:05 13112376                   /home/andre/.gradle/caches/modules-2/files-2.1/commons-lang/commons-lang/2.6/ce1edb914c94ebc388f086c6827e8bdeec71ac2/commons-lang-2.6.jar
7fc3d6d18000-7fc3d6d1a000 r--s 0000b000 08:05 13112375                   /home/andre/.gradle/caches/modules-2/files-2.1/org.grails/grails-web-gsp-taglib/3.3.1/28e0c0776c9f5c6109b79a89860161db3369fe81/grails-web-gsp-taglib-3.3.1.jar
7fc3d6d1a000-7fc3d6d1d000 r--s 00010000 08:05 13112239                   /home/andre/.gradle/caches/modules-2/files-2.1/org.hibernate.common/hibernate-commons-annotations/5.0.1.Final/71e1cff3fcb20d3b3af4f3363c3ddb24d33c6879/hibernate-commons-annotations-5.0.1.Final.jar
7fc3d6d1d000-7fc3d6d22000 r--s 00048000 08:05 46926246                   /home/andre/.m2/repository/dom4j/dom4j/1.6.1/dom4j-1.6.1.jar
7fc3d6d22000-7fc3d6d24000 r--s 0000e000 08:05 13112374                   /home/andre/.gradle/caches/modules-2/files-2.1/com.fasterxml/classmate/1.3.4/3d5f48f10bbe4eb7bd862f10c0583be2e0053c6/classmate-1.3.4.jar
7fc3d6d24000-7fc3d6d27000 r--s 0002b000 08:05 13112237                   /home/andre/.gradle/caches/modules-2/files-2.1/org.jboss/jandex/2.0.3.Final/bfc4d6257dbff7a33a357f0de116be6ff951d849/jandex-2.0.3.Final.jar
7fc3d6d27000-7fc3d6d28000 r--s 00003000 08:05 13112236                   /home/andre/.gradle/caches/modules-2/files-2.1/org.apache.geronimo.specs/geronimo-jta_1.1_spec/1.1.1/aabab3165b8ea936b9360abbf448459c0d04a5a4/geronimo-jta_1.1_spec-1.1.1.jar
7fc3d6d28000-7fc3d6d2d000 r--s 00068000 08:05 47055497                   /home/andre/.m2/repository/antlr/antlr/2.7.7/antlr-2.7.7.jar
7fc3d6d2d000-7fc3d6d2f000 r--s 0000f000 08:05 13112373                   /home/andre/.gradle/caches/modules-2/files-2.1/org.jboss.logging/jboss-logging/3.3.2.Final/3789d00e859632e6c6206adc0c71625559e6e3b0/jboss-logging-3.3.2.Final.jar
7fc3d6d2f000-7fc3d6d39000 r--s 0006b000 08:05 13112372                   /home/andre/.gradle/caches/modules-2/files-2.1/org.springframework/spring-orm/4.3.16.RELEASE/9cbd490a3839d5f3d91731bf15593383ca0544f5/spring-orm-4.3.16.RELEASE.jar
7fc3d6d39000-7fc3d6d3d000 r--s 00039000 08:05 13112233                   /home/andre/.gradle/caches/modules-2/files-2.1/org.grails/grails-datastore-gorm-hibernate5/6.1.9.RELEASE/274a7467d54e74a7420eb667fed35ab034a3328c/grails-datastore-gorm-hibernate5-6.1.9.RELEASE.jar
7fc3d6d3d000-7fc3d6d40000 r--s 00012000 08:05 13112149                   /home/andre/.gradle/caches/modules-2/files-2.1/org.grails/grails-datastore-gorm-support/6.1.9.RELEASE/fc05459427731c62210c061610346a45ea8dd1df/grails-datastore-gorm-support-6.1.9.RELEASE.jar
7fc3d6d40000-7fc3d6d41000 r--s 00002000 08:05 13112232                   /home/andre/.gradle/caches/modules-2/files-2.1/org.grails/grails-datastore-web/6.1.9.RELEASE/3c33ef78b5d5787896ac305bc153354b3ffb5dab/grails-datastore-web-6.1.9.RELEASE.jar
7fc3d6d41000-7fc3d6d43000 r--s 00003000 08:05 13112371                   /home/andre/.gradle/caches/modules-2/files-2.1/org.grails/grails-events-compat/3.3.2/1250482ac83841a19c75b150777a2d2c28592d33/grails-events-compat-3.3.2.jar
7fc3d6d43000-7fc3d6d45000 r--s 0000b000 08:05 13112369                   /home/andre/.gradle/caches/modules-2/files-2.1/org.grails/grails-events/3.3.2/a4c70fc8c391d8060d715ea68bfe4ff87761fd02/grails-events-3.3.2.jar
7fc3d6d45000-7fc3d6d47000 r--s 0001f000 08:05 13112368                   /home/andre/.gradle/caches/modules-2/files-2.1/org.grails.plugins/fields/2.2.5/cdad4a9faa86560d4ff2c0bda6f2e981bdc2ce2d/fields-2.2.5.jar
7fc3d6d47000-7fc3d6d4a000 r--s 0000e000 08:05 13112367                   /home/andre/.gradle/caches/modules-2/files-2.1/org.grails/grails-async/3.3.2/df2d4d6d96161b1105298a951c6fff31dd52e1e9/grails-async-3.3.2.jar
7fc3d6d4a000-7fc3d6d54000 r--s 000aa000 08:05 13112155                   /home/andre/.gradle/caches/modules-2/files-2.1/org.javassist/javassist/3.21.0-GA/598244f595db5c5fb713731eddbb1c91a58d959b/javassist-3.21.0-GA.jar
7fc3d6d54000-7fc3d6d57000 r--s 00016000 08:05 13112146                   /home/andre/.gradle/caches/modules-2/files-2.1/org.grails/grails-validation/3.3.5/d98e5f0fe2b7df929f68fa336332ac8b6f03834c/grails-validation-3.3.5.jar
7fc3d6d57000-7fc3d6d5b000 r--s 0001e000 08:05 13112366                   /home/andre/.gradle/caches/modules-2/files-2.1/org.grails.plugins/converters/3.3.1/afc1ea5fa7d7d52e83017856fa5a651d38145048/converters-3.3.1.jar
7fc3d6d5b000-7fc3d6d5d000 r--s 00005000 08:05 13112145                   /home/andre/.gradle/caches/modules-2/files-2.1/org.grails/grails-plugin-datasource/3.3.5/ce6dfd15744d82206480a2b0e3d2f4d071669e56/grails-plugin-datasource-3.3.5.jar
7fc3d6d5d000-7fc3d6d60000 r--s 00019000 08:05 13112365                   /home/andre/.gradle/caches/modules-2/files-2.1/org.grails/grails-plugin-controllers/3.3.5/654e1420497c21506596f63655901174df47c6de/grails-plugin-controllers-3.3.5.jar
7fc3d6d60000-7fc3d6d64000 r--s 00028000 08:05 13112363                   /home/andre/.gradle/caches/modules-2/files-2.1/org.grails/grails-web-common/3.3.5/148d0719ca6a20897ad1ad57951af3b62fbf252/grails-web-common-3.3.5.jar
7fc3d6d64000-7fc3d6d69000 r--s 0003a000 08:05 13112362                   /home/andre/.gradle/caches/modules-2/files-2.1/org.apache.tomcat.embed/tomcat-embed-websocket/8.5.29/37786f4ca8a1597a91a0f437e659a76d1fcc5bf1/tomcat-embed-websocket-8.5.29.jar
7fc3d6d69000-7fc3d6d93000 r--s 002cc000 08:05 13112360                   /home/andre/.gradle/caches/modules-2/files-2.1/org.apache.tomcat.embed/tomcat-embed-core/8.5.29/51eac5adde4bc019261b787cb99e5548206908e6/tomcat-embed-core-8.5.29.jar
7fc3d6d93000-7fc3d6da3000 r--s 00079000 08:05 13112359                   /home/andre/.gradle/caches/modules-2/files-2.1/org.springframework.boot/spring-boot-actuator/1.5.12.RELEASE/991a88f9cf6ec8009a8698afd557c8d8bf61beaa/spring-boot-actuator-1.5.12.RELEASE.jar
7fc3d6da3000-7fc3d6db1000 r--s 00081000 08:05 13112143                   /home/andre/.gradle/caches/modules-2/files-2.1/org.grails/grails-datastore-core/6.1.9.RELEASE/9e23bf7bd0bdbcb1f3077cef552f4b86dfa7a015/grails-datastore-core-6.1.9.RELEASE.jar
7fc3d6db1000-7fc3d6dca000 r--s 000fe000 08:05 13112141                   /home/andre/.gradle/caches/modules-2/files-2.1/org.springframework/spring-context/4.3.16.RELEASE/b56bbfb12b8c388443589fc5d4f2f0f1774dc44d/spring-context-4.3.16.RELEASE.jar
7fc3d6dca000-7fc3d6e17000 r--s 0042b000 08:05 13112006                   /home/andre/.gradle/caches/modules-2/files-2.1/org.codehaus.groovy/groovy/2.4.15/74b7e0b99526c569e3a59cb84dbcc6204d601ee6/groovy-2.4.15.jar
7fc3d6e17000-7fc3d6e1a000 ---p 00000000 00:00 0 
7fc3d6e1a000-7fc3d6f18000 rw-p 00000000 00:00 0 
7fc3d6f18000-7fc3d71f2000 r--p 00000000 08:05 8915090                    /usr/lib/locale/locale-archive
7fc3d71f2000-7fc3d71f5000 ---p 00000000 00:00 0 
7fc3d71f5000-7fc3d72f3000 rw-p 00000000 00:00 0 
7fc3d72f3000-7fc3d72f6000 ---p 00000000 00:00 0 
7fc3d72f6000-7fc3d73f4000 rw-p 00000000 00:00 0 
7fc3d73f4000-7fc3d73f5000 ---p 00000000 00:00 0 
7fc3d73f5000-7fc3d8000000 rw-p 00000000 00:00 0 
7fc3d8000000-7fc3d8040000 rw-p 00000000 00:00 0 
7fc3d8040000-7fc3dc000000 ---p 00000000 00:00 0 
7fc3dc000000-7fc3dc027000 rw-p 00000000 00:00 0 
7fc3dc027000-7fc3e0000000 ---p 00000000 00:00 0 
7fc3e0000000-7fc3e0021000 rw-p 00000000 00:00 0 
7fc3e0021000-7fc3e4000000 ---p 00000000 00:00 0 
7fc3e4000000-7fc3e4001000 r--s 00007000 08:05 13112370                   /home/andre/.gradle/caches/modules-2/files-2.1/org.grails/grails-events-transform/3.3.2/645c93ccb03ea27a23d6ac25265b01e5a63b9525/grails-events-transform-3.3.2.jar
7fc3e4001000-7fc3e4005000 r--s 00037000 08:05 13112361                   /home/andre/.gradle/caches/modules-2/files-2.1/org.apache.tomcat.embed/tomcat-embed-el/8.5.29/893fb2c87ec1aa248a7911d76c0c06b3fca6bc9b/tomcat-embed-el-8.5.29.jar
7fc3e4005000-7fc3e4009000 r--s 00040000 08:05 13112144                   /home/andre/.gradle/caches/modules-2/files-2.1/xalan/serializer/2.7.2/24247f3bb052ee068971393bdb83e04512bb1c3c/serializer-2.7.2.jar
7fc3e4009000-7fc3e4017000 r--s 000ad000 08:05 13112140                   /home/andre/.gradle/caches/modules-2/files-2.1/org.springframework/spring-beans/4.3.16.RELEASE/2a0cb663069001e0b210d509f7b1904888557e63/spring-beans-4.3.16.RELEASE.jar
7fc3e4017000-7fc3e401f000 r--s 0003a000 08:05 13112139                   /home/andre/.gradle/caches/modules-2/files-2.1/org.springframework/spring-tx/4.3.16.RELEASE/459e1741827ea59775c4e322d5964714065bed42/spring-tx-4.3.16.RELEASE.jar
7fc3e401f000-7fc3e4036000 r--s 000fe000 08:05 13112036                   /home/andre/.gradle/caches/modules-2/files-2.1/org.springframework/spring-core/4.3.16.RELEASE/fe3f4186562c0dfa70a09510f886cc11a483ddde/spring-core-4.3.16.RELEASE.jar
7fc3e4036000-7fc3e40a2000 r--s 0050a000 08:05 13112350                   /home/andre/.gradle/caches/modules-2/files-2.1/org.hibernate/hibernate-core/5.1.5.Final/28366d161d448e82370e5bbd871eb2835ba0fb7b/hibernate-core-5.1.5.Final.jar
7fc3e40a2000-7fc3e44a6000 rw-p 00000000 00:00 0 
7fc3e44a6000-7fc3e4680000 r--s 03d68000 08:05 1312278                    /home/andre/jdk1.8.0_171/jre/lib/rt.jar
7fc3e4680000-7fc3e5000000 rw-p 00000000 00:00 0 
7fc3e5000000-7fc3e6130000 rwxp 00000000 00:00 0 
7fc3e6130000-7fc3f4000000 ---p 00000000 00:00 0 
7fc3f4000000-7fc3f5881000 rw-p 00000000 00:00 0 
7fc3f5881000-7fc3f8000000 ---p 00000000 00:00 0 
7fc3f8000000-7fc3f8001000 r--s 00005000 08:05 13112364                   /home/andre/.gradle/caches/modules-2/files-2.1/org.grails/grails-web/3.3.5/db0eb1e480accfe0cc1205a51aba0baad1f39588/grails-web-3.3.5.jar
7fc3f8001000-7fc3f8002000 r--s 00000000 08:05 13112358                   /home/andre/.gradle/caches/modules-2/files-2.1/org.springframework.boot/spring-boot-starter/1.5.12.RELEASE/e4f0748fa765a0416638920058289f6db6ee0e36/spring-boot-starter-1.5.12.RELEASE.jar
7fc3f8002000-7fc3f8003000 r--s 00009000 08:05 13112142                   /home/andre/.gradle/caches/modules-2/files-2.1/org.grails/grails-spring/3.3.5/e02606d3c5442b947ea0b154e9355fca11f804ed/grails-spring-3.3.5.jar
7fc3f8003000-7fc3f8007000 r--s 0003a000 08:05 13112011                   /home/andre/.gradle/caches/modules-2/files-2.1/org.grails/grails-bootstrap/3.3.5/ec64a0726351ee07d688a347e5f6e6b7bf0bf1f4/grails-bootstrap-3.3.5.jar
7fc3f8007000-7fc3f800b000 r--s 00019000 08:05 13112138                   /home/andre/.gradle/caches/modules-2/files-2.1/com.googlecode.concurrentlinkedhashmap/concurrentlinkedhashmap-lru/1.4.2/2eaf3d3c9746d526ff7e5b93931d482c3887e6ac/concurrentlinkedhashmap-lru-1.4.2.jar
7fc3f800b000-7fc3f8010000 r--s 00017000 08:05 13112137                   /home/andre/.gradle/caches/modules-2/files-2.1/org.hibernate.javax.persistence/hibernate-jpa-2.1-api/1.0.0.Final/5e731d961297e5a07290bfaf3db1fbc8bbbf405a/hibernate-jpa-2.1-api-1.0.0.Final.jar
7fc3f8010000-7fc3f8012000 r--s 00009000 08:05 13112007                   /home/andre/.gradle/caches/modules-2/files-2.1/org.slf4j/slf4j-api/1.7.25/da76ca59f6a57ee3102f8f9bd9cee742973efa8a/slf4j-api-1.7.25.jar
7fc3f8012000-7fc3f8022000 r--s 00096000 08:05 13112136                   /home/andre/.gradle/caches/modules-2/files-2.1/org.springframework.boot/spring-boot/1.5.12.RELEASE/bc41c1da2bbb4eaebfc5b464b0a993ca8ef83156/spring-boot-1.5.12.RELEASE.jar
7fc3f8022000-7fc3f8024000 r--s 00004000 08:05 13112135                   /home/andre/.gradle/caches/modules-2/files-2.1/org.slf4j/log4j-over-slf4j/1.7.25/a87bb47468f47ee7aabbd54f93e133d4215769c3/log4j-over-slf4j-1.7.25.jar
7fc3f8024000-7fc3f8026000 r--s 00000000 08:05 13112134                   /home/andre/.gradle/caches/modules-2/files-2.1/org.slf4j/jul-to-slf4j/1.7.25/af5364cd6679bfffb114f0dec8a157aaa283b76/jul-to-slf4j-1.7.25.jar
7fc3f8026000-7fc3f8028000 r--s 00003000 08:05 13112008                   /home/andre/.gradle/caches/modules-2/files-2.1/org.slf4j/jcl-over-slf4j/1.7.25/f8c32b13ff142a513eeb5b6330b1588dcb2c0461/jcl-over-slf4j-1.7.25.jar
7fc3f8028000-7fc3f802f000 r--s 00045000 08:05 13112133                   /home/andre/.gradle/caches/modules-2/files-2.1/ch.qos.logback/logback-classic/1.1.11/ccedfbacef4a6515d2983e3f89ed753d5d4fb665/logback-classic-1.1.11.jar
7fc3f802f000-7fc3f8031000 r--s 0001e000 08:05 13112355                   /home/andre/.gradle/caches/modules-2/files-2.1/com.bertramlabs.plugins/asset-pipeline-grails/2.14.8/b7a8bc6c1a6d7c499cd1a001d6d886365062b9e7/asset-pipeline-grails-2.14.8.jar
7fc3f8031000-7fc3f8034000 r--s 00022000 08:05 13112354                   /home/andre/.gradle/caches/modules-2/files-2.1/org.apache.tomcat/tomcat-jdbc/8.5.29/5fc2bee83633735b31831b7fffa13040100b5eae/tomcat-jdbc-8.5.29.jar
7fc3f8034000-7fc3f8044000 r--s 001c7000 08:05 13112353                   /home/andre/.gradle/caches/modules-2/files-2.1/com.h2database/h2/1.4.197/bb391050048ca8ae3e32451b5a3714ecd3596a46/h2-1.4.197.jar
7fc3f8044000-7fc3f8047000 r--s 00018000 08:05 13112352                   /home/andre/.gradle/caches/modules-2/files-2.1/org.glassfish.web/el-impl/2.1.2-b03/6bab1211b6e6b191fdbf06067bd05d2f75a62ac0/el-impl-2.1.2-b03.jar
7fc3f8047000-7fc3f804d000 r--s 00075000 08:05 13112335                   /home/andre/.gradle/caches/modules-2/files-2.1/postgresql/postgresql/9.0-801.jdbc3/635d2f94ef80d9818750e2b05de71f9604b2ca70/postgresql-9.0-801.jdbc3.jar
7fc3f804d000-7fc3f8052000 r--s 0004b000 08:05 13112351                   /home/andre/.gradle/caches/modules-2/files-2.1/org.grails.plugins/gsp/3.3.1/7b40598abe73d8535b2dd4503467d5c0c415b7b5/gsp-3.3.1.jar
7fc3f8052000-7fc3f8053000 r--s 00006000 08:05 13112229                   /home/andre/.gradle/caches/modules-2/files-2.1/org.grails.plugins/hibernate5/6.1.9/3ad17a7ecdc78dd76624439ded9fb92c675dbc38/hibernate5-6.1.9.jar
7fc3f8053000-7fc3f8054000 r--s 00001000 08:05 13112349                   /home/andre/.gradle/caches/modules-2/files-2.1/org.grails.plugins/events/3.3.2/c43aed0886464bc62b8ef2c4963ea1bedeb19e6/events-3.3.2.jar
7fc3f8054000-7fc3f8056000 r--s 00006000 08:05 13112348                   /home/andre/.gradle/caches/modules-2/files-2.1/org.grails.plugins/scaffolding/3.4.1/3794a2154aa473fd2281e1e36de398815a63e740/scaffolding-3.4.1.jar
7fc3f8056000-7fc3f8059000 r--s 0000c000 08:05 13112347                   /home/andre/.gradle/caches/modules-2/files-2.1/org.grails.plugins/async/3.3.2/849be6dcabfba176078915404451c4b4479c6d49/async-3.3.2.jar
7fc3f8059000-7fc3f805b000 r--s 00011000 08:05 13112346                   /home/andre/.gradle/caches/modules-2/files-2.1/org.grails.plugins/cache/4.0.0/72be24e2f8b3e5407048f5cc5186dcd32e8de841/cache-4.0.0.jar
7fc3f805b000-7fc3f805c000 r--s 00008000 08:05 13112345                   /home/andre/.gradle/caches/modules-2/files-2.1/org.grails/grails-plugin-interceptors/3.3.5/418b6584c2c9ab486ddf8820da7ae2c1efed2cfb/grails-plugin-interceptors-3.3.5.jar
7fc3f805c000-7fc3f806a000 r--s 000b0000 08:05 13112129                   /home/andre/.gradle/caches/modules-2/files-2.1/org.grails/grails-core/3.3.5/8044ecc48da9a8427953ffb1b7fe0a169b5b75eb/grails-core-3.3.5.jar
7fc3f806a000-7fc3f808a000 r--s 000e6000 08:05 13112128                   /home/andre/.gradle/caches/modules-2/files-2.1/org.springframework.boot/spring-boot-autoconfigure/1.5.12.RELEASE/932ab2609793ebc00576cbae77085bb83e5c9008/spring-boot-autoconfigure-1.5.12.RELEASE.jar
7fc3f808a000-7fc3f98d9000 rw-p 00000000 00:00 0 
7fc3f98d9000-7fc3f98da000 ---p 00000000 00:00 0 
7fc3f98da000-7fc3f99da000 rw-p 00000000 00:00 0 
7fc3f99da000-7fc3f99db000 ---p 00000000 00:00 0 
7fc3f99db000-7fc3f9adb000 rw-p 00000000 00:00 0 
7fc3f9adb000-7fc3f9adc000 ---p 00000000 00:00 0 
7fc3f9adc000-7fc3f9bdc000 rw-p 00000000 00:00 0 
7fc3f9bdc000-7fc3f9bdd000 ---p 00000000 00:00 0 
7fc3f9bdd000-7fc3f9fa3000 rw-p 00000000 00:00 0 
7fc3f9fa3000-7fc3fa31e000 ---p 00000000 00:00 0 
7fc3fa31e000-7fc3fa339000 r-xp 00000000 08:05 1441892                    /home/andre/jdk1.8.0_171/jre/lib/amd64/libzip.so
7fc3fa339000-7fc3fa539000 ---p 0001b000 08:05 1441892                    /home/andre/jdk1.8.0_171/jre/lib/amd64/libzip.so
7fc3fa539000-7fc3fa53a000 rw-p 0001b000 08:05 1441892                    /home/andre/jdk1.8.0_171/jre/lib/amd64/libzip.so
7fc3fa53a000-7fc3fa545000 r-xp 00000000 08:05 15466697                   /lib/x86_64-linux-gnu/libnss_files-2.23.so
7fc3fa545000-7fc3fa744000 ---p 0000b000 08:05 15466697                   /lib/x86_64-linux-gnu/libnss_files-2.23.so
7fc3fa744000-7fc3fa745000 r--p 0000a000 08:05 15466697                   /lib/x86_64-linux-gnu/libnss_files-2.23.so
7fc3fa745000-7fc3fa746000 rw-p 0000b000 08:05 15466697                   /lib/x86_64-linux-gnu/libnss_files-2.23.so
7fc3fa746000-7fc3fa74c000 rw-p 00000000 00:00 0 
7fc3fa74c000-7fc3fa757000 r-xp 00000000 08:05 15466701                   /lib/x86_64-linux-gnu/libnss_nis-2.23.so
7fc3fa757000-7fc3fa956000 ---p 0000b000 08:05 15466701                   /lib/x86_64-linux-gnu/libnss_nis-2.23.so
7fc3fa956000-7fc3fa957000 r--p 0000a000 08:05 15466701                   /lib/x86_64-linux-gnu/libnss_nis-2.23.so
7fc3fa957000-7fc3fa958000 rw-p 0000b000 08:05 15466701                   /lib/x86_64-linux-gnu/libnss_nis-2.23.so
7fc3fa958000-7fc3fa96e000 r-xp 00000000 08:05 15466673                   /lib/x86_64-linux-gnu/libnsl-2.23.so
7fc3fa96e000-7fc3fab6d000 ---p 00016000 08:05 15466673                   /lib/x86_64-linux-gnu/libnsl-2.23.so
7fc3fab6d000-7fc3fab6e000 r--p 00015000 08:05 15466673                   /lib/x86_64-linux-gnu/libnsl-2.23.so
7fc3fab6e000-7fc3fab6f000 rw-p 00016000 08:05 15466673                   /lib/x86_64-linux-gnu/libnsl-2.23.so
7fc3fab6f000-7fc3fab71000 rw-p 00000000 00:00 0 
7fc3fab71000-7fc3fab79000 r-xp 00000000 08:05 15466692                   /lib/x86_64-linux-gnu/libnss_compat-2.23.so
7fc3fab79000-7fc3fad78000 ---p 00008000 08:05 15466692                   /lib/x86_64-linux-gnu/libnss_compat-2.23.so
7fc3fad78000-7fc3fad79000 r--p 00007000 08:05 15466692                   /lib/x86_64-linux-gnu/libnss_compat-2.23.so
7fc3fad79000-7fc3fad7a000 rw-p 00008000 08:05 15466692                   /lib/x86_64-linux-gnu/libnss_compat-2.23.so
7fc3fad7a000-7fc3fad84000 r-xp 00000000 08:05 1441901                    /home/andre/jdk1.8.0_171/jre/lib/amd64/libinstrument.so
7fc3fad84000-7fc3faf83000 ---p 0000a000 08:05 1441901                    /home/andre/jdk1.8.0_171/jre/lib/amd64/libinstrument.so
7fc3faf83000-7fc3faf84000 rw-p 00009000 08:05 1441901                    /home/andre/jdk1.8.0_171/jre/lib/amd64/libinstrument.so
7fc3faf84000-7fc3fafaf000 r-xp 00000000 08:05 1441886                    /home/andre/jdk1.8.0_171/jre/lib/amd64/libjava.so
7fc3fafaf000-7fc3fb1ae000 ---p 0002b000 08:05 1441886                    /home/andre/jdk1.8.0_171/jre/lib/amd64/libjava.so
7fc3fb1ae000-7fc3fb1b0000 rw-p 0002a000 08:05 1441886                    /home/andre/jdk1.8.0_171/jre/lib/amd64/libjava.so
7fc3fb1b0000-7fc3fb1bd000 r-xp 00000000 08:05 1441891                    /home/andre/jdk1.8.0_171/jre/lib/amd64/libverify.so
7fc3fb1bd000-7fc3fb3bd000 ---p 0000d000 08:05 1441891                    /home/andre/jdk1.8.0_171/jre/lib/amd64/libverify.so
7fc3fb3bd000-7fc3fb3bf000 rw-p 0000d000 08:05 1441891                    /home/andre/jdk1.8.0_171/jre/lib/amd64/libverify.so
7fc3fb3bf000-7fc3fb3c6000 r-xp 00000000 08:05 15466702                   /lib/x86_64-linux-gnu/librt-2.23.so
7fc3fb3c6000-7fc3fb5c5000 ---p 00007000 08:05 15466702                   /lib/x86_64-linux-gnu/librt-2.23.so
7fc3fb5c5000-7fc3fb5c6000 r--p 00006000 08:05 15466702                   /lib/x86_64-linux-gnu/librt-2.23.so
7fc3fb5c6000-7fc3fb5c7000 rw-p 00007000 08:05 15466702                   /lib/x86_64-linux-gnu/librt-2.23.so
7fc3fb5c7000-7fc3fb6cf000 r-xp 00000000 08:05 15466671                   /lib/x86_64-linux-gnu/libm-2.23.so
7fc3fb6cf000-7fc3fb8ce000 ---p 00108000 08:05 15466671                   /lib/x86_64-linux-gnu/libm-2.23.so
7fc3fb8ce000-7fc3fb8cf000 r--p 00107000 08:05 15466671                   /lib/x86_64-linux-gnu/libm-2.23.so
7fc3fb8cf000-7fc3fb8d0000 rw-p 00108000 08:05 15466671                   /lib/x86_64-linux-gnu/libm-2.23.so
7fc3fb8d0000-7fc3fc5a9000 r-xp 00000000 08:05 1441868                    /home/andre/jdk1.8.0_171/jre/lib/amd64/server/libjvm.so
7fc3fc5a9000-7fc3fc7a8000 ---p 00cd9000 08:05 1441868                    /home/andre/jdk1.8.0_171/jre/lib/amd64/server/libjvm.so
7fc3fc7a8000-7fc3fc882000 rw-p 00cd8000 08:05 1441868                    /home/andre/jdk1.8.0_171/jre/lib/amd64/server/libjvm.so
7fc3fc882000-7fc3fc8cd000 rw-p 00000000 00:00 0 
7fc3fc8cd000-7fc3fca8d000 r-xp 00000000 08:05 15466679                   /lib/x86_64-linux-gnu/libc-2.23.so
7fc3fca8d000-7fc3fcc8d000 ---p 001c0000 08:05 15466679                   /lib/x86_64-linux-gnu/libc-2.23.so
7fc3fcc8d000-7fc3fcc91000 r--p 001c0000 08:05 15466679                   /lib/x86_64-linux-gnu/libc-2.23.so
7fc3fcc91000-7fc3fcc93000 rw-p 001c4000 08:05 15466679                   /lib/x86_64-linux-gnu/libc-2.23.so
7fc3fcc93000-7fc3fcc97000 rw-p 00000000 00:00 0 
7fc3fcc97000-7fc3fcc9a000 r-xp 00000000 08:05 15466684                   /lib/x86_64-linux-gnu/libdl-2.23.so
7fc3fcc9a000-7fc3fce99000 ---p 00003000 08:05 15466684                   /lib/x86_64-linux-gnu/libdl-2.23.so
7fc3fce99000-7fc3fce9a000 r--p 00002000 08:05 15466684                   /lib/x86_64-linux-gnu/libdl-2.23.so
7fc3fce9a000-7fc3fce9b000 rw-p 00003000 08:05 15466684                   /lib/x86_64-linux-gnu/libdl-2.23.so
7fc3fce9b000-7fc3fceb1000 r-xp 00000000 08:05 1312108                    /home/andre/jdk1.8.0_171/lib/amd64/jli/libjli.so
7fc3fceb1000-7fc3fd0b0000 ---p 00016000 08:05 1312108                    /home/andre/jdk1.8.0_171/lib/amd64/jli/libjli.so
7fc3fd0b0000-7fc3fd0b1000 rw-p 00015000 08:05 1312108                    /home/andre/jdk1.8.0_171/lib/amd64/jli/libjli.so
7fc3fd0b1000-7fc3fd0c9000 r-xp 00000000 08:05 15466678                   /lib/x86_64-linux-gnu/libpthread-2.23.so
7fc3fd0c9000-7fc3fd2c8000 ---p 00018000 08:05 15466678                   /lib/x86_64-linux-gnu/libpthread-2.23.so
7fc3fd2c8000-7fc3fd2c9000 r--p 00017000 08:05 15466678                   /lib/x86_64-linux-gnu/libpthread-2.23.so
7fc3fd2c9000-7fc3fd2ca000 rw-p 00018000 08:05 15466678                   /lib/x86_64-linux-gnu/libpthread-2.23.so
7fc3fd2ca000-7fc3fd2ce000 rw-p 00000000 00:00 0 
7fc3fd2ce000-7fc3fd2f4000 r-xp 00000000 08:05 15466676                   /lib/x86_64-linux-gnu/ld-2.23.so
7fc3fd2f4000-7fc3fd2f6000 r--s 00004000 08:05 13112344                   /home/andre/.gradle/caches/modules-2/files-2.1/org.grails/grails-plugin-url-mappings/3.3.5/5356c136fe22fea698ee60968abc88cf58cf0fbf/grails-plugin-url-mappings-3.3.5.jar
7fc3fd2f6000-7fc3fd2f8000 r--s 00003000 08:05 13112131                   /home/andre/.gradle/caches/modules-2/files-2.1/org.grails/grails-plugin-services/3.3.5/5cbba2e186c8ca351fe30eef52b525fd7c68f4f8/grails-plugin-services-3.3.5.jar
7fc3fd2f8000-7fc3fd2f9000 r--s 00003000 08:05 13112343                   /home/andre/.gradle/caches/modules-2/files-2.1/org.grails/grails-plugin-i18n/3.3.5/5c35bb21615ea91332f9abce3f64a34daec6c182/grails-plugin-i18n-3.3.5.jar
7fc3fd2f9000-7fc3fd2fa000 r--s 00004000 08:05 13112342                   /home/andre/.gradle/caches/modules-2/files-2.1/org.grails/grails-plugin-databinding/3.3.5/91a4ae7fbd038eb5fbee5b3d6f2ae6291c562d34/grails-plugin-databinding-3.3.5.jar
7fc3fd2fa000-7fc3fd2fe000 r--s 00031000 08:05 13112341                   /home/andre/.gradle/caches/modules-2/files-2.1/org.grails/grails-plugin-rest/3.3.5/225fd803f4047cf880ec8c16227f38fa0e53d630/grails-plugin-rest-3.3.5.jar
7fc3fd2fe000-7fc3fd2ff000 r--s 00000000 08:05 13112130                   /home/andre/.gradle/caches/modules-2/files-2.1/org.grails/grails-logging/3.3.5/cd27aad74b27447d2aebe1a85b4fbc89af2d3c3d/grails-logging-3.3.5.jar
7fc3fd2ff000-7fc3fd3d0000 rw-p 00000000 00:00 0 
7fc3fd3d0000-7fc3fd3d3000 ---p 00000000 00:00 0 
7fc3fd3d3000-7fc3fd4d6000 rw-p 00000000 00:00 0 
7fc3fd4d6000-7fc3fd4d7000 r--s 00001000 08:05 13112340                   /home/andre/.gradle/caches/modules-2/files-2.1/org.grails/grails-web-boot/3.3.5/96b9ec5a3904970ecb1dd5d2d783bb54e46339f/grails-web-boot-3.3.5.jar
7fc3fd4d7000-7fc3fd4d8000 r--s 00000000 08:05 13112339                   /home/andre/.gradle/caches/modules-2/files-2.1/org.springframework.boot/spring-boot-starter-tomcat/1.5.12.RELEASE/a4e81f071d2b5a9c9fb5a219b361b683a8eb3d91/spring-boot-starter-tomcat-1.5.12.RELEASE.jar
7fc3fd4d8000-7fc3fd4d9000 r--s 00000000 08:05 13112338                   /home/andre/.gradle/caches/modules-2/files-2.1/org.springframework.boot/spring-boot-starter-actuator/1.5.12.RELEASE/492b2762b659ff66970bda22802d06e1b4ce9f5b/spring-boot-starter-actuator-1.5.12.RELEASE.jar
7fc3fd4d9000-7fc3fd4da000 r--s 00000000 08:05 13112127                   /home/andre/.gradle/caches/modules-2/files-2.1/org.springframework.boot/spring-boot-starter-logging/1.5.12.RELEASE/88b9a16ff87f0a7faec7848e9a5626ffbbac588f/spring-boot-starter-logging-1.5.12.RELEASE.jar
7fc3fd4da000-7fc3fd4e9000 rw-p 00000000 00:00 0 
7fc3fd4e9000-7fc3fd4f1000 rw-s 00000000 08:05 13107484                   /tmp/hsperfdata_andre/26531
7fc3fd4f1000-7fc3fd4f2000 rw-p 00000000 00:00 0 
7fc3fd4f2000-7fc3fd4f3000 r--p 00000000 00:00 0 
7fc3fd4f3000-7fc3fd4f4000 r--p 00025000 08:05 15466676                   /lib/x86_64-linux-gnu/ld-2.23.so
7fc3fd4f4000-7fc3fd4f5000 rw-p 00026000 08:05 15466676                   /lib/x86_64-linux-gnu/ld-2.23.so
7fc3fd4f5000-7fc3fd4f6000 rw-p 00000000 00:00 0 
7ffdf4ac6000-7ffdf4aec000 rw-p 00000000 00:00 0                          [stack]
7ffdf4b61000-7ffdf4b64000 r--p 00000000 00:00 0                          [vvar]
7ffdf4b64000-7ffdf4b66000 r-xp 00000000 00:00 0                          [vdso]
ffffffffff600000-ffffffffff601000 r-xp 00000000 00:00 0                  [vsyscall]

VM Arguments:
jvm_args: -Dendpoints.shutdown.enabled=true -Denv=development -Dfull.stacktrace=false -Dgrails.env=development -Dgrails.full.stacktrace=false -Dinfo.app.grailsVersion=3.3.5 -Dinfo.app.name=test-project -Dinfo.app.version=0.1 -Djdk.reflect.allowGetCallerClass=true -Drun.active=true -Dspring.output.ansi.enabled=always -Dspring.profiles.active -Dspringloaded=inclusions=grails.plugins..*;synchronize=true;allowSplitPackages=true;cacheDir=/home/andre/Projetos/test-project/build/springloaded -Dverbose=false -XX:+TieredCompilation -XX:TieredStopAtLevel=1 -XX:CICompilerCount=3 -javaagent:/home/andre/.gradle/caches/modules-2/files-2.1/org.springframework/springloaded/1.2.8.RELEASE/b60bac05b0451cdc1863bfec617f39aa0dcaaa43/springloaded-1.2.8.RELEASE.jar -Xverify:none -Xms768m -Xmx768m -Dfile.encoding=UTF-8 -Duser.country=BR -Duser.language=pt -Duser.variant 
java_command: test.project.Application
java_class_path (initial): /home/andre/Projetos/test-project/src/main/resources:/home/andre/Projetos/test-project/grails-app/views:/home/andre/Projetos/test-project/grails-app/i18n:/home/andre/Projetos/test-project/grails-app/conf:/home/andre/Projetos/test-project/build/classes/main:/home/andre/Projetos/test-project/build/resources/main:/home/andre/Projetos/test-project/gsp-classes:/home/andre/.gradle/caches/modules-2/files-2.1/org.springframework.boot/spring-boot-starter-logging/1.5.12.RELEASE/88b9a16ff87f0a7faec7848e9a5626ffbbac588f/spring-boot-starter-logging-1.5.12.RELEASE.jar:/home/andre/.gradle/caches/modules-2/files-2.1/org.springframework.boot/spring-boot-autoconfigure/1.5.12.RELEASE/932ab2609793ebc00576cbae77085bb83e5c9008/spring-boot-autoconfigure-1.5.12.RELEASE.jar:/home/andre/.gradle/caches/modules-2/files-2.1/org.grails/grails-core/3.3.5/8044ecc48da9a8427953ffb1b7fe0a169b5b75eb/grails-core-3.3.5.jar:/home/andre/.gradle/caches/modules-2/files-2.1/org.springframework.boot/spring-boot-starter-actuator/1.5.12.RELEASE/492b2762b659ff66970bda22802d06e1b4ce9f5b/spring-boot-starter-actuator-1.5.12.RELEASE.jar:/home/andre/.gradle/caches/modules-2/files-2.1/org.springframework.boot/spring-boot-starter-tomcat/1.5.12.RELEASE/a4e81f071d2b5a9c9fb5a219b361b683a8eb3d91/spring-boot-starter-tomcat-1.5.12.RELEASE.jar:/home/andre/.gradle/caches/modules-2/files-2.1/org.grails/grails-web-boot/3.3.5/96b9ec5a3904970ecb1dd5d2d783bb54e46339f/grails-web-boot-3.3.5.jar:/home/andre/.gradle/caches/modules-2/files-2.1/org.grails/grails-logging/3.3.5/cd27aad74b27447d2aebe1a85b4fbc89af2d3c3d/grails-logging-3.3.5.jar:/home/andre/.gradle/caches/modules-2/files-2.1/org.grails/grails-plugin-rest/3.3.5/225fd803f4047cf880ec8c16227f38fa0e53d630/grails-plugin-rest-3.3.5.jar:/home/andre/.gradle/caches/modules-2/files-2.1/org.grails/grails-plugin-databinding/3.3.5/91a4ae7fbd038eb5fbee5b3d6f2ae6291c562d34/grails-plugin-databinding-3.3.5.jar:/home/andre/.gradle/caches/modules-2/files-2.1/org.grai
Launcher Type: SUN_STANDARD

Environment Variables:
PATH=/home/andre/bin:/home/andre/.local/bin:/usr/local/sbin:/usr/local/bin:/usr/sbin:/usr/bin:/sbin:/bin:/usr/games:/usr/local/games:/snap/bin
LD_LIBRARY_PATH=/home/andre/Downloads/idea-IU-172.4343.14/bin:
SHELL=/bin/bash
DISPLAY=:0

Signal Handlers:
SIGSEGV: [libjvm.so+0xad0890], sa_mask[0]=11111111011111111101111111111110, sa_flags=SA_RESTART|SA_SIGINFO
SIGBUS: [libjvm.so+0xad0890], sa_mask[0]=11111111011111111101111111111110, sa_flags=SA_RESTART|SA_SIGINFO
SIGFPE: [libjvm.so+0x928640], sa_mask[0]=11111111011111111101111111111110, sa_flags=SA_RESTART|SA_SIGINFO
SIGPIPE: [libjvm.so+0x928640], sa_mask[0]=11111111011111111101111111111110, sa_flags=SA_RESTART|SA_SIGINFO
SIGXFSZ: [libjvm.so+0x928640], sa_mask[0]=11111111011111111101111111111110, sa_flags=SA_RESTART|SA_SIGINFO
SIGILL: [libjvm.so+0x928640], sa_mask[0]=11111111011111111101111111111110, sa_flags=SA_RESTART|SA_SIGINFO
SIGUSR1: SIG_DFL, sa_mask[0]=00000000000000000000000000000000, sa_flags=none
SIGUSR2: [libjvm.so+0x929ea0], sa_mask[0]=00100000000000000000000000000000, sa_flags=SA_RESTART|SA_SIGINFO
SIGHUP: [libjvm.so+0x92b2a0], sa_mask[0]=11111111011111111101111111111110, sa_flags=SA_RESTART|SA_SIGINFO
SIGINT: [libjvm.so+0x92b2a0], sa_mask[0]=11111111011111111101111111111110, sa_flags=SA_RESTART|SA_SIGINFO
SIGTERM: [libjvm.so+0x92b2a0], sa_mask[0]=11111111011111111101111111111110, sa_flags=SA_RESTART|SA_SIGINFO
SIGQUIT: [libjvm.so+0x92b2a0], sa_mask[0]=11111111011111111101111111111110, sa_flags=SA_RESTART|SA_SIGINFO


---------------  S Y S T E M  ---------------

OS:DISTRIB_ID=Ubuntu
DISTRIB_RELEASE=16.04
DISTRIB_CODENAME=xenial
DISTRIB_DESCRIPTION="Ubuntu 16.04.3 LTS"

uname:Linux 4.15.0-58-generic #64~16.04.1-Ubuntu SMP Wed Aug 7 14:10:35 UTC 2019 x86_64
libc:glibc 2.23 NPTL 2.23 
rlimit: STACK 8192k, CORE 0k, NPROC 63175, NOFILE 1048576, AS infinity
load average:1,41 1,31 1,06

/proc/meminfo:
MemTotal:       16290836 kB
MemFree:         7441024 kB
MemAvailable:    9923140 kB
Buffers:          220528 kB
Cached:          2750428 kB
SwapCached:            0 kB
Active:          6449444 kB
Inactive:        1942036 kB
Active(anon):    5426628 kB
Inactive(anon):   312788 kB
Active(file):    1022816 kB
Inactive(file):  1629248 kB
Unevictable:         880 kB
Mlocked:             880 kB
SwapTotal:      16642044 kB
SwapFree:       16642044 kB
Dirty:               500 kB
Writeback:             0 kB
AnonPages:       5421444 kB
Mapped:           773248 kB
Shmem:            318896 kB
Slab:             274684 kB
SReclaimable:     169944 kB
SUnreclaim:       104740 kB
KernelStack:       18352 kB
PageTables:        72016 kB
NFS_Unstable:          0 kB
Bounce:                0 kB
WritebackTmp:          0 kB
CommitLimit:    24787460 kB
Committed_AS:   15959260 kB
VmallocTotal:   34359738367 kB
VmallocUsed:           0 kB
VmallocChunk:          0 kB
HardwareCorrupted:     0 kB
AnonHugePages:      8192 kB
ShmemHugePages:        0 kB
ShmemPmdMapped:        0 kB
CmaTotal:              0 kB
CmaFree:               0 kB
HugePages_Total:       0
HugePages_Free:        0
HugePages_Rsvd:        0
HugePages_Surp:        0
Hugepagesize:       2048 kB
DirectMap4k:      291444 kB
DirectMap2M:    11108352 kB
DirectMap1G:     5242880 kB


CPU:total 4 (initial active 4) (2 cores per cpu, 2 threads per core) family 6 model 142 stepping 9, cmov, cx8, fxsr, mmx, sse, sse2, sse3, ssse3, sse4.1, sse4.2, popcnt, avx, avx2, aes, clmul, erms, 3dnowpref, lzcnt, ht, tsc, tscinvbit, bmi1, bmi2, adx

/proc/cpuinfo:
processor	: 0
vendor_id	: GenuineIntel
cpu family	: 6
model		: 142
model name	: Intel(R) Core(TM) i7-7500U CPU @ 2.70GHz
stepping	: 9
microcode	: 0xb4
cpu MHz		: 1372.547
cache size	: 4096 KB
physical id	: 0
siblings	: 4
core id		: 0
cpu cores	: 2
apicid		: 0
initial apicid	: 0
fpu		: yes
fpu_exception	: yes
cpuid level	: 22
wp		: yes
flags		: fpu vme de pse tsc msr pae mce cx8 apic sep mtrr pge mca cmov pat pse36 clflush dts acpi mmx fxsr sse sse2 ss ht tm pbe syscall nx pdpe1gb rdtscp lm constant_tsc art arch_perfmon pebs bts rep_good nopl xtopology nonstop_tsc cpuid aperfmperf tsc_known_freq pni pclmulqdq dtes64 monitor ds_cpl vmx est tm2 ssse3 sdbg fma cx16 xtpr pdcm pcid sse4_1 sse4_2 x2apic movbe popcnt tsc_deadline_timer aes xsave avx f16c rdrand lahf_lm abm 3dnowprefetch cpuid_fault epb invpcid_single pti ssbd ibrs ibpb stibp tpr_shadow vnmi flexpriority ept vpid fsgsbase tsc_adjust bmi1 avx2 smep bmi2 erms invpcid mpx rdseed adx smap clflushopt intel_pt xsaveopt xsavec xgetbv1 xsaves dtherm ida arat pln pts hwp hwp_notify hwp_act_window hwp_epp md_clear flush_l1d
bugs		: cpu_meltdown spectre_v1 spectre_v2 spec_store_bypass l1tf mds swapgs
bogomips	: 5808.00
clflush size	: 64
cache_alignment	: 64
address sizes	: 39 bits physical, 48 bits virtual
power management:

processor	: 1
vendor_id	: GenuineIntel
cpu family	: 6
model		: 142
model name	: Intel(R) Core(TM) i7-7500U CPU @ 2.70GHz
stepping	: 9
microcode	: 0xb4
cpu MHz		: 1774.928
cache size	: 4096 KB
physical id	: 0
siblings	: 4
core id		: 1
cpu cores	: 2
apicid		: 2
initial apicid	: 2
fpu		: yes
fpu_exception	: yes
cpuid level	: 22
wp		: yes
flags		: fpu vme de pse tsc msr pae mce cx8 apic sep mtrr pge mca cmov pat pse36 clflush dts acpi mmx fxsr sse sse2 ss ht tm pbe syscall nx pdpe1gb rdtscp lm constant_tsc art arch_perfmon pebs bts rep_good nopl xtopology nonstop_tsc cpuid aperfmperf tsc_known_freq pni pclmulqdq dtes64 monitor ds_cpl vmx est tm2 ssse3 sdbg fma cx16 xtpr pdcm pcid sse4_1 sse4_2 x2apic movbe popcnt tsc_deadline_timer aes xsave avx f16c rdrand lahf_lm abm 3dnowprefetch cpuid_fault epb invpcid_single pti ssbd ibrs ibpb stibp tpr_shadow vnmi flexpriority ept vpid fsgsbase tsc_adjust bmi1 avx2 smep bmi2 erms invpcid mpx rdseed adx smap clflushopt intel_pt xsaveopt xsavec xgetbv1 xsaves dtherm ida arat pln pts hwp hwp_notify hwp_act_window hwp_epp md_clear flush_l1d
bugs		: cpu_meltdown spectre_v1 spectre_v2 spec_store_bypass l1tf mds swapgs
bogomips	: 5808.00
clflush size	: 64
cache_alignment	: 64
address sizes	: 39 bits physical, 48 bits virtual
power management:

processor	: 2
vendor_id	: GenuineIntel
cpu family	: 6
model		: 142
model name	: Intel(R) Core(TM) i7-7500U CPU @ 2.70GHz
stepping	: 9
microcode	: 0xb4
cpu MHz		: 1338.694
cache size	: 4096 KB
physical id	: 0
siblings	: 4
core id		: 0
cpu cores	: 2
apicid		: 1
initial apicid	: 1
fpu		: yes
fpu_exception	: yes
cpuid level	: 22
wp		: yes
flags		: fpu vme de pse tsc msr pae mce cx8 apic sep mtrr pge mca cmov pat pse36 clflush dts acpi mmx fxsr sse sse2 ss ht tm pbe syscall nx pdpe1gb rdtscp lm constant_tsc art arch_perfmon pebs bts rep_good nopl xtopology nonstop_tsc cpuid aperfmperf tsc_known_freq pni pclmulqdq dtes64 monitor ds_cpl vmx est tm2 ssse3 sdbg fma cx16 xtpr pdcm pcid sse4_1 sse4_2 x2apic movbe popcnt tsc_deadline_timer aes xsave avx f16c rdrand lahf_lm abm 3dnowprefetch cpuid_fault epb invpcid_single pti ssbd ibrs ibpb stibp tpr_shadow vnmi flexpriority ept vpid fsgsbase tsc_adjust bmi1 avx2 smep bmi2 erms invpcid mpx rdseed adx smap clflushopt intel_pt xsaveopt xsavec xgetbv1 xsaves dtherm ida arat pln pts hwp hwp_notify hwp_act_window hwp_epp md_clear flush_l1d
bugs		: cpu_meltdown spectre_v1 spectre_v2 spec_store_bypass l1tf mds swapgs
bogomips	: 5808.00
clflush size	: 64
cache_alignment	: 64
address sizes	: 39 bits physical, 48 bits virtual
power management:

processor	: 3
vendor_id	: GenuineIntel
cpu family	: 6
model		: 142
model name	: Intel(R) Core(TM) i7-7500U CPU @ 2.70GHz
stepping	: 9
microcode	: 0xb4
cpu MHz		: 1317.148
cache size	: 4096 KB
physical id	: 0
siblings	: 4
core id		: 1
cpu cores	: 2
apicid		: 3
initial apicid	: 3
fpu		: yes
fpu_exception	: yes
cpuid level	: 22
wp		: yes
flags		: fpu vme de pse tsc msr pae mce cx8 apic sep mtrr pge mca cmov pat pse36 clflush dts acpi mmx fxsr sse sse2 ss ht tm pbe syscall nx pdpe1gb rdtscp lm constant_tsc art arch_perfmon pebs bts rep_good nopl xtopology nonstop_tsc cpuid aperfmperf tsc_known_freq pni pclmulqdq dtes64 monitor ds_cpl vmx est tm2 ssse3 sdbg fma cx16 xtpr pdcm pcid sse4_1 sse4_2 x2apic movbe popcnt tsc_deadline_timer aes xsave avx f16c rdrand lahf_lm abm 3dnowprefetch cpuid_fault epb invpcid_single pti ssbd ibrs ibpb stibp tpr_shadow vnmi flexpriority ept vpid fsgsbase tsc_adjust bmi1 avx2 smep bmi2 erms invpcid mpx rdseed adx smap clflushopt intel_pt xsaveopt xsavec xgetbv1 xsaves dtherm ida arat pln pts hwp hwp_notify hwp_act_window hwp_epp md_clear flush_l1d
bugs		: cpu_meltdown spectre_v1 spectre_v2 spec_store_bypass l1tf mds swapgs
bogomips	: 5808.00
clflush size	: 64
cache_alignment	: 64
address sizes	: 39 bits physical, 48 bits virtual
power management:



Memory: 4k page, physical 16290836k(7441024k free), swap 16642044k(16642044k free)

vm_info: Java HotSpot(TM) 64-Bit Server VM (25.171-b11) for linux-amd64 JRE (1.8.0_171-b11), built on Mar 28 2018 17:07:08 by "java_re" with gcc 4.3.0 20080428 (Red Hat 4.3.0-8)

time: Thu Sep  5 00:22:44 2019
elapsed time: 535 seconds (0d 0h 8m 55s)

